0.0333333 0.0879325 0.0872763 0.000656258 -0 0 10.4678
0.1 0.0878487 0.0872013 0.000647452 -0 0 10.4658
0.166667 0.0876828 0.0870527 0.000630037 -0 0 10.4612
0.233333 0.0874381 0.0868337 0.000604405 -0 0 10.4542
0.3 0.0871196 0.0865485 0.000571133 -0 0 10.445
0.366667 0.0867337 0.0862027 0.000530971 -0 0 10.4334
0.433333 0.0862881 0.0858033 0.000484827 -0 0 10.4195
0.5 0.0857916 0.0853579 0.000433749 -0 0 10.4034
0.566667 0.0852538 0.0848749 0.000378902 -0 0 10.385
0.633333 0.084685 0.0843635 0.000321543 -0 0 10.3643
0.7 0.0840958 0.0838328 0.000262992 -0 0 10.3415
0.766667 0.0834967 0.0832921 0.00020461 -0 0 10.3164
0.833333 0.0828981 0.0827503 0.000147761 -0 0 10.2891
0.9 0.0823098 0.082216 9.37869e-05 -0 0 10.2596
0.966667 0.0817409 0.0816969 4.39755e-05 -0 0 10.228
1.03333 0.0811992 0.0811996 -4.6855e-07 -0 0 10.1942
1.1 0.0806912 0.0807297 -3.84521e-05 -0 0 10.1583
1.16667 0.0802221 0.0802911 -6.90189e-05 -0 0 10.1203
1.23333 0.0797951 0.0798864 -9.13729e-05 -0 0 10.0802
1.3 0.0794117 0.0795166 -0.000104898 -0 0 10.038
1.36667 0.0790714 0.0791806 -0.000109173 -0 0 9.99368
1.43333 0.078772 0.0788759 -0.000103985 -0 0 9.94735
1.5 0.0785089 0.0785983 -8.93353e-05 -0 0 9.89897
1.56667 0.0782761 0.0783416 -6.54388e-05 -0 0 9.84855
1.63333 0.0780655 0.0780983 -3.27245e-05 -0 0 9.79611
1.7 0.0778676 0.0778594 8.17499e-06 -0 0 9.74166
1.76667 0.0776714 0.077615 5.6437e-05 -0 0 9.68522
1.83333 0.0774648 0.0773537 0.000111067 -0 0 9.62678
1.9 0.0772348 0.0770639 0.000170919 -0 0 9.56638
1.96667 0.0769679 0.0767332 0.000234728 -0 0 9.50403
2.03333 0.0766503 0.0763492 0.000301133 -0 0 9.43975
2.1 0.0762685 0.0758998 0.000368713 -0 0 9.37355
2.16667 0.075809 0.075373 0.000436022 -0 0 9.30548
2.23333 0.0752596 0.074758 0.00050162 -0 0 9.23556
2.3 0.0746089 0.0740447 0.000564112 -0 0 9.16382
2.36667 0.0738467 0.0732245 0.000622179 -0 0 9.09031
2.43333 0.0729648 0.0722902 0.000674609 -0 0 9.01507
2.5 0.0719566 0.0712363 0.000720328 -0 0 8.93816
2.56667 0.0708176 0.0700592 0.00075842 -0 0 8.85963
2.63333 0.0695454 0.0687572 0.000788153 -0 0 8.77954
2.7 0.0681396 0.0673306 0.000808989 -0 0 8.69798
2.76667 0.0666023 0.0657817 0.000820594 -0 0 8.615
2.83333 0.0649377 0.0641148 0.000822843 -0 0 8.5307
2.9 0.0631518 0.062336 0.000815816 -0 0 8.44517
2.96667 0.0612528 0.060453 0.000799792 -0 0 8.35849
3.03333 0.0592505 0.0584753 0.000775234 -0 0 8.27077
3.1 0.0571562 0.0564135 0.000742769 -0 0 8.18212
3.16667 0.0549826 0.0542794 0.000703169 -0 0 8.09264
3.23333 0.052743 0.0520857 0.000657327 -0 0 8.00245
3.3 0.0504518 0.0498456 0.000606223 -0 0 7.91166
3.36667 0.0481235 0.0475726 0.0005509 -0 0 7.82039
3.43333 0.045773 0.0452805 0.000492436 -0 0 7.72877
3.5 0.0434146 0.0429827 0.00043191 -0 0 7.63691
3.56667 0.0410626 0.0406922 0.00037038 -0 0 7.54494
3.63333 0.0387303 0.0384215 0.000308857 -0 0 7.45297
3.7 0.0364305 0.0361822 0.000248282 -0 0 7.36113
3.76667 0.0341748 0.0339852 0.00018951 -0 0 7.26954
3.83333 0.0319735 0.0318402 0.000133295 -0 0 7.1783
3.9 0.0298361 0.0297558 8.02807e-05 -0 0 7.08753
3.96667 0.0277704 0.0277394 3.09945e-05 -0 0 6.99732
4.03333 0.0257832 0.0257974 -1.41557e-05 -0 0 6.90779
4.1 0.0238799 0.0239348 -5.48791e-05 -0 0 6.81902
4.16667 0.0220645 0.0221555 -9.09973e-05 -0 0 6.73111
4.23333 0.02034 0.0204625 -0.000122437 -0 0 6.64412
4.3 0.0187082 0.0188575 -0.000149221 -0 0 6.55814
4.36667 0.0171699 0.0173414 -0.000171457 -0 0 6.47324
4.43333 0.0157249 0.0159142 -0.000189325 -0 0 6.38947
4.5 0.0143721 0.0145752 -0.000203063 -0 0 6.30689
4.56667 0.0131099 0.0133229 -0.00021296 -0 0 6.22554
4.63333 0.0119359 0.0121552 -0.000219336 -0 0 6.14546
4.7 0.0108472 0.0110697 -0.000222536 -0 0 6.06668
4.76667 0.00984052 0.0100634 -0.000222916 -0 0 5.98924
4.83333 0.00891227 0.00913311 -0.000220838 -0 0 5.91315
4.9 0.00805858 0.00827524 -0.000216656 -0 0 5.83842
4.96667 0.00727546 0.00748617 -0.000210712 -0 0 5.76507
5.03333 0.00655879 0.00676212 -0.000203331 -0 0 5.6931
5.1 0.00590445 0.00609926 -0.000194816 -0 0 5.6225
5.16667 0.00530832 0.00549376 -0.000185444 -0 0 5.55329
5.23333 0.00476635 0.00494182 -0.000175466 -0 0 5.48544
5.3 0.00427461 0.00443972 -0.000165107 -0 0 5.41895
5.36667 0.00382927 0.00398383 -0.00015456 -0 0 5.3538
5.43333 0.00342669 0.00357068 -0.000143993 -0 0 5.28997
5.5 0.00306335 0.0031969 -0.000133547 -0 0 5.22746
5.56667 0.00273598 0.00285932 -0.000123341 -0 0 5.16624
5.63333 0.00244144 0.00255491 -0.000113466 -0 0 5.10628
5.7 0.00217683 0.00228082 -0.000103997 -0 0 5.04757
5.76667 0.00193941 0.0020344 -9.49869e-05 -0 0 4.99007
5.83333 0.00172666 0.00181314 -8.6475e-05 -0 0 4.93377
5.9 0.00153625 0.00161473 -7.84847e-05 -0 0 4.87864
5.96667 0.001366 0.00143703 -7.10277e-05 -0 0 4.82466
6.03333 0.00121395 0.00127805 -6.41055e-05 -0 0 4.77179
6.1 0.00107827 0.00113598 -5.77111e-05 -0 0 4.72001
6.16667 0.000957305 0.00100914 -5.18311e-05 -0 0 4.66929
6.23333 0.000849553 0.000896 -4.64467e-05 -0 0 4.61961
6.3 0.000753641 0.000795176 -4.15352e-05 -0 0 4.57094
6.36667 0.000668326 0.000705397 -3.7071e-05 -0 0 4.52326
6.43333 0.000592486 0.000625513 -3.30271e-05 -0 0 4.47653
6.5 0.000525107 0.000554482 -2.93751e-05 -0 0 4.43074
6.56667 0.000465279 0.000491365 -2.60865e-05 -0 0 4.38586
6.63333 0.000412179 0.000435312 -2.3133e-05 -0 0 4.34186
6.7 0.000365073 0.00038556 -2.04871e-05 -0 0 4.29873
6.76667 0.0003233 0.000341422 -1.8122e-05 -0 0 4.25643
6.83333 0.000286269 0.000302281 -1.60125e-05 -0 0 4.21494
6.9 0.000253453 0.000267587 -1.41345e-05 -0 0 4.17425
6.96667 0.00022438 0.000236846 -1.24657e-05 -0 0 4.13433
7.03333 0.00019863 0.000209615 -1.09851e-05 -0 0 4.09517
7.1 0.000175827 0.0001855 -9.67343e-06 -0 0 4.05673
7.16667 0.000155638 0.000164151 -8.51308e-06 -0 0 4.019
7.23333 0.000137767 0.000145255 -7.48783e-06 -0 0 3.98197
7.3 0.000121949 0.000128532 -6.58294e-06 -0 0 3.94561
7.36667 0.00010795 0.000113736 -5.78508e-06 -0 0 3.90991
7.43333 9.55624e-05 0.000100645 -5.08223e-06 -0 0 3.87484
7.5 8.46006e-05 8.90641e-05 -4.46354e-06 -0 0 3.8404
7.56667 7.49011e-05 7.88204e-05 -3.91933e-06 -0 0 3.80657
7.63333 6.63188e-05 6.97597e-05 -3.44091e-06 -0 0 3.77332
7.7 5.87251e-05 6.17456e-05 -3.02055e-06 -0 0 3.74065
7.76667 5.20059e-05 5.46572e-05 -2.65136e-06 -0 0 3.70854
7.83333 4.60604e-05 4.83876e-05 -2.32723e-06 -0 0 3.67698
7.9 4.07992e-05 4.28419e-05 -2.04275e-06 -0 0 3.64595
7.96667 3.61433e-05 3.79364e-05 -1.79313e-06 -0 0 3.61544
8.03333 3.20228e-05 3.35969e-05 -1.57412e-06 -0 0 3.58544
8.1 2.83757e-05 2.97577e-05 -1.38201e-06 -0 0 3.55593
8.16667 2.51474e-05 2.63609e-05 -1.2135e-06 -0 0 3.5269
8.23333 2.22895e-05 2.33551e-05 -1.06569e-06 -0 0 3.49834
8.3 1.97591e-05 2.06951e-05 -9.36039e-07 -0 0 3.47024
8.36667 1.75184e-05 1.83407e-05 -8.22314e-07 -0 0 3.44259
8.43333 1.55341e-05 1.62566e-05 -7.22548e-07 -0 0 3.41538
8.5 1.37764e-05 1.44114e-05 -6.35018e-07 -0 0 3.38859
8.56667 1.22194e-05 1.27776e-05 -5.58214e-07 -0 0 3.36222
8.63333 1.08398e-05 1.13306e-05 -4.9081e-07 -0 0 3.33626
8.7 9.61722e-06 1.00489e-05 -4.31645e-07 -0 0 3.31069
8.76667 8.53366e-06 8.91336e-06 -3.79703e-07 -0 0 3.28552
8.83333 7.57311e-06 7.90721e-06 -3.34091e-07 -0 0 3.26072
8.9 6.72147e-06 7.0155e-06 -2.9403e-07 -0 0 3.23629
8.96667 5.96625e-06 6.22508e-06 -2.58835e-07 -0 0 3.21223
9.03333 5.29641e-06 5.52432e-06 -2.27909e-07 -0 0 3.18853
9.1 4.70219e-06 4.90292e-06 -2.00726e-07 -0 0 3.16517
9.16667 4.17495e-06 4.35178e-06 -1.76829e-07 -0 0 3.14215
9.23333 3.70707e-06 3.86288e-06 -1.55813e-07 -0 0 3.11946
9.3 3.29177e-06 3.4291e-06 -1.37328e-07 -0 0 3.0971
9.36667 2.92308e-06 3.04414e-06 -1.21064e-07 -0 0 3.07506
9.43333 2.59571e-06 2.70246e-06 -1.0675e-07 -0 0 3.05332
9.5 2.30497e-06 2.39912e-06 -9.415e-08 -0 0 3.0319
9.56667 2.04672e-06 2.12977e-06 -8.30556e-08 -0 0 3.01077
9.63333 1.81728e-06 1.89056e-06 -7.32845e-08 -0 0 2.98993
9.7 1.6134e-06 1.67807e-06 -6.46767e-08 -0 0 2.96938
9.76667 1.4322e-06 1.48929e-06 -5.70919e-08 -0 0 2.94911
9.83333 1.27113e-06 1.32154e-06 -5.0407e-08 -0 0 2.92912
9.9 1.12793e-06 1.17244e-06 -4.4514e-08 -0 0 2.9094
9.96667 1.00059e-06 1.03991e-06 -3.93179e-08 -0 0 2.88994
10.0333 8.87337e-07 9.22072e-07 -3.47355e-08 -0 0 2.87073
10.1 7.86597e-07 8.17291e-07 -3.06936e-08 -0 0 2.85178
10.1667 6.96974e-07 7.24102e-07 -2.71278e-08 -0 0 2.83308
10.2333 6.17229e-07 6.4121e-07 -2.39816e-08 -0 0 2.81463
10.3 5.46263e-07 5.67469e-07 -2.12054e-08 -0 0 2.79641
10.3667 4.83103e-07 5.01859e-07 -1.87556e-08 -0 0 2.77843
10.4333 4.26884e-07 4.43478e-07 -1.65937e-08 -0 0 2.76067
10.5 3.7684e-07 3.91526e-07 -1.46859e-08 -0 0 2.74314
10.5667 3.3229e-07 3.45292e-07 -1.30026e-08 -0 0 2.72584
10.6333 2.9263e-07 3.04148e-07 -1.15176e-08 -0 0 2.70875
10.7 2.57327e-07 2.67534e-07 -1.02079e-08 -0 0 2.69187
10.7667 2.25903e-07 2.34956e-07 -9.05308e-09 -0 0 2.6752
10.8333 1.9794e-07 2.05975e-07 -8.0352e-09 -0 0 2.65874
10.9 1.73062e-07 1.802e-07 -7.13837e-09 -0 0 2.64248
10.9667 1.5094e-07 1.57288e-07 -6.34843e-09 -0 0 2.62642
11.0333 1.3128e-07 1.36933e-07 -5.65278e-09 -0 0 2.61055
11.1 1.13824e-07 1.18864e-07 -5.04014e-09 -0 0 2.59487
11.1667 9.8341e-08 1.02841e-07 -4.50036e-09 -0 0 2.57938
11.2333 8.4629e-08 8.86533e-08 -4.02427e-09 -0 0 2.56407
11.3 7.25086e-08 7.61122e-08 -3.60361e-09 -0 0 2.54894
11.3667 6.18211e-08 6.5052e-08 -3.23088e-09 -0 0 2.53399
11.4333 5.24265e-08 5.53258e-08 -2.89935e-09 -0 0 2.51921
11.5 4.42007e-08 4.68037e-08 -2.60298e-09 -0 0 2.50461
11.5667 3.70337e-08 3.93702e-08 -2.33644e-09 -0 0 2.49017
11.6333 3.08273e-08 3.29224e-08 -2.09512e-09 -0 0 2.4759
11.7 2.54926e-08 2.73677e-08 -1.87512e-09 -0 0 2.4618
11.7667 2.09479e-08 2.26211e-08 -1.67324e-09 -0 0 2.44785
11.8333 1.71156e-08 1.86026e-08 -1.48697e-09 -0 0 2.43406
11.9 1.39199e-08 1.52344e-08 -1.31448e-09 -0 0 2.42042
11.9667 1.12849e-08 1.24394e-08 -1.15451e-09 -0 0 2.40694
