0.0333333 6.21965e-06
0.1 1.55477e-05
0.166667 1.92303e-05
0.233333 2.08797e-05
0.3 2.21025e-05
0.366667 2.32706e-05
0.433333 2.44476e-05
0.5 2.56313e-05
0.566667 2.681e-05
0.633333 2.79751e-05
0.7 2.9124e-05
0.766667 3.0261e-05
0.833333 3.1397e-05
0.9 3.25497e-05
0.966667 3.37435e-05
1.03333 3.50091e-05
1.1 3.63833e-05
1.16667 3.7908e-05
1.23333 3.963e-05
1.3 4.15996e-05
1.36667 4.387e-05
1.43333 4.64954e-05
1.5 4.95305e-05
1.56667 5.30289e-05
1.63333 5.70421e-05
1.7 6.16182e-05
1.76667 6.68007e-05
1.83333 7.26275e-05
1.9 7.91302e-05
1.96667 8.63326e-05
2.03333 9.425e-05
2.1 0.000102888
2.16667 0.000112243
2.23333 0.0001223
2.3 0.000133031
2.36667 0.000144397
2.43333 0.000156345
2.5 0.000168812
2.56667 0.000181718
2.63333 0.000194973
2.7 0.000208473
2.76667 0.000222104
2.83333 0.00023574
2.9 0.000249249
2.96667 0.000262488
3.03333 0.000275313
3.1 0.000287576
3.16667 0.000299129
3.23333 0.000309827
3.3 0.000319533
3.36667 0.000328118
3.43333 0.000335466
3.5 0.000341475
3.56667 0.00034606
3.63333 0.000349159
3.7 0.000350728
3.76667 0.000350748
3.83333 0.00034922
3.9 0.000346172
3.96667 0.000341651
4.03333 0.000335727
4.1 0.000328488
4.16667 0.000320039
4.23333 0.0003105
4.3 0.0003
4.36667 0.000288678
4.43333 0.000276677
4.5 0.000264139
4.56667 0.000251209
4.63333 0.000238024
4.7 0.000224717
4.76667 0.000211409
4.83333 0.000198214
4.9 0.000185233
4.96667 0.000172555
5.03333 0.000160257
5.1 0.000148401
5.16667 0.000137039
5.23333 0.000126211
5.3 0.000115944
5.36667 0.000106256
5.43333 9.7156e-05
5.5 8.8644e-05
5.56667 8.07136e-05
5.63333 7.33526e-05
5.7 6.65436e-05
5.76667 6.02657e-05
5.83333 5.44947e-05
5.9 4.92046e-05
5.96667 4.43679e-05
6.03333 3.99565e-05
6.1 3.59419e-05
6.16667 3.22961e-05
6.23333 2.89914e-05
6.3 2.60012e-05
6.36667 2.33001e-05
6.43333 2.08635e-05
6.5 1.86687e-05
6.56667 1.66942e-05
6.63333 1.49198e-05
6.7 1.33269e-05
6.76667 1.18984e-05
6.83333 1.06183e-05
6.9 9.47221e-06
6.96667 8.44677e-06
7.03333 7.5299e-06
7.1 6.71058e-06
7.16667 5.97881e-06
7.23333 5.32557e-06
7.3 4.74266e-06
7.36667 4.22274e-06
7.43333 3.75915e-06
7.5 3.34592e-06
7.56667 2.97769e-06
7.63333 2.64964e-06
7.7 2.35745e-06
7.76667 2.09727e-06
7.83333 1.86562e-06
7.9 1.65941e-06
7.96667 1.47588e-06
8.03333 1.31256e-06
8.1 1.16723e-06
8.16667 1.03793e-06
8.23333 9.22896e-07
8.3 8.20573e-07
8.36667 7.29559e-07
8.43333 6.4861e-07
8.5 5.76617e-07
8.56667 5.12593e-07
8.63333 4.55658e-07
8.7 4.05031e-07
8.76667 3.60013e-07
8.83333 3.19984e-07
8.9 2.84393e-07
8.96667 2.52748e-07
9.03333 2.24612e-07
9.1 1.99597e-07
9.16667 1.77355e-07
9.23333 1.57581e-07
9.3 1.4e-07
9.36667 1.24369e-07
9.43333 1.10471e-07
9.5 9.81138e-08
9.56667 8.71266e-08
9.63333 7.7357e-08
9.7 6.86697e-08
9.76667 6.09445e-08
9.83333 5.40743e-08
9.9 4.79641e-08
9.96667 4.25294e-08
10.0333 3.76949e-08
10.1 3.33939e-08
10.1667 2.95671e-08
10.2333 2.61616e-08
10.3 2.31305e-08
10.3667 2.04321e-08
10.4333 1.80295e-08
10.5 1.58896e-08
10.5667 1.39833e-08
10.6333 1.22845e-08
10.7 1.07703e-08
10.7667 9.42015e-09
10.8333 8.21597e-09
10.9 7.1417e-09
10.9667 6.18309e-09
11.0333 5.32761e-09
11.1 4.56417e-09
11.1667 3.88305e-09
11.2333 3.27573e-09
11.3 2.7348e-09
11.3667 2.25388e-09
11.4333 1.82753e-09
11.5 1.45124e-09
11.5667 1.12133e-09
11.6333 8.35026e-10
11.7 5.90428e-10
11.7667 3.86586e-10
11.8333 2.23592e-10
11.9 1.02732e-10
11.9667 2.67157e-11
