-209.503 2.98692e-05
-204.503 3.07876e-05
-199.503 3.18466e-05
-194.503 3.30803e-05
-189.503 3.45305e-05
-184.503 3.62482e-05
-179.503 3.82958e-05
-174.503 4.07494e-05
-169.503 4.37018e-05
-164.503 4.72662e-05
-159.503 5.15807e-05
-154.503 5.68137e-05
-149.503 6.31703e-05
-144.503 7.08996e-05
-139.503 8.0303e-05
-134.503 9.17423e-05
-129.503 0.000105647
-124.503 0.00012252
-119.503 0.000142934
-114.503 0.000167519
-109.503 0.000196935
-104.503 0.000231821
-99.503 0.000272724
-94.503 0.000320015
-89.503 0.000373849
-84.503 0.000434258
-79.503 0.000501594
-74.503 0.000577699
-69.503 0.00066982
-64.503 0.000800909
-59.503 0.00100207
-54.503 0.0013161
-49.503 0.00178891
-44.503 0.00246919
-39.503 0.00359158
-34.503 0.00595464
-29.503 0.0121089
-26.903 0.0202452
-26.703 0.0211993
-26.503 0.022224
-26.303 0.0233263
-26.103 0.0245143
-25.903 0.0257972
-25.703 0.027185
-25.503 0.0286893
-25.303 0.0303234
-25.103 0.032102
-24.903 0.0340421
-24.703 0.0361628
-24.503 0.038486
-24.303 0.0410362
-24.103 0.0438414
-23.903 0.0469328
-23.703 0.0503452
-23.503 0.0541168
-23.303 0.058289
-23.103 0.062905
-22.903 0.0680079
-22.703 0.0736369
-22.503 0.0798214
-22.303 0.0865722
-22.103 0.093867
-21.903 0.101632
-21.703 0.109718
-21.503 0.117871
-21.303 0.12571
-21.103 0.132717
-20.903 0.138261
-20.703 0.141674
-20.503 0.142374
-20.303 0.140017
-20.103 0.134615
-19.903 0.126558
-19.703 0.116531
-19.503 0.105346
-19.103 0.082471
-18.903 0.0718451
-18.703 0.0621569
-18.503 0.0535116
-18.303 0.0459137
-18.103 0.0393064
-17.903 0.0336006
-17.703 0.0286953
-17.503 0.024489
-17.303 0.0208868
-17.103 0.0178031
-16.903 0.0151628
-16.703 0.0129009
-16.503 0.0109618
-16.303 0.00929815
-16.103 0.00787
-15.903 0.00664342
-15.703 0.00558973
-15.503 0.00468468
-15.303 0.00390769
-15.103 0.00324128
-14.903 0.0026706
-14.703 0.00218293
-14.503 0.00176742
-14.303 0.00141476
-14.103 0.00111691
-13.903 0.000866956
-13.703 0.00065892
-13.503 0.000487609
-13.303 0.000348511
-13.103 0.000237695
-12.903 0.000151729
-12.703 8.761e-05
-12.503 4.27045e-05
-12.303 1.47006e-05
-12.103 1.56316e-06
