-209.503 -1.9456e-06
-204.503 -3.04716e-07
-199.503 1.58628e-06
-194.503 3.76671e-06
-189.503 6.28378e-06
-184.503 9.19445e-06
-179.503 1.25679e-05
-174.503 1.64888e-05
-169.503 2.10608e-05
-164.503 2.6412e-05
-159.503 3.27003e-05
-154.503 4.01215e-05
-149.503 4.89183e-05
-144.503 5.93907e-05
-139.503 7.19093e-05
-134.503 8.69285e-05
-129.503 0.000105002
-124.503 0.000126793
-119.503 0.000153087
-114.503 0.000184785
-109.503 0.000222888
-104.503 0.00026846
-99.503 0.000322564
-94.503 0.000386199
-89.503 0.000460296
-84.503 0.000545922
-79.503 0.000645014
-74.503 0.000762306
-69.503 0.000911699
-64.503 0.0011335
-59.503 0.00149192
-54.503 0.00209669
-49.503 0.00312838
-44.503 0.00495107
-39.503 0.00904131
-36.903 0.0138307
-36.703 0.0143503
-36.503 0.0148995
-36.303 0.0154804
-36.103 0.0160952
-35.903 0.0167466
-35.703 0.0174373
-35.503 0.0181701
-35.303 0.0189484
-35.103 0.0197756
-34.903 0.0206556
-34.703 0.0215923
-34.503 0.0225904
-34.303 0.0236545
-34.103 0.0247899
-33.903 0.0260022
-33.703 0.0272974
-33.503 0.0286818
-33.303 0.0301624
-33.103 0.0317462
-32.903 0.033441
-32.703 0.0352544
-32.503 0.0371945
-32.303 0.0392691
-32.103 0.0414861
-31.903 0.0438526
-31.703 0.0463747
-31.503 0.0490573
-31.303 0.0519027
-31.103 0.0549104
-30.903 0.0580759
-30.703 0.061389
-30.503 0.064833
-30.303 0.068383
-30.103 0.0720042
-29.903 0.0756507
-29.703 0.0792645
-29.503 0.0827753
-29.303 0.0861012
-29.103 0.0891513
-28.903 0.0918289
-28.703 0.0940377
-28.503 0.0956879
-28.303 0.0967045
-28.103 0.0970337
-27.903 0.0966489
-27.703 0.0955541
-27.503 0.0937833
-27.303 0.0913977
-27.103 0.0884802
-26.903 0.0851273
-26.703 0.0814418
-26.503 0.0775257
-26.303 0.0734741
-26.103 0.0693712
-25.903 0.0652884
-25.703 0.0612832
-25.503 0.0574001
-25.303 0.0536712
-25.103 0.0501183
-24.903 0.0467544
-24.703 0.0435855
-24.503 0.0406125
-24.303 0.0378319
-24.103 0.0352377
-23.903 0.0328216
-23.703 0.0305743
-23.503 0.0284858
-23.303 0.0265459
-23.103 0.0247443
-22.903 0.0230711
-22.703 0.0215167
-22.503 0.0200723
-22.303 0.0187292
-22.103 0.0174795
-21.903 0.0163159
-21.703 0.0152317
-21.503 0.0142205
-21.303 0.0132767
-21.103 0.012395
-20.903 0.0115705
-20.703 0.010799
-20.503 0.0100763
-20.303 0.00939879
-20.103 0.00876319
-19.903 0.00816643
-19.703 0.00760575
-19.503 0.00707861
-19.103 0.00611596
-18.903 0.00567646
-18.703 0.00526247
-18.503 0.00487239
-18.303 0.00450479
-18.103 0.00415836
-17.903 0.00383188
-17.703 0.00352427
-17.503 0.00323453
-17.303 0.00296173
-17.103 0.00270505
-16.903 0.00246372
-16.703 0.00223702
-16.503 0.00202432
-16.303 0.00182501
-16.103 0.00163855
-15.903 0.00146442
-15.703 0.00130214
-15.503 0.00115128
-15.303 0.0010114
-15.103 0.000882131
-14.903 0.00076309
-14.703 0.00065393
-14.503 0.00055432
-14.303 0.000463941
-14.103 0.000382492
-13.903 0.000309682
-13.703 0.000245234
-13.503 0.000188881
-13.303 0.000140367
-13.103 9.94461e-05
-12.903 6.58815e-05
-12.703 3.94462e-05
-12.503 1.99221e-05
-12.303 7.10041e-06
-12.103 7.81171e-07
