0.0333333 -6.21177e-06
0.1 -1.55673e-05
0.166667 -1.92705e-05
0.233333 -2.09439e-05
0.3 -2.21965e-05
0.366667 -2.34011e-05
0.433333 -2.46207e-05
0.5 -2.58511e-05
0.566667 -2.70757e-05
0.633333 -2.82772e-05
0.7 -2.9438e-05
0.766667 -3.05395e-05
0.833333 -3.15598e-05
0.9 -3.24715e-05
0.966667 -3.32395e-05
1.03333 -3.38197e-05
1.1 -3.41572e-05
1.16667 -3.41857e-05
1.23333 -3.38268e-05
1.3 -3.29899e-05
1.36667 -3.15729e-05
1.43333 -2.94629e-05
1.5 -2.65378e-05
1.56667 -2.26678e-05
1.63333 -1.77183e-05
1.7 -1.1552e-05
1.76667 -4.03252e-06
1.83333 4.97227e-06
1.9 1.55861e-05
1.96667 2.79202e-05
2.03333 4.20682e-05
2.1 5.8102e-05
2.16667 7.60663e-05
2.23333 9.59741e-05
2.3 0.000117802
2.36667 0.000141487
2.43333 0.000166922
2.5 0.000193956
2.56667 0.000222391
2.63333 0.000251983
2.7 0.000282446
2.76667 0.000313453
2.83333 0.000344646
2.9 0.000375639
2.96667 0.000406028
3.03333 0.000435402
3.1 0.000463352
3.16667 0.000489482
3.23333 0.000513422
3.3 0.000534835
3.36667 0.000553426
3.43333 0.000568954
3.5 0.000581232
3.56667 0.000590135
3.63333 0.000595601
3.7 0.000597628
3.76667 0.000596276
3.83333 0.00059166
3.9 0.000583945
3.96667 0.000573342
4.03333 0.000560096
4.1 0.000544481
4.16667 0.000526791
4.23333 0.000507333
4.3 0.000486419
4.36667 0.000464358
4.43333 0.000441451
4.5 0.000417986
4.56667 0.000394233
4.63333 0.000370439
4.7 0.000346829
4.76667 0.000323601
4.83333 0.000300928
4.9 0.000278955
4.96667 0.000257802
5.03333 0.000237564
5.1 0.000218311
5.16667 0.000200094
5.23333 0.000182943
5.3 0.00016687
5.36667 0.000151873
5.43333 0.000137937
5.5 0.000125036
5.56667 0.000113135
5.63333 0.000102192
5.7 9.21627e-05
5.76667 8.29956e-05
5.83333 7.46391e-05
5.9 6.70401e-05
5.96667 6.01455e-05
6.03333 5.39032e-05
6.1 4.82623e-05
6.16667 4.31738e-05
6.23333 3.85911e-05
6.3 3.44699e-05
6.36667 3.07687e-05
6.43333 2.74489e-05
6.5 2.44743e-05
6.56667 2.18119e-05
6.63333 1.94309e-05
6.7 1.73033e-05
6.76667 1.54036e-05
6.83333 1.37085e-05
6.9 1.21968e-05
6.96667 1.08493e-05
7.03333 9.64881e-06
7.1 8.57968e-06
7.16667 7.62788e-06
7.23333 6.78081e-06
7.3 6.02713e-06
7.36667 5.35673e-06
7.43333 4.76051e-06
7.5 4.23037e-06
7.56667 3.75905e-06
7.63333 3.34009e-06
7.7 2.96771e-06
7.76667 2.63675e-06
7.83333 2.34265e-06
7.9 2.0813e-06
7.96667 1.84908e-06
8.03333 1.64275e-06
8.1 1.45942e-06
8.16667 1.29655e-06
8.23333 1.15184e-06
8.3 1.02328e-06
8.36667 9.09056e-07
8.43333 8.07582e-07
8.5 7.1743e-07
8.56667 6.37337e-07
8.63333 5.6618e-07
8.7 5.02962e-07
8.76667 4.46797e-07
8.83333 3.96897e-07
8.9 3.52562e-07
8.96667 3.13171e-07
9.03333 2.78173e-07
9.1 2.47076e-07
9.16667 2.19445e-07
9.23333 1.94894e-07
9.3 1.73077e-07
9.36667 1.53691e-07
9.43333 1.36463e-07
9.5 1.21152e-07
9.56667 1.07545e-07
9.63333 9.54518e-08
9.7 8.47025e-08
9.76667 7.51474e-08
9.83333 6.66533e-08
9.9 5.91016e-08
9.96667 5.2387e-08
10.0333 4.64162e-08
10.1 4.1106e-08
10.1667 3.63826e-08
10.2333 3.21805e-08
10.3 2.84415e-08
10.3667 2.51139e-08
10.4333 2.21518e-08
10.5 1.95142e-08
10.5667 1.71652e-08
10.6333 1.50724e-08
10.7 1.32075e-08
10.7667 1.15451e-08
10.8333 1.00627e-08
10.9 8.74062e-09
10.9667 7.56123e-09
11.0333 6.50906e-09
11.1 5.57045e-09
11.1667 4.73344e-09
11.2333 3.98755e-09
11.3 3.3237e-09
11.3667 2.73405e-09
11.4333 2.21198e-09
11.5 1.75196e-09
11.5667 1.34954e-09
11.6333 1.00131e-09
11.7 7.04933e-10
11.7667 4.59163e-10
11.8333 2.63903e-10
11.9 1.20317e-10
11.9667 3.0965e-11
