-209.503 -1.43638e-05
-204.503 -1.34094e-05
-199.503 -1.2339e-05
-194.503 -1.11429e-05
-189.503 -9.80996e-06
-184.503 -8.32717e-06
-179.503 -6.67938e-06
-174.503 -4.84846e-06
-169.503 -2.81253e-06
-164.503 -5.44977e-07
-159.503 1.98664e-06
-154.503 4.82191e-06
-149.503 8.00897e-06
-144.503 1.16059e-05
-139.503 1.5682e-05
-134.503 2.03189e-05
-129.503 2.56102e-05
-124.503 3.16603e-05
-119.503 3.85807e-05
-114.503 4.64824e-05
-109.503 5.5464e-05
-104.503 6.55943e-05
-99.503 7.68907e-05
-94.503 8.92973e-05
-89.503 0.000102675
-84.503 0.00011683
-79.503 0.000131614
-74.503 0.000147165
-69.503 0.00016462
-64.503 0.000187924
-61.503 0.000206323
-60.503 0.000213371
-59.503 0.000220917
-58.503 0.000228976
-57.503 0.000237558
-56.503 0.000246662
-55.503 0.000256277
-54.503 0.00026638
-53.503 0.000276932
-52.503 0.000287883
-51.503 0.000299168
-50.503 0.000310707
-49.503 0.000322407
-48.503 0.000334168
-47.503 0.00034588
-46.503 0.00035743
-45.503 0.000368705
-44.503 0.000379603
-43.503 0.000390043
-42.503 0.000400705
-41.503 0.000412125
-40.503 0.000424298
-39.503 0.000437225
-38.503 0.000450905
-37.503 0.000465336
-36.503 0.000480502
-35.503 0.000496383
-34.503 0.000512939
-33.503 0.000530115
-32.503 0.000547827
-31.503 0.000565958
-30.503 0.000584349
-29.503 0.000602776
-28.503 0.000620941
-27.503 0.00063844
-26.503 0.000654736
-25.503 0.000669115
-24.503 0.000680631
-23.503 0.000688052
-22.503 0.000689777
-21.503 0.000683773
-20.503 0.000667508
-19.703 0.000645098
-19.503 0.00063797
-19.303 0.000630179
-19.103 0.000621695
-18.903 0.000612493
-18.703 0.000602546
-18.503 0.000591829
-18.303 0.000580318
-18.103 0.00056799
-17.903 0.000554825
-17.703 0.000540806
-17.503 0.000525919
-17.303 0.000510154
-17.103 0.000493505
-16.903 0.000475973
-16.703 0.000457565
-16.503 0.000438295
-16.303 0.000418186
-16.103 0.000397271
-15.903 0.000375593
-15.703 0.000353209
-15.503 0.000330188
-15.303 0.000306615
-15.103 0.00028259
-14.903 0.000258232
-14.703 0.00023368
-14.503 0.000209092
-14.303 0.000184647
-14.103 0.000160549
-13.903 0.000137023
-13.703 0.000114321
-13.503 9.27168e-05
-13.303 7.25116e-05
-13.103 5.40301e-05
-12.903 3.76219e-05
-12.703 2.36608e-05
-12.503 1.25436e-05
-12.303 4.68977e-06
-12.103 5.40925e-07
