-209.503 2.35798e-05
-204.503 2.31921e-05
-199.503 2.27861e-05
-194.503 2.23697e-05
-189.503 2.19525e-05
-184.503 2.15463e-05
-179.503 2.11647e-05
-174.503 2.08242e-05
-169.503 2.05434e-05
-164.503 2.03442e-05
-159.503 2.02512e-05
-154.503 2.02925e-05
-149.503 2.04998e-05
-144.503 2.09085e-05
-139.503 2.15579e-05
-134.503 2.24909e-05
-129.503 2.37535e-05
-124.503 2.53933e-05
-119.503 2.74572e-05
-114.503 2.99872e-05
-109.503 3.30144e-05
-104.503 3.6551e-05
-99.503 4.05805e-05
-94.503 4.50494e-05
-89.503 4.98642e-05
-84.503 5.49055e-05
-79.503 6.00735e-05
-74.503 6.53857e-05
-69.503 7.1252e-05
-64.503 7.91637e-05
-61.503 8.54315e-05
-60.503 8.78257e-05
-59.503 9.03813e-05
-58.503 9.30999e-05
-57.503 9.59797e-05
-56.503 9.90153e-05
-55.503 0.000102197
-54.503 0.000105509
-53.503 0.000108932
-52.503 0.000112441
-51.503 0.000116004
-50.503 0.000119587
-49.503 0.000123149
-48.503 0.000126647
-47.503 0.000130036
-46.503 0.000133268
-45.503 0.000136298
-44.503 0.000139082
-43.503 0.000141584
-42.503 0.000144036
-41.503 0.000146633
-40.503 0.000149363
-39.503 0.000152217
-38.503 0.000155181
-37.503 0.000158241
-36.503 0.000161378
-35.503 0.000164567
-34.503 0.000167781
-33.503 0.000170983
-32.503 0.00017413
-31.503 0.000177166
-30.503 0.000180022
-29.503 0.000182614
-28.503 0.000184832
-27.503 0.000186544
-26.503 0.000187582
-25.503 0.000187735
-24.503 0.000186745
-23.503 0.000184293
-22.503 0.000179994
-21.503 0.000173397
-20.503 0.000163997
-19.703 0.000154111
-19.503 0.000151278
-19.303 0.000148295
-19.103 0.000145157
-18.903 0.000141864
-18.703 0.000138413
-18.503 0.000134803
-18.303 0.000131034
-18.103 0.000127106
-17.903 0.00012302
-17.703 0.000118779
-17.503 0.000114386
-17.303 0.000109846
-17.103 0.000105165
-16.903 0.000100351
-16.703 9.54129e-05
-16.503 9.03626e-05
-16.303 8.52132e-05
-16.103 7.99797e-05
-15.903 7.46798e-05
-15.703 6.93331e-05
-15.503 6.39616e-05
-15.303 5.85897e-05
-15.103 5.32441e-05
-14.903 4.7954e-05
-14.703 4.27508e-05
-14.503 3.76679e-05
-14.303 3.27409e-05
-14.103 2.8007e-05
-13.903 2.3505e-05
-13.703 1.92748e-05
-13.503 1.53572e-05
-13.303 1.17934e-05
-13.103 8.62437e-06
-12.903 5.89083e-06
-12.703 3.63234e-06
-12.503 1.887e-06
-12.303 6.90968e-07
-12.103 7.80086e-08
