0.0333333 4.3748e-06
0.1 1.14121e-05
0.166667 1.52466e-05
0.233333 1.72202e-05
0.3 1.85792e-05
0.366667 1.97956e-05
0.433333 2.10113e-05
0.5 2.22614e-05
0.566667 2.35487e-05
0.633333 2.4867e-05
0.7 2.62081e-05
0.766667 2.75646e-05
0.833333 2.89307e-05
0.9 3.03025e-05
0.966667 3.1678e-05
1.03333 3.30576e-05
1.1 3.4444e-05
1.16667 3.58422e-05
1.23333 3.72599e-05
1.3 3.87072e-05
1.36667 4.01965e-05
1.43333 4.17427e-05
1.5 4.33627e-05
1.56667 4.50753e-05
1.63333 4.69004e-05
1.7 4.88594e-05
1.76667 5.0974e-05
1.83333 5.32661e-05
1.9 5.57574e-05
1.96667 5.84687e-05
2.03333 6.14196e-05
2.1 6.46279e-05
2.16667 6.81094e-05
2.23333 7.18769e-05
2.3 7.59404e-05
2.36667 8.03059e-05
2.43333 8.49754e-05
2.5 8.99461e-05
2.56667 9.52101e-05
2.63333 0.000100754
2.7 0.000106557
2.76667 0.000112593
2.83333 0.000118829
2.9 0.000125225
2.96667 0.000131732
3.03333 0.000138296
3.1 0.000144856
3.16667 0.000151345
3.23333 0.00015769
3.3 0.000163814
3.36667 0.000169639
3.43333 0.000175085
3.5 0.000180072
3.56667 0.000184524
3.63333 0.00018837
3.7 0.000191546
3.76667 0.000193994
3.83333 0.00019567
3.9 0.000196539
3.96667 0.000196582
4.03333 0.000195791
4.1 0.000194171
4.16667 0.000191744
4.23333 0.000188542
4.3 0.000184609
4.36667 0.000180002
4.43333 0.000174783
4.5 0.000169023
4.56667 0.000162799
4.63333 0.00015619
4.7 0.000149275
4.76667 0.000142134
4.83333 0.000134844
4.9 0.000127479
4.96667 0.000120107
5.03333 0.00011279
5.1 0.000105586
5.16667 9.85424e-05
5.23333 9.17027e-05
5.3 8.51016e-05
5.36667 7.87674e-05
5.43333 7.27219e-05
5.5 6.69806e-05
5.56667 6.15535e-05
5.63333 5.64456e-05
5.7 5.16577e-05
5.76667 4.71865e-05
5.83333 4.30258e-05
5.9 3.91666e-05
5.96667 3.55979e-05
6.03333 3.23073e-05
6.1 2.92809e-05
6.16667 2.65044e-05
6.23333 2.39628e-05
6.3 2.16413e-05
6.36667 1.95247e-05
6.43333 1.75985e-05
6.5 1.58484e-05
6.56667 1.42608e-05
6.63333 1.28226e-05
6.7 1.15215e-05
6.76667 1.03457e-05
6.83333 9.28445e-06
6.9 8.32747e-06
6.96667 7.46535e-06
7.03333 6.68934e-06
7.1 5.99141e-06
7.16667 5.36415e-06
7.23333 4.80078e-06
7.3 4.29511e-06
7.36667 3.84148e-06
7.43333 3.43475e-06
7.5 3.07024e-06
7.56667 2.74372e-06
7.63333 2.45135e-06
7.7 2.18965e-06
7.76667 1.95549e-06
7.83333 1.74604e-06
7.9 1.55874e-06
7.96667 1.3913e-06
8.03333 1.24165e-06
8.1 1.10793e-06
8.16667 9.88476e-07
8.23333 8.81783e-07
8.3 7.86508e-07
8.36667 7.01443e-07
8.43333 6.25506e-07
8.5 5.57729e-07
8.56667 4.97244e-07
8.63333 4.43273e-07
8.7 3.9512e-07
8.76667 3.52163e-07
8.83333 3.13846e-07
8.9 2.79671e-07
8.96667 2.49193e-07
9.03333 2.22015e-07
9.1 1.9778e-07
9.16667 1.76173e-07
9.23333 1.56908e-07
9.3 1.39734e-07
9.36667 1.24423e-07
9.43333 1.10775e-07
9.5 9.86089e-08
9.56667 8.77643e-08
9.63333 7.80978e-08
9.7 6.94814e-08
9.76667 6.18008e-08
9.83333 5.49544e-08
9.9 4.88513e-08
9.96667 4.34104e-08
10.0333 3.85596e-08
10.1 3.42345e-08
10.1667 3.03776e-08
10.2333 2.69378e-08
10.3 2.38695e-08
10.3667 2.11321e-08
10.4333 1.86893e-08
10.5 1.65088e-08
10.5667 1.4562e-08
10.6333 1.28232e-08
10.7 1.12697e-08
10.7667 9.88131e-09
10.8333 8.63997e-09
10.9 7.52973e-09
10.9667 6.53643e-09
11.0333 5.64753e-09
11.1 4.85197e-09
11.1667 4.14e-09
11.2333 3.50309e-09
11.3 2.93383e-09
11.3667 2.42583e-09
11.4333 1.97367e-09
11.5 1.57287e-09
11.5667 1.21984e-09
11.6333 9.11937e-10
11.7 6.47465e-10
11.7667 4.25773e-10
11.8333 2.47391e-10
11.9 1.14228e-10
11.9667 2.98674e-11
