0.0333333 -1.07831e-05
0.1 -2.20996e-05
0.166667 -2.48836e-05
0.233333 -2.60264e-05
0.3 -2.68864e-05
0.366667 -2.74036e-05
0.433333 -2.72e-05
0.5 -2.56625e-05
0.566667 -2.18874e-05
0.633333 -1.4609e-05
0.7 -2.13402e-06
0.766667 1.77118e-05
0.833333 4.76198e-05
0.9 9.08135e-05
0.966667 0.00015104
1.03333 0.000232532
1.1 0.000339951
1.16667 0.000478289
1.23333 0.000652752
1.3 0.000868617
1.36667 0.00113107
1.43333 0.00144501
1.5 0.00181486
1.56667 0.00224437
1.63333 0.00273641
1.7 0.00329277
1.76667 0.003914
1.83333 0.00459924
1.9 0.00534611
1.96667 0.00615061
2.03333 0.00700713
2.1 0.0079084
2.16667 0.0088456
2.23333 0.00980848
2.3 0.0107855
2.36667 0.0117641
2.43333 0.0127309
2.5 0.013672
2.56667 0.0145736
2.63333 0.0154218
2.7 0.0162036
2.76667 0.0169067
2.83333 0.0175201
2.9 0.0180345
2.96667 0.0184422
3.03333 0.0187378
3.1 0.0189178
3.16667 0.018981
3.23333 0.0189285
3.3 0.0187634
3.36667 0.0184908
3.43333 0.0181176
3.5 0.0176523
3.56667 0.0171045
3.63333 0.0164849
3.7 0.0158048
3.76667 0.0150757
3.83333 0.0143091
3.9 0.0135163
3.96667 0.0127081
4.03333 0.0118946
4.1 0.0110848
4.16667 0.010287
4.23333 0.00950824
4.3 0.00875455
4.36667 0.00803085
4.43333 0.00734096
4.5 0.00668776
4.56667 0.00607317
4.63333 0.00549828
4.7 0.00496346
4.76667 0.00446845
4.83333 0.00401248
4.9 0.00359432
4.96667 0.00321244
5.03333 0.00286503
5.1 0.00255012
5.16667 0.00226564
5.23333 0.00200945
5.3 0.00177941
5.36667 0.0015734
5.43333 0.00138938
5.5 0.00122537
5.56667 0.00107952
5.63333 0.000950068
5.7 0.000835376
5.76667 0.00073393
5.83333 0.000644335
5.9 0.000565314
5.96667 0.000495705
6.03333 0.000434455
6.1 0.000380615
6.16667 0.00033333
6.23333 0.000291835
6.3 0.000255446
6.36667 0.000223555
6.43333 0.000195619
6.5 0.000171159
6.56667 0.00014975
6.63333 0.000131019
6.7 0.000114633
6.76667 0.000100302
6.83333 8.77699e-05
6.9 7.6812e-05
6.96667 6.72309e-05
7.03333 5.88536e-05
7.1 5.15288e-05
7.16667 4.51239e-05
7.23333 3.95227e-05
7.3 3.46239e-05
7.36667 3.03389e-05
7.43333 2.659e-05
7.5 2.33098e-05
7.56667 2.04389e-05
7.63333 1.79259e-05
7.7 1.57256e-05
7.76667 1.37987e-05
7.83333 1.21108e-05
7.9 1.0632e-05
7.96667 9.33589e-06
8.03333 8.19974e-06
8.1 7.20352e-06
8.16667 6.32977e-06
8.23333 5.56324e-06
8.3 4.8906e-06
8.36667 4.30018e-06
8.43333 3.7818e-06
8.5 3.32656e-06
8.56667 2.92666e-06
8.63333 2.57528e-06
8.7 2.26646e-06
8.76667 1.99497e-06
8.83333 1.75625e-06
8.9 1.54628e-06
8.96667 1.36156e-06
9.03333 1.19902e-06
9.1 1.05595e-06
9.16667 9.30005e-07
9.23333 8.191e-07
9.3 7.2142e-07
9.36667 6.35371e-07
9.43333 5.59552e-07
9.5 4.92732e-07
9.56667 4.33833e-07
9.63333 3.81906e-07
9.7 3.36117e-07
9.76667 2.95734e-07
9.83333 2.60113e-07
9.9 2.28687e-07
9.96667 2.00958e-07
10.0333 1.76488e-07
10.1 1.54891e-07
10.1667 1.35829e-07
10.2333 1.19001e-07
10.3 1.04146e-07
10.3667 9.10314e-08
10.4333 7.94532e-08
10.5 6.92318e-08
10.5667 6.02089e-08
10.6333 5.2245e-08
10.7 4.52173e-08
10.7667 3.90176e-08
10.8333 3.35506e-08
10.9 2.87324e-08
10.9667 2.44891e-08
11.0333 2.07557e-08
11.1 1.74753e-08
11.1667 1.45977e-08
11.2333 1.20791e-08
11.3 9.88092e-09
11.3667 7.96988e-09
11.4333 6.3169e-09
11.5 4.89692e-09
11.5667 3.68853e-09
11.6333 2.6736e-09
11.7 1.83708e-09
11.7667 1.16679e-09
11.8333 6.53327e-10
11.9 2.8995e-10
11.9667 7.26089e-11
