0.0333333 0.106552
0.1 0.106136
0.166667 0.105307
0.233333 0.104075
0.3 0.102452
0.366667 0.100456
0.433333 0.0981092
0.5 0.0954356
0.566667 0.0924641
0.633333 0.089226
0.7 0.0857547
0.766667 0.0820857
0.833333 0.0782555
0.9 0.0743014
0.966667 0.0702609
1.03333 0.066171
1.1 0.062068
1.16667 0.0579867
1.23333 0.0539599
1.3 0.0500183
1.36667 0.04619
1.43333 0.0425
1.5 0.0389702
1.56667 0.0356192
1.63333 0.0324618
1.7 0.0295096
1.76667 0.0267705
1.83333 0.0242488
1.9 0.0219458
1.96667 0.0198594
2.03333 0.0179846
2.1 0.0163141
2.16667 0.0148379
2.23333 0.0135443
2.3 0.0124202
2.36667 0.0114511
2.43333 0.0106217
2.5 0.00991649
2.56667 0.00931964
2.63333 0.00881573
2.7 0.00838984
2.76667 0.00802786
2.83333 0.0077167
2.9 0.00744447
2.96667 0.00720058
3.03333 0.00697583
3.1 0.00676246
3.16667 0.00655411
3.23333 0.0063458
3.3 0.00613384
3.36667 0.00591571
3.43333 0.00568998
3.5 0.00545613
3.56667 0.0052144
3.63333 0.00496566
3.7 0.00471128
3.76667 0.00445294
3.83333 0.00419253
3.9 0.00393207
3.96667 0.00367356
4.03333 0.00341893
4.1 0.00316996
4.16667 0.00292826
4.23333 0.00269523
4.3 0.00247202
4.36667 0.00225956
4.43333 0.00205853
4.5 0.00186939
4.56667 0.0016924
4.63333 0.00152762
4.7 0.00137497
4.76667 0.00123419
4.83333 0.00110494
4.9 0.000986759
4.96667 0.000879132
5.03333 0.00078148
5.1 0.000693194
5.16667 0.00061364
5.23333 0.000542183
5.3 0.00047819
5.36667 0.000421043
5.43333 0.000370143
5.5 0.000324921
5.56667 0.000284836
5.63333 0.000249383
5.7 0.00021809
5.76667 0.000190521
5.83333 0.000166276
5.9 0.000144988
5.96667 0.000126324
6.03333 0.000109984
6.1 9.56962e-05
6.16667 8.32173e-05
6.23333 7.23297e-05
6.3 6.28394e-05
6.36667 5.45741e-05
6.43333 4.73812e-05
6.5 4.11257e-05
6.56667 3.56887e-05
6.63333 3.09655e-05
6.7 2.68643e-05
6.76667 2.33046e-05
6.83333 2.02158e-05
6.9 1.75363e-05
6.96667 1.52124e-05
7.03333 1.31972e-05
7.1 1.14499e-05
7.16667 9.93508e-06
7.23333 8.62174e-06
7.3 7.48313e-06
7.36667 6.49596e-06
7.43333 5.64004e-06
7.5 4.89786e-06
7.56667 4.25422e-06
7.63333 3.69597e-06
7.7 3.2117e-06
7.76667 2.79154e-06
7.83333 2.42693e-06
7.9 2.11046e-06
7.96667 1.83572e-06
8.03333 1.59715e-06
8.1 1.38994e-06
8.16667 1.20992e-06
8.23333 1.05349e-06
8.3 9.17523e-07
8.36667 7.99308e-07
8.43333 6.965e-07
8.5 6.07068e-07
8.56667 5.29251e-07
8.63333 4.6152e-07
8.7 4.02553e-07
8.76667 3.51201e-07
8.83333 3.06468e-07
8.9 2.67491e-07
8.96667 2.33518e-07
9.03333 2.039e-07
9.1 1.78072e-07
9.16667 1.55541e-07
9.23333 1.35882e-07
9.3 1.18723e-07
9.36667 1.03743e-07
9.43333 9.06621e-08
9.5 7.92355e-08
9.56667 6.92518e-08
9.63333 6.05263e-08
9.7 5.28985e-08
9.76667 4.62285e-08
9.83333 4.03945e-08
9.9 3.52904e-08
9.96667 3.08238e-08
10.0333 2.69139e-08
10.1 2.34906e-08
10.1667 2.04925e-08
10.2333 1.78662e-08
10.3 1.55649e-08
10.3667 1.3548e-08
10.4333 1.17799e-08
10.5 1.02296e-08
10.5667 8.86995e-09
10.6333 7.67731e-09
10.7 6.63102e-09
10.7667 5.71301e-09
10.8333 4.90752e-09
10.9 4.2008e-09
10.9667 3.58083e-09
11.0333 3.03715e-09
11.1 2.56063e-09
11.1667 2.14333e-09
11.2333 1.77837e-09
11.3 1.45979e-09
11.3667 1.18243e-09
11.4333 9.41894e-10
11.5 7.34437e-10
11.5667 5.56919e-10
11.6333 4.06755e-10
11.7 2.81884e-10
11.7667 1.80747e-10
11.8333 1.02281e-10
11.9 4.59263e-11
11.9667 1.1651e-11
