-209.503 3.20104e-05
-204.503 3.64129e-05
-199.503 4.15938e-05
-194.503 4.77227e-05
-189.503 5.50134e-05
-184.503 6.37376e-05
-179.503 7.42426e-05
-174.503 8.69768e-05
-169.503 0.000102524
-164.503 0.00012165
-159.503 0.000145371
-154.503 0.00017505
-149.503 0.000212532
-144.503 0.000260347
-139.503 0.000322012
-134.503 0.000402477
-129.503 0.000508829
-124.503 0.000651387
-119.503 0.000845491
-114.503 0.00111452
-109.503 0.00149525
-104.503 0.00204798
-99.503 0.00287742
-94.503 0.00418045
-89.503 0.00637043
-84.503 0.010453
-81.903 0.0141272
-81.703 0.0144811
-81.503 0.0148476
-81.303 0.0152271
-81.103 0.0156203
-80.903 0.0160278
-80.703 0.0164501
-80.503 0.016888
-80.303 0.0173422
-80.103 0.0178134
-79.903 0.0183024
-79.703 0.0188099
-79.503 0.0193368
-79.303 0.019884
-79.103 0.0204523
-78.903 0.0210426
-78.703 0.0216559
-78.503 0.0222933
-78.303 0.0229555
-78.103 0.0236438
-77.903 0.0243591
-77.703 0.0251024
-77.503 0.0258748
-77.303 0.0266774
-77.103 0.027511
-76.903 0.0283766
-76.703 0.0292752
-76.503 0.0302076
-76.303 0.0311744
-76.103 0.0321764
-75.903 0.0332138
-75.703 0.0342868
-75.503 0.0353955
-75.303 0.0365396
-75.103 0.0377182
-74.903 0.0389302
-74.703 0.0401741
-74.503 0.0414477
-74.303 0.0427481
-74.103 0.0440718
-73.903 0.0454144
-73.703 0.0467706
-73.503 0.0481343
-73.303 0.0494981
-73.103 0.0508538
-72.903 0.0521919
-72.703 0.0535018
-72.503 0.0547721
-72.303 0.0559902
-72.103 0.0571427
-71.903 0.0582156
-71.703 0.0591929
-71.503 0.0600592
-71.303 0.0608002
-71.103 0.0614023
-70.903 0.0618536
-70.703 0.0621439
-70.503 0.0622654
-70.303 0.0622128
-70.103 0.0619836
-69.903 0.0615786
-69.703 0.0610013
-69.503 0.0602585
-69.303 0.0593593
-69.103 0.0583155
-68.903 0.0571407
-68.703 0.05585
-68.503 0.0544593
-68.303 0.0529852
-68.103 0.0514441
-67.903 0.0498521
-67.703 0.0482246
-67.503 0.0465759
-67.303 0.0449191
-67.103 0.0432659
-66.903 0.0416267
-66.703 0.0400103
-66.503 0.0384244
-66.303 0.0368752
-66.103 0.0353676
-65.903 0.0339056
-65.703 0.032492
-65.503 0.031129
-65.303 0.0298176
-65.103 0.0285586
-64.903 0.0273521
-64.703 0.0261975
-64.503 0.0250941
-64.303 0.024041
-64.103 0.0230366
-63.903 0.0220797
-63.703 0.0211685
-63.503 0.0203015
-63.303 0.0194767
-63.103 0.0186925
-62.903 0.0179471
-62.703 0.0172387
-62.503 0.0165656
-62.303 0.0159261
-62.103 0.0153185
-61.903 0.0147412
-61.703 0.0141927
-61.503 0.0136715
-61.303 0.0131763
-61.103 0.0127056
-60.903 0.0122582
-60.703 0.0118328
-60.503 0.0114284
-60.303 0.0110437
-60.103 0.0106778
-59.903 0.0103297
-59.703 0.00999848
-59.503 0.00968318
-59.303 0.00938302
-59.103 0.0090972
-58.903 0.00882498
-58.703 0.00856568
-58.503 0.00831861
-58.303 0.00808317
-58.103 0.00785877
-57.903 0.00764484
-57.703 0.00744087
-57.503 0.00724637
-57.303 0.00706086
-57.103 0.00688392
-56.903 0.00671512
-56.703 0.00655408
-56.503 0.00640042
-56.303 0.0062538
-56.103 0.00611388
-55.903 0.00598036
-55.703 0.00585294
-55.503 0.00573134
-55.303 0.0056153
-55.103 0.00550458
-54.903 0.00539893
-54.703 0.00529813
-54.503 0.00520198
-54.303 0.00511027
-54.103 0.00502281
-53.903 0.00493943
-53.703 0.00485996
-53.503 0.00478423
-53.303 0.00471209
-53.103 0.0046434
-52.903 0.00457802
-52.703 0.00451582
-52.503 0.00445667
-52.303 0.00440047
-52.103 0.00434709
-51.903 0.00429644
-51.703 0.0042484
-51.503 0.0042029
-51.303 0.00415983
-51.103 0.0041191
-50.903 0.00408065
-50.703 0.00404439
-50.503 0.00401024
-50.303 0.00397813
-50.103 0.00394801
-49.903 0.0039198
-49.703 0.00389345
-49.503 0.00386889
-49.303 0.00384608
-49.103 0.00382496
-48.903 0.00380549
-48.703 0.00378761
-48.503 0.00377128
-48.303 0.00375647
-48.103 0.00374313
-47.903 0.00373123
-47.703 0.00372072
-47.503 0.00371159
-47.303 0.00370379
-47.103 0.0036973
-46.903 0.00369209
-46.703 0.00368814
-46.503 0.00368542
-46.303 0.00368391
-46.103 0.0036836
-45.903 0.00368446
-45.703 0.00368648
-45.503 0.00368964
-45.303 0.00369394
-45.103 0.00369936
-44.903 0.00370589
-44.703 0.00371353
-44.503 0.00372228
-44.303 0.00373213
-44.103 0.00374308
-43.903 0.00375515
-43.703 0.00376834
-43.503 0.0037827
-43.303 0.0037986
-43.103 0.00381613
-42.903 0.00383531
-42.703 0.00385614
-42.503 0.00387864
-42.303 0.00390282
-42.103 0.0039287
-41.903 0.00395629
-41.703 0.00398563
-41.503 0.00401674
-41.303 0.00404964
-41.103 0.00408438
-40.903 0.00412097
-40.703 0.00415947
-40.503 0.0041999
-40.303 0.00424231
-40.103 0.00428675
-39.903 0.00433325
-39.703 0.00438189
-39.503 0.00443269
-39.303 0.00448574
-39.103 0.00454108
-38.903 0.00459879
-38.703 0.00465893
-38.503 0.00472157
-38.303 0.0047868
-38.103 0.0048547
-37.903 0.00492536
-37.703 0.00499886
-37.503 0.00507531
-37.303 0.00515481
-37.103 0.00523747
-36.903 0.00532342
-36.703 0.00541276
-36.503 0.00550564
-36.303 0.0056022
-36.103 0.00570258
-35.903 0.00580693
-35.703 0.00591543
-35.503 0.00602825
-35.303 0.00614558
-35.103 0.00626761
-34.903 0.00639457
-34.703 0.00652666
-34.503 0.00666413
-34.303 0.00680724
-34.103 0.00695625
-33.903 0.00711145
-33.703 0.00727315
-33.503 0.00744168
-33.303 0.00761738
-33.103 0.00780063
-32.903 0.00799183
-32.703 0.00819142
-32.503 0.00839983
-32.303 0.00861758
-32.103 0.00884518
-31.903 0.0090832
-31.703 0.00933225
-31.503 0.00959299
-31.303 0.00986612
-31.103 0.0101524
-30.903 0.0104527
-30.703 0.0107678
-30.503 0.0110988
-30.303 0.0114466
-30.103 0.0118125
-29.903 0.0121976
-29.703 0.0126033
-29.503 0.0130311
-29.303 0.0134825
-29.103 0.0139592
-28.903 0.0144633
-28.703 0.0149968
-28.503 0.0155619
-28.303 0.0161613
-28.103 0.0167977
-27.903 0.0174741
-27.703 0.0181941
-27.503 0.0189613
-27.303 0.0197799
-27.103 0.0206546
-26.903 0.0215905
-26.703 0.0225935
-26.503 0.02367
-26.303 0.0248272
-26.103 0.0260733
-25.903 0.0274173
-25.703 0.0288695
-25.503 0.0304416
-25.303 0.0321464
-25.103 0.0339989
-24.903 0.0360155
-24.703 0.038215
-24.503 0.0406185
-24.303 0.0432498
-24.103 0.0461355
-23.903 0.0493052
-23.703 0.0527913
-23.503 0.0566293
-23.303 0.0608567
-23.103 0.0655121
-22.903 0.070633
-22.703 0.0762522
-22.503 0.0823923
-22.303 0.0890573
-22.103 0.0962203
-21.903 0.103808
-21.703 0.111678
-21.503 0.119598
-21.303 0.127228
-21.103 0.134105
-20.903 0.139669
-20.703 0.143317
-20.503 0.144502
-20.303 0.142859
-20.103 0.138316
-19.903 0.131131
-19.703 0.121852
-19.503 0.111193
-19.103 0.0885826
-18.903 0.0777515
-18.703 0.0677079
-18.503 0.0586153
-18.303 0.0505263
-18.103 0.0434198
-17.903 0.0372307
-17.703 0.0318724
-17.503 0.0272512
-17.303 0.0232751
-17.103 0.0198583
-16.903 0.016924
-16.703 0.0144042
-16.503 0.01224
-16.303 0.0103808
-16.103 0.00878331
-15.903 0.00741052
-15.703 0.00623096
-15.503 0.00521787
-15.303 0.00434841
-15.103 0.00360314
-14.903 0.00296542
-14.703 0.00242103
-14.503 0.00195773
-14.303 0.00156504
-14.103 0.00123388
-13.903 0.000956426
-13.703 0.000725904
-13.503 0.000536424
-13.303 0.000382865
-13.103 0.000260766
-12.903 0.000166233
-12.703 9.58601e-05
-12.503 4.66684e-05
-12.303 1.60467e-05
-12.103 1.70452e-06
