-209.503 3.42964e-05
-204.503 3.63954e-05
-199.503 3.88217e-05
-194.503 4.16456e-05
-189.503 4.4954e-05
-184.503 4.88542e-05
-179.503 5.34794e-05
-174.503 5.89956e-05
-169.503 6.561e-05
-164.503 7.35823e-05
-159.503 8.32393e-05
-154.503 9.4993e-05
-149.503 0.000109365
-144.503 0.000127018
-139.503 0.00014879
-134.503 0.000175749
-129.503 0.000209247
-124.503 0.000250987
-119.503 0.000303107
-114.503 0.000368258
-109.503 0.000449687
-104.503 0.000551327
-99.503 0.000677903
-94.503 0.000835165
-89.503 0.00103051
-84.503 0.00127468
-79.503 0.0015864
-74.503 0.00200448
-69.503 0.00262864
-64.503 0.00374951
-59.503 0.00614467
-56.903 0.00860408
-56.703 0.0088547
-56.503 0.00911662
-56.303 0.00939047
-56.103 0.00967692
-55.903 0.00997672
-55.703 0.0102906
-55.503 0.0106195
-55.303 0.0109642
-55.103 0.0113256
-54.903 0.0117049
-54.703 0.012103
-54.503 0.0125211
-54.303 0.0129605
-54.103 0.0134225
-53.903 0.0139085
-53.703 0.01442
-53.503 0.0149587
-53.303 0.0155263
-53.103 0.0161247
-52.903 0.0167558
-52.703 0.0174218
-52.503 0.018125
-52.303 0.0188678
-52.103 0.0196528
-51.903 0.0204826
-51.703 0.0213603
-51.503 0.022289
-51.303 0.0232718
-51.103 0.0243122
-50.903 0.0254138
-50.703 0.0265803
-50.503 0.0278154
-50.303 0.0291232
-50.103 0.0305075
-49.903 0.0319722
-49.703 0.0335212
-49.503 0.0351579
-49.303 0.0368857
-49.103 0.038707
-48.903 0.0406239
-48.703 0.0426373
-48.503 0.0447467
-48.303 0.0469502
-48.103 0.0492435
-47.903 0.0516202
-47.703 0.0540705
-47.503 0.0565812
-47.303 0.0591353
-47.103 0.0617112
-46.903 0.0642824
-46.703 0.0668179
-46.503 0.0692816
-46.303 0.0716331
-46.103 0.0738289
-45.903 0.075823
-45.703 0.0775691
-45.503 0.079023
-45.303 0.0801441
-45.103 0.0808987
-44.903 0.0812618
-44.703 0.0812188
-44.503 0.0807667
-44.303 0.0799147
-44.103 0.078683
-43.903 0.0771017
-43.703 0.0752085
-43.503 0.0730455
-43.303 0.0706544
-43.103 0.0680875
-42.903 0.0653964
-42.703 0.0626294
-42.503 0.0598294
-42.303 0.0570338
-42.103 0.0542737
-41.903 0.0515745
-41.703 0.0489557
-41.503 0.046432
-41.303 0.0440134
-41.103 0.0417065
-40.903 0.0395145
-40.703 0.0374383
-40.503 0.035477
-40.303 0.033628
-40.103 0.0318877
-39.903 0.030252
-39.703 0.0287159
-39.503 0.0272744
-39.303 0.0259223
-39.103 0.0246543
-38.903 0.0234654
-38.703 0.0223506
-38.503 0.021305
-38.303 0.0203242
-38.103 0.0194037
-37.903 0.0185395
-37.703 0.0177278
-37.503 0.016965
-37.303 0.0162477
-37.103 0.0155729
-36.903 0.0149375
-36.703 0.014339
-36.503 0.0137748
-36.303 0.0132426
-36.103 0.0127402
-35.903 0.0122657
-35.703 0.0118172
-35.503 0.011393
-35.303 0.0109916
-35.103 0.0106114
-34.903 0.0102511
-34.703 0.0099094
-34.503 0.0095852
-34.303 0.00927737
-34.103 0.00898491
-33.903 0.00870688
-33.703 0.00844242
-33.503 0.00819071
-33.303 0.007951
-33.103 0.0077226
-32.903 0.00750484
-32.703 0.00729711
-32.503 0.00709886
-32.303 0.00690954
-32.103 0.00672867
-31.903 0.00655577
-31.703 0.00639042
-31.503 0.0062322
-31.303 0.00608075
-31.103 0.00593569
-30.903 0.0057967
-30.703 0.00566346
-30.503 0.00553568
-30.303 0.00541307
-30.103 0.00529538
-29.903 0.00518236
-29.703 0.00507377
-29.503 0.0049694
-29.303 0.00486903
-29.103 0.00477248
-28.903 0.00467956
-28.703 0.00459009
-28.503 0.0045039
-28.303 0.00442083
-28.103 0.00434074
-27.903 0.00426348
-27.703 0.00418891
-27.503 0.00411691
-27.303 0.00404735
-27.103 0.00398011
-26.903 0.00391507
-26.703 0.00385213
-26.503 0.00379118
-26.303 0.00373212
-26.103 0.00367485
-25.903 0.00361927
-25.703 0.0035653
-25.503 0.00351285
-25.303 0.00346183
-25.103 0.00341215
-24.903 0.00336374
-24.703 0.00331651
-24.503 0.00327039
-24.303 0.00322529
-24.103 0.00318114
-23.903 0.00313787
-23.703 0.00309539
-23.503 0.00305365
-23.303 0.00301255
-23.103 0.00297204
-22.903 0.00293203
-22.703 0.00289245
-22.503 0.00285323
-22.303 0.0028143
-22.103 0.00277558
-21.903 0.00273699
-21.703 0.00269846
-21.503 0.00265992
-21.303 0.00262128
-21.103 0.00258248
-20.903 0.00254342
-20.703 0.00250403
-20.503 0.00246423
-20.303 0.00242394
-20.103 0.00238308
-19.903 0.00234156
-19.703 0.00229929
-19.503 0.0022562
-19.103 0.00216721
-18.903 0.00212114
-18.703 0.00207391
-18.503 0.00202543
-18.303 0.00197563
-18.103 0.00192444
-17.903 0.00187176
-17.703 0.00181754
-17.503 0.00176171
-17.303 0.00170422
-17.103 0.001645
-16.903 0.00158402
-16.703 0.00152125
-16.503 0.00145668
-16.303 0.00139029
-16.103 0.00132211
-15.903 0.00125217
-15.703 0.00118055
-15.503 0.00110732
-15.303 0.00103262
-15.103 0.000956606
-14.903 0.000879499
-14.703 0.000801558
-14.503 0.000723107
-14.303 0.000644541
-14.103 0.000566337
-13.903 0.000489066
-13.703 0.000413409
-13.503 0.000340174
-13.303 0.000270321
-13.103 0.000204981
-12.903 0.000145491
-12.703 9.34317e-05
-12.503 5.06698e-05
-12.303 1.94168e-05
-12.103 2.30008e-06
