-209.503 -9.72389e-06
-204.503 -8.54223e-06
-199.503 -7.19763e-06
-194.503 -5.67019e-06
-189.503 -3.93656e-06
-184.503 -1.96913e-06
-179.503 2.65057e-07
-174.503 2.80569e-06
-169.503 5.70082e-06
-164.503 9.00888e-06
-159.503 1.28011e-05
-154.503 1.71644e-05
-149.503 2.22047e-05
-144.503 2.80502e-05
-139.503 3.48555e-05
-134.503 4.28047e-05
-129.503 5.21137e-05
-124.503 6.30302e-05
-119.503 7.58294e-05
-114.503 9.08034e-05
-109.503 0.000108241
-104.503 0.000128397
-99.503 0.000151447
-94.503 0.000177448
-89.503 0.000206308
-84.503 0.000237843
-79.503 0.000271995
-74.503 0.000309387
-69.503 0.000353075
-64.503 0.00041307
-61.503 0.000461601
-60.503 0.000480479
-59.503 0.000500877
-58.503 0.000522887
-57.503 0.000546588
-56.503 0.000572046
-55.503 0.000599302
-54.503 0.000628378
-53.503 0.000659264
-52.503 0.000691924
-51.503 0.000726288
-50.503 0.000762257
-49.503 0.000799707
-48.503 0.000838492
-47.503 0.000878452
-46.503 0.000919428
-45.503 0.000961278
-44.503 0.0010039
-43.503 0.00104733
-42.503 0.00109371
-41.503 0.00114465
-40.503 0.00120046
-39.503 0.00126153
-38.503 0.00132833
-37.503 0.00140139
-36.503 0.00148131
-35.503 0.00156876
-34.503 0.0016645
-33.503 0.00176937
-32.503 0.00188433
-31.503 0.00201043
-30.503 0.00214884
-29.503 0.00230086
-28.503 0.00246791
-27.503 0.00265155
-26.503 0.00285342
-25.503 0.00307531
-24.503 0.00331904
-23.503 0.0035865
-22.503 0.00387962
-21.503 0.00420033
-20.503 0.00455075
-19.928 0.00476664
-19.878 0.00478594
-19.828 0.00480532
-19.778 0.00482479
-19.728 0.00484435
-19.678 0.00486399
-19.628 0.00488372
-19.578 0.00490354
-19.528 0.00492345
-19.478 0.00494345
-19.428 0.00496354
-19.378 0.00498372
-19.328 0.00500399
-19.278 0.00502436
-19.228 0.00504481
-19.178 0.00506536
-19.128 0.00508601
-19.078 0.00510675
-19.028 0.00512759
-18.978 0.00514852
-18.928 0.00516955
-18.878 0.00519068
-18.828 0.00521191
-18.778 0.00523324
-18.728 0.00525468
-18.678 0.00527621
-18.628 0.00529785
-18.578 0.0053196
-18.528 0.00534145
-18.478 0.00536341
-18.428 0.00538547
-18.378 0.00540765
-18.328 0.00542994
-18.278 0.00545234
-18.228 0.00547486
-18.178 0.00549749
-18.128 0.00552024
-18.078 0.00554311
-18.028 0.0055661
-17.978 0.00558922
-17.928 0.00561245
-17.878 0.00563582
-17.828 0.00565932
-17.778 0.00568294
-17.728 0.0057067
-17.678 0.0057306
-17.628 0.00575464
-17.578 0.00577881
-17.528 0.00580313
-17.478 0.0058276
-17.428 0.00585222
-17.378 0.00587699
-17.328 0.00590191
-17.278 0.005927
-17.228 0.00595225
-17.178 0.00597767
-17.128 0.00600326
-17.078 0.00602902
-17.028 0.00605497
-16.978 0.0060811
-16.928 0.00610742
-16.878 0.00613393
-16.828 0.00616064
-16.778 0.00618756
-16.728 0.00621469
-16.678 0.00624204
-16.628 0.00626961
-16.578 0.00629741
-16.528 0.00632545
-16.478 0.00635374
-16.428 0.00638228
-16.378 0.00641108
-16.328 0.00644016
-16.278 0.00646951
-16.228 0.00649916
-16.178 0.00652911
-16.128 0.00655938
-16.078 0.00658997
-16.028 0.00662089
-15.978 0.00665217
-15.928 0.00668381
-15.878 0.00671584
-15.828 0.00674826
-15.778 0.00678109
-15.728 0.00681436
-15.678 0.00684808
-15.628 0.00688227
-15.578 0.00691695
-15.528 0.00695215
-15.478 0.00698789
-15.428 0.0070242
-15.378 0.00706111
-15.328 0.00709865
-15.278 0.00713685
-15.228 0.00717575
-15.178 0.00721538
-15.128 0.00725579
-15.078 0.00729701
-15.028 0.00733911
-14.978 0.00738212
-14.928 0.00742611
-14.878 0.00747113
-14.828 0.00751725
-14.778 0.00756454
-14.728 0.00761308
-14.678 0.00766294
-14.628 0.00771423
-14.578 0.00776704
-14.528 0.00782149
-14.478 0.00787768
-14.428 0.00793576
-14.378 0.00799587
-14.328 0.00805817
-14.278 0.00812283
-14.228 0.00819006
-14.178 0.00826008
-14.128 0.00833312
-14.078 0.00840947
-14.028 0.00848942
-13.978 0.00857333
-13.928 0.00866159
-13.878 0.00875464
-13.828 0.00885298
-13.778 0.00895719
-13.728 0.00906793
-13.678 0.00918596
-13.628 0.00931217
-13.578 0.00944758
-13.528 0.00959341
-13.478 0.00975107
-13.428 0.00992226
-13.378 0.010109
-13.328 0.0103137
-13.278 0.0105394
-13.228 0.0107898
-13.178 0.0110692
-13.128 0.0113836
-13.078 0.0117401
-13.028 0.0121482
-12.978 0.0126202
-12.928 0.0131729
-12.878 0.0138289
-12.828 0.0146206
-12.778 0.0155945
-12.728 0.016821
-12.678 0.0184107
-12.628 0.0205472
-12.578 0.0235575
-12.528 0.028079
-12.478 0.0355188
-12.428 0.0496061
-12.378 0.0836638
-12.328 0.224919
-12.278 11.9814
-12.228 0.174461
-12.178 0.023183
-12.128 0.00504145
-12.078 0.000999731
-12.028 7.01801e-05
