-209.503 1.09518e-05
-204.503 1.35176e-05
-199.503 1.65057e-05
-194.503 1.99959e-05
-189.503 2.40858e-05
-184.503 2.88964e-05
-179.503 3.45777e-05
-174.503 4.13171e-05
-169.503 4.93502e-05
-164.503 5.89745e-05
-159.503 7.05678e-05
-154.503 8.4612e-05
-149.503 0.000101725
-144.503 0.000122701
-139.503 0.000148565
-134.503 0.000180642
-129.503 0.000220645
-124.503 0.000270791
-119.503 0.000333938
-114.503 0.000413765
-109.503 0.000514988
-104.503 0.000643656
-99.503 0.000807593
-94.503 0.00101722
-89.503 0.0012873
-84.503 0.00164126
-79.503 0.00212198
-74.503 0.00282163
-69.503 0.00398416
-64.503 0.0063805
-61.903 0.00881604
-61.703 0.0090644
-61.503 0.00932405
-61.303 0.00959566
-61.103 0.00987993
-60.903 0.0101776
-60.703 0.0104895
-60.503 0.0108165
-60.303 0.0111595
-60.103 0.0115194
-59.903 0.0118975
-59.703 0.0122946
-59.503 0.0127122
-59.303 0.0131515
-59.103 0.0136139
-58.903 0.0141008
-58.703 0.0146139
-58.503 0.0151549
-58.303 0.0157257
-58.103 0.0163281
-57.903 0.0169643
-57.703 0.0176365
-57.503 0.0183471
-57.303 0.0190987
-57.103 0.0198939
-56.903 0.0207357
-56.703 0.021627
-56.503 0.0225711
-56.303 0.0235714
-56.103 0.0246312
-55.903 0.0257543
-55.703 0.0269444
-55.503 0.0282053
-55.303 0.0295408
-55.103 0.0309546
-54.903 0.0324504
-54.703 0.0340316
-54.503 0.0357011
-54.303 0.0374613
-54.103 0.039314
-53.903 0.0412597
-53.703 0.0432978
-53.503 0.0454259
-53.303 0.0476397
-53.103 0.0499322
-52.903 0.0522938
-52.703 0.0547114
-52.503 0.0571679
-52.303 0.0596425
-52.103 0.0621098
-51.903 0.06454
-51.703 0.0668992
-51.503 0.0691499
-51.303 0.0712519
-51.103 0.0731634
-50.903 0.074843
-50.703 0.0762513
-50.503 0.077353
-50.303 0.0781192
-50.103 0.078529
-49.903 0.0785709
-49.703 0.0782437
-49.503 0.0775563
-49.303 0.0765275
-49.103 0.0751842
-48.903 0.0735604
-48.703 0.0716944
-48.503 0.0696271
-48.303 0.0674004
-48.103 0.0650547
-47.903 0.0626282
-47.703 0.0601556
-47.503 0.0576675
-47.303 0.0551903
-47.103 0.052746
-46.903 0.0503525
-46.703 0.0480238
-46.503 0.0457705
-46.303 0.0436001
-46.103 0.0415176
-45.903 0.039526
-45.703 0.0376264
-45.503 0.0358185
-45.303 0.034101
-45.103 0.0324718
-44.903 0.030928
-44.703 0.0294664
-44.503 0.0280835
-44.303 0.0267757
-44.103 0.0255391
-43.903 0.0243699
-43.703 0.0232642
-43.503 0.0222179
-43.303 0.0212284
-43.103 0.0202942
-42.903 0.0194125
-42.703 0.0185806
-42.503 0.0177957
-42.303 0.0170549
-42.103 0.0163557
-41.903 0.0156956
-41.703 0.0150721
-41.503 0.0144831
-41.303 0.0139264
-41.103 0.0134
-40.903 0.012902
-40.703 0.0124308
-40.503 0.0119845
-40.303 0.0115617
-40.103 0.011161
-39.903 0.010781
-39.703 0.0104205
-39.503 0.0100783
-39.303 0.00975321
-39.103 0.00944434
-38.903 0.0091507
-38.703 0.00887141
-38.503 0.00860562
-38.303 0.00835256
-38.103 0.00811152
-37.903 0.00788182
-37.703 0.00766281
-37.503 0.00745392
-37.303 0.00725458
-37.103 0.00706429
-36.903 0.00688255
-36.703 0.00670891
-36.503 0.00654295
-36.303 0.00638426
-36.103 0.00623248
-35.903 0.00608724
-35.703 0.00594823
-35.503 0.00581512
-35.303 0.00568763
-35.103 0.00556549
-34.903 0.00544843
-34.703 0.00533621
-34.503 0.0052286
-34.303 0.00512539
-34.103 0.00502637
-33.903 0.00493136
-33.703 0.00484016
-33.503 0.00475261
-33.303 0.00466854
-33.103 0.00458781
-32.903 0.00451026
-32.703 0.00443576
-32.503 0.00436418
-32.303 0.0042954
-32.103 0.00422929
-31.903 0.00416576
-31.703 0.00410468
-31.503 0.00404597
-31.303 0.00398952
-31.103 0.00393525
-30.903 0.00388306
-30.703 0.00383288
-30.503 0.00378463
-30.303 0.00373823
-30.103 0.0036936
-29.903 0.00365069
-29.703 0.00360942
-29.503 0.00356973
-29.303 0.00353156
-29.103 0.00349485
-28.903 0.00345954
-28.703 0.00342558
-28.503 0.00339291
-28.303 0.00336149
-28.103 0.00333127
-27.903 0.00330219
-27.703 0.00327421
-27.503 0.00324728
-27.303 0.00322136
-27.103 0.00319641
-26.903 0.00317237
-26.703 0.00314922
-26.503 0.00312689
-26.303 0.00310536
-26.103 0.00308458
-25.903 0.00306452
-25.703 0.00304511
-25.503 0.00302634
-25.303 0.00300815
-25.103 0.00299049
-24.903 0.00297334
-24.703 0.00295664
-24.503 0.00294035
-24.303 0.00292443
-24.103 0.00290883
-23.903 0.00289349
-23.703 0.00287838
-23.503 0.00286344
-23.303 0.00284862
-23.103 0.00283387
-22.903 0.00281912
-22.703 0.00280434
-22.503 0.00278944
-22.303 0.00277438
-22.103 0.00275909
-21.903 0.0027435
-21.703 0.00272754
-21.503 0.00271113
-21.303 0.00269421
-21.103 0.00267669
-20.903 0.00265849
-20.703 0.00263953
-20.503 0.0026197
-20.303 0.00259893
-20.103 0.00257711
-19.903 0.00255414
-19.703 0.00252991
-19.503 0.00250432
-19.103 0.00244859
-18.903 0.00241821
-18.703 0.00238598
-18.503 0.00235179
-18.303 0.00231548
-18.103 0.00227695
-17.903 0.00223603
-17.703 0.0021926
-17.503 0.00214652
-17.303 0.00209764
-17.103 0.00204583
-16.903 0.00199096
-16.703 0.00193288
-16.503 0.00187149
-16.303 0.00180666
-16.103 0.00173829
-15.903 0.0016663
-15.703 0.00159063
-15.503 0.00151123
-15.303 0.00142812
-15.103 0.00134133
-14.903 0.00125096
-14.703 0.00115716
-14.503 0.0010602
-14.303 0.00096042
-14.103 0.000858292
-13.903 0.000754457
-13.703 0.000649751
-13.503 0.000545257
-13.303 0.000442374
-13.103 0.000342895
-12.903 0.000249121
-12.703 0.000164002
-12.503 9.13311e-05
-12.303 3.60072e-05
-12.103 4.39787e-06
