0.0333333 1.81952e-05
0.1 3.28919e-05
0.166667 3.46116e-05
0.233333 3.86663e-05
0.3 4.78289e-05
0.366667 6.51695e-05
0.433333 9.44028e-05
0.5 0.000139724
0.566667 0.000205631
0.633333 0.000296754
0.7 0.000417676
0.766667 0.000572766
0.833333 0.000766009
0.9 0.00100085
0.966667 0.00128004
1.03333 0.00160552
1.1 0.00197832
1.16667 0.00239845
1.23333 0.00286487
1.3 0.00337544
1.36667 0.00392694
1.43333 0.00451511
1.5 0.00513467
1.56667 0.00577946
1.63333 0.00644251
1.7 0.00711621
1.76667 0.00779244
1.83333 0.00846277
1.9 0.00911859
1.96667 0.00975137
2.03333 0.0103528
2.1 0.0109149
2.16667 0.0114303
2.23333 0.0118924
2.3 0.0122955
2.36667 0.0126347
2.43333 0.0129062
2.5 0.0131074
2.56667 0.0132368
2.63333 0.013294
2.7 0.0132798
2.76667 0.0131958
2.83333 0.013045
2.9 0.012831
2.96667 0.0125582
3.03333 0.0122318
3.1 0.0118574
3.16667 0.0114411
3.23333 0.0109891
3.3 0.0105078
3.36667 0.0100037
3.43333 0.00948299
3.5 0.00895174
3.56667 0.00841565
3.63333 0.00788001
3.7 0.00734967
3.76667 0.00682893
3.83333 0.00632157
3.9 0.0058308
3.96667 0.00535929
4.03333 0.00490916
4.1 0.004482
4.16667 0.00407895
4.23333 0.00370067
4.3 0.00334746
4.36667 0.00301923
4.43333 0.00271563
4.5 0.00243603
4.56667 0.00217961
4.63333 0.00194537
4.7 0.0017322
4.76667 0.00153892
4.83333 0.00136425
4.9 0.00120693
4.96667 0.00106568
5.03333 0.000939223
5.1 0.000826333
5.16667 0.000725823
5.23333 0.00063656
5.3 0.000557476
5.36667 0.000487567
5.43333 0.0004259
5.5 0.000371612
5.56667 0.000323908
5.63333 0.000282061
5.7 0.000245413
5.76667 0.000213364
5.83333 0.000185375
5.9 0.000160963
5.96667 0.000139695
6.03333 0.000121185
6.1 0.00010509
6.16667 9.11069e-05
6.23333 7.89666e-05
6.3 6.84332e-05
6.36667 5.9299e-05
6.43333 5.13816e-05
6.5 4.45216e-05
6.56667 3.85795e-05
6.63333 3.34337e-05
6.7 2.89782e-05
6.76667 2.51208e-05
6.83333 2.17813e-05
6.9 1.88902e-05
6.96667 1.63871e-05
7.03333 1.42197e-05
7.1 1.23428e-05
7.16667 1.07171e-05
7.23333 9.30867e-06
7.3 8.08819e-06
7.36667 7.03029e-06
7.43333 6.11304e-06
7.5 5.31749e-06
7.56667 4.62726e-06
7.63333 4.02819e-06
7.7 3.50806e-06
7.76667 3.0563e-06
7.83333 2.66376e-06
7.9 2.32256e-06
7.96667 2.02585e-06
8.03333 1.76773e-06
8.1 1.54309e-06
8.16667 1.34751e-06
8.23333 1.17716e-06
8.3 1.02872e-06
8.36667 8.99322e-07
8.43333 7.8648e-07
8.5 6.88034e-07
8.56667 6.02113e-07
8.63333 5.27095e-07
8.7 4.61569e-07
8.76667 4.04313e-07
8.83333 3.54264e-07
8.9 3.10498e-07
8.96667 2.72212e-07
9.03333 2.38708e-07
9.1 2.09378e-07
9.16667 1.83693e-07
9.23333 1.61191e-07
9.3 1.41473e-07
9.36667 1.24186e-07
9.43333 1.09028e-07
9.5 9.57301e-08
9.56667 8.40614e-08
9.63333 7.38187e-08
9.7 6.48249e-08
9.76667 5.69253e-08
9.83333 4.99844e-08
9.9 4.38841e-08
9.96667 3.85208e-08
10.0333 3.3804e-08
10.1 2.96545e-08
10.1667 2.6003e-08
10.2333 2.27886e-08
10.3 1.99581e-08
10.3667 1.74648e-08
10.4333 1.52679e-08
10.5 1.33316e-08
10.5667 1.16243e-08
10.6333 1.01185e-08
10.7 8.79011e-09
10.7667 7.61785e-09
10.8333 6.58315e-09
10.9 5.66973e-09
10.9667 4.8633e-09
11.0333 4.1514e-09
11.1 3.5231e-09
11.1667 2.96888e-09
11.2333 2.48045e-09
11.3 2.05065e-09
11.3667 1.67327e-09
11.4333 1.34304e-09
11.5 1.05549e-09
11.5667 8.06929e-10
11.6333 5.94378e-10
11.7 4.15575e-10
11.7667 2.68958e-10
11.8333 1.53694e-10
11.9 6.97316e-11
11.9667 1.78908e-11
