0.0333333 1.0777e-05
0.1 2.20647e-05
0.166667 2.48235e-05
0.233333 2.59713e-05
0.3 2.69553e-05
0.366667 2.79183e-05
0.433333 2.88599e-05
0.5 2.97897e-05
0.566667 3.07448e-05
0.633333 3.17893e-05
0.7 3.30112e-05
0.766667 3.45196e-05
0.833333 3.64419e-05
0.9 3.89202e-05
0.966667 4.21081e-05
1.03333 4.61665e-05
1.1 5.12598e-05
1.16667 5.75513e-05
1.23333 6.51995e-05
1.3 7.4354e-05
1.36667 8.51513e-05
1.43333 9.77116e-05
1.5 0.000112135
1.56667 0.0001285
1.63333 0.000146858
1.7 0.000167233
1.76667 0.000189619
1.83333 0.000213978
1.9 0.000240237
1.96667 0.00026829
2.03333 0.000297997
2.1 0.000329181
2.16667 0.000361634
2.23333 0.000395113
2.3 0.000429347
2.36667 0.000464038
2.43333 0.000498866
2.5 0.00053349
2.56667 0.000567559
2.63333 0.000600712
2.7 0.000632587
2.76667 0.000662829
2.83333 0.000691091
2.9 0.000717048
2.96667 0.000740394
3.03333 0.000760857
3.1 0.000778199
3.16667 0.000792222
3.23333 0.00080277
3.3 0.000809737
3.36667 0.000813064
3.43333 0.000812742
3.5 0.000808812
3.56667 0.000801362
3.63333 0.000790526
3.7 0.000776482
3.76667 0.000759444
3.83333 0.00073966
3.9 0.000717405
3.96667 0.000692975
4.03333 0.00066668
4.1 0.000638841
4.16667 0.000609779
4.23333 0.000579813
4.3 0.000549251
4.36667 0.000518391
4.43333 0.000487508
4.5 0.000456861
4.56667 0.00042668
4.63333 0.000397173
4.7 0.000368517
4.76667 0.000340866
4.83333 0.000314342
4.9 0.000289043
4.96667 0.000265041
5.03333 0.000242384
5.1 0.0002211
5.16667 0.000201195
5.23333 0.00018266
5.3 0.00016547
5.36667 0.000149589
5.43333 0.000134968
5.5 0.000121555
5.56667 0.000109288
5.63333 9.81027e-05
5.7 8.7932e-05
5.76667 7.87079e-05
5.83333 7.03624e-05
5.9 6.28289e-05
5.96667 5.60424e-05
6.03333 4.99405e-05
6.1 4.44638e-05
6.16667 3.95562e-05
6.23333 3.5165e-05
6.3 3.12413e-05
6.36667 2.77395e-05
6.43333 2.46176e-05
6.5 2.18374e-05
6.56667 1.93635e-05
6.63333 1.7164e-05
6.7 1.52098e-05
6.76667 1.34748e-05
6.83333 1.19351e-05
6.9 1.05694e-05
6.96667 9.35868e-06
7.03333 8.28563e-06
7.1 7.33494e-06
7.16667 6.49286e-06
7.23333 5.74717e-06
7.3 5.08695e-06
7.36667 4.5025e-06
7.43333 3.98518e-06
7.5 3.52732e-06
7.56667 3.12213e-06
7.63333 2.76355e-06
7.7 2.44624e-06
7.76667 2.16544e-06
7.83333 1.91697e-06
7.9 1.69709e-06
7.96667 1.5025e-06
8.03333 1.3303e-06
8.1 1.1779e-06
8.16667 1.04302e-06
8.23333 9.23633e-07
8.3 8.17959e-07
8.36667 7.24414e-07
8.43333 6.41602e-07
8.5 5.68286e-07
8.56667 5.03372e-07
8.63333 4.45893e-07
8.7 3.94994e-07
8.76667 3.49919e-07
8.83333 3.09997e-07
8.9 2.74637e-07
8.96667 2.43316e-07
9.03333 2.15569e-07
9.1 1.90987e-07
9.16667 1.69207e-07
9.23333 1.49909e-07
9.3 1.32807e-07
9.36667 1.17651e-07
9.43333 1.04219e-07
9.5 9.2312e-08
9.56667 8.17572e-08
9.63333 7.23997e-08
9.7 6.4103e-08
9.76667 5.6746e-08
9.83333 5.02215e-08
9.9 4.44346e-08
9.96667 3.93013e-08
10.0333 3.47471e-08
10.1 3.07061e-08
10.1667 2.71198e-08
10.2333 2.39366e-08
10.3 2.11106e-08
10.3667 1.86012e-08
10.4333 1.63725e-08
10.5 1.43926e-08
10.5667 1.26333e-08
10.6333 1.10696e-08
10.7 9.67951e-09
10.7667 8.44335e-09
10.8333 7.34387e-09
10.9 6.36577e-09
10.9667 5.49555e-09
11.0333 4.72131e-09
11.1 4.03259e-09
11.1667 3.42018e-09
11.2333 2.87605e-09
11.3 2.39322e-09
11.3667 1.96566e-09
11.4333 1.58822e-09
11.5 1.25659e-09
11.5667 9.67234e-10
11.6333 7.17416e-10
11.7 5.05164e-10
11.7667 3.29319e-10
11.8333 1.89595e-10
11.9 8.66865e-11
11.9667 2.24229e-11
