0.0333333 -1.82032e-05
0.1 -3.24706e-05
0.166667 -3.09243e-05
0.233333 -2.42788e-05
0.3 -8.58114e-06
0.366667 2.17095e-05
0.433333 7.30802e-05
0.5 0.000152779
0.566667 0.000268593
0.633333 0.000428597
0.7 0.000640868
0.766667 0.000913205
0.833333 0.00125284
0.9 0.00166614
0.966667 0.00215839
1.03333 0.0027335
1.1 0.00339383
1.16667 0.00414001
1.23333 0.00497082
1.3 0.00588307
1.36667 0.00687161
1.43333 0.00792932
1.5 0.00904718
1.56667 0.0102144
1.63333 0.0114185
1.7 0.0126458
1.76667 0.0138812
1.83333 0.015109
1.9 0.0163129
1.96667 0.0174763
2.03333 0.0185829
2.1 0.0196171
2.16667 0.0205638
2.23333 0.0214095
2.3 0.0221422
2.36667 0.0227516
2.43333 0.0232295
2.5 0.0235701
2.56667 0.0237699
2.63333 0.0238277
2.7 0.0237449
2.76667 0.0235252
2.83333 0.0231747
2.9 0.0227012
2.96667 0.0221146
3.03333 0.0214262
3.1 0.0206484
3.16667 0.0197946
3.23333 0.0188787
3.3 0.0179145
3.36667 0.0169159
3.43333 0.0158963
3.5 0.0148683
3.56667 0.0138434
3.63333 0.0128322
3.7 0.0118439
3.76667 0.0108864
3.83333 0.0099662
3.9 0.00908861
3.96667 0.00825752
4.03333 0.00747565
4.1 0.00674463
4.16667 0.00606513
4.23333 0.00543694
4.3 0.00485918
4.36667 0.00433036
4.43333 0.00384853
4.5 0.0034114
4.56667 0.00301643
4.63333 0.00266091
4.7 0.00234205
4.76667 0.00205705
4.83333 0.00180313
4.9 0.0015776
4.96667 0.00137785
5.03333 0.00120141
5.1 0.00104597
5.16667 0.000909353
5.23333 0.000789554
5.3 0.000684725
5.36667 0.000593177
5.43333 0.000513375
5.5 0.000443929
5.56667 0.000383591
5.63333 0.000331242
5.7 0.000285884
5.76667 0.000246629
5.83333 0.000212692
5.9 0.00018338
5.96667 0.000158082
6.03333 0.000136265
6.1 0.000117461
6.16667 0.00010126
6.23333 8.73075e-05
6.3 7.52948e-05
6.36667 6.49536e-05
6.43333 5.60521e-05
6.5 4.83897e-05
6.56667 4.17934e-05
6.63333 3.61137e-05
6.7 3.12223e-05
6.76667 2.70083e-05
6.83333 2.33766e-05
6.9 2.02455e-05
6.96667 1.75446e-05
7.03333 1.52138e-05
7.1 1.32012e-05
7.16667 1.14623e-05
7.23333 9.95901e-06
7.3 8.6586e-06
7.36667 7.53295e-06
7.43333 6.55792e-06
7.5 5.7128e-06
7.56667 4.97977e-06
7.63333 4.34353e-06
7.7 3.79092e-06
7.76667 3.31062e-06
7.83333 2.89289e-06
7.9 2.52932e-06
7.96667 2.21268e-06
8.03333 1.93674e-06
8.1 1.69611e-06
8.16667 1.48613e-06
8.23333 1.30279e-06
8.3 1.14261e-06
8.36667 1.00258e-06
8.43333 8.80097e-07
8.5 7.72903e-07
8.56667 6.79039e-07
8.63333 5.96802e-07
8.7 5.24716e-07
8.76667 4.61497e-07
8.83333 4.06027e-07
8.9 3.57334e-07
8.96667 3.14571e-07
9.03333 2.76999e-07
9.1 2.43975e-07
9.16667 2.14936e-07
9.23333 1.89392e-07
9.3 1.66913e-07
9.36667 1.47124e-07
9.43333 1.29698e-07
9.5 1.14346e-07
9.56667 1.00817e-07
9.63333 8.88915e-08
9.7 7.83753e-08
9.76667 6.90992e-08
9.83333 6.09143e-08
9.9 5.36901e-08
9.96667 4.73119e-08
10.0333 4.16788e-08
10.1 3.67024e-08
10.1667 3.23048e-08
10.2333 2.84174e-08
10.3 2.49799e-08
10.3667 2.19394e-08
10.4333 1.92492e-08
10.5 1.68681e-08
10.5667 1.47599e-08
10.6333 1.28929e-08
10.7 1.12388e-08
10.7667 9.77306e-09
10.8333 8.47386e-09
10.9 7.32208e-09
10.9667 6.3009e-09
11.0333 5.39555e-09
11.1 4.59307e-09
11.1667 3.88215e-09
11.2333 3.2529e-09
11.3 2.69676e-09
11.3667 2.20636e-09
11.4333 1.77538e-09
11.5 1.39853e-09
11.5667 1.07146e-09
11.6333 7.90713e-10
11.7 5.53714e-10
11.7667 3.58786e-10
11.8333 2.05171e-10
11.9 9.30925e-11
11.9667 2.38582e-11
