0.0333333 0.0832505 0.116854 0.0775273
0.1 0.0831198 0.117021 0.0774675
0.166667 0.0828611 0.117352 0.0773492
0.233333 0.0824798 0.117837 0.0771751
0.3 0.0819839 0.118464 0.0769491
0.366667 0.081384 0.119218 0.0766763
0.433333 0.0806929 0.120079 0.0763629
0.5 0.0799256 0.121026 0.0760158
0.566667 0.0790986 0.122036 0.0756426
0.633333 0.0782298 0.123085 0.0752516
0.7 0.0773378 0.12415 0.074851
0.766667 0.0764416 0.125205 0.0744495
0.833333 0.0755604 0.126229 0.0740553
0.9 0.0747125 0.127201 0.0736762
0.966667 0.0739155 0.128102 0.0733194
1.03333 0.0731854 0.128916 0.0729912
1.1 0.0725366 0.12963 0.0726969
1.16667 0.071981 0.130234 0.0724404
1.23333 0.071528 0.130723 0.0722245
1.3 0.0711843 0.131094 0.0720501
1.36667 0.0709533 0.131346 0.0719167
1.43333 0.0708354 0.131482 0.0718222
1.5 0.0708275 0.131507 0.0717628
1.56667 0.0709232 0.131429 0.0717329
1.63333 0.0711131 0.131255 0.0717256
1.7 0.0713844 0.130994 0.0717325
1.76667 0.0717217 0.130655 0.0717437
1.83333 0.0721069 0.130246 0.0717486
1.9 0.0725198 0.129774 0.0717353
1.96667 0.0729386 0.129244 0.0716916
2.03333 0.0733401 0.128659 0.0716047
2.1 0.0737004 0.128019 0.0714619
2.16667 0.0739955 0.127323 0.0712505
2.23333 0.0742019 0.126566 0.0709584
2.3 0.0742968 0.125741 0.0705742
2.36667 0.0742593 0.124838 0.0700876
2.43333 0.0740703 0.123845 0.0694896
2.5 0.0737132 0.12275 0.0687725
2.56667 0.0731744 0.121539 0.0679305
2.63333 0.0724436 0.120197 0.0669595
2.7 0.0715139 0.11871 0.0658573
2.76667 0.070382 0.117065 0.0646238
2.83333 0.0690485 0.115251 0.0632607
2.9 0.0675177 0.113256 0.0617719
2.96667 0.0657972 0.111075 0.0601629
3.03333 0.0638982 0.108704 0.0584412
3.1 0.0618348 0.106141 0.0566158
3.16667 0.0596237 0.103389 0.0546969
3.23333 0.0572838 0.100455 0.0526963
3.3 0.0548357 0.0973486 0.0506264
3.36667 0.0523011 0.0940819 0.0485003
3.43333 0.0497024 0.090671 0.0463318
3.5 0.0470621 0.0871346 0.0441346
3.56667 0.0444023 0.0834931 0.0419224
3.63333 0.0417443 0.0797688 0.0397088
3.7 0.0391083 0.0759851 0.0375066
3.76667 0.0365128 0.072166 0.035328
3.83333 0.0339747 0.0683355 0.0331845
3.9 0.0315086 0.0645172 0.0310865
3.96667 0.0291274 0.0607339 0.0290431
4.03333 0.0268416 0.0570072 0.0270627
4.1 0.0246598 0.0533569 0.0251522
4.16667 0.0225881 0.0498008 0.0233173
4.23333 0.0206312 0.0463551 0.0215627
4.3 0.0187915 0.0430332 0.0198919
4.36667 0.0170702 0.0398465 0.0183071
4.43333 0.0154665 0.0368039 0.0168099
4.5 0.0139789 0.0339123 0.0154005
4.56667 0.0126044 0.031176 0.0140786
4.63333 0.0113392 0.0285977 0.0128431
4.7 0.0101789 0.0261778 0.011692
4.76667 0.00911846 0.0239153 0.0106231
4.83333 0.00815249 0.0218076 0.0096335
4.9 0.00727531 0.0198509 0.00872002
4.96667 0.00648113 0.0180401 0.00787917
5.03333 0.0057641 0.0163695 0.00710729
5.1 0.00511845 0.0148327 0.00640054
5.16667 0.00453853 0.0134228 0.00575503
5.23333 0.00401888 0.0121324 0.00516686
5.3 0.00355428 0.0109543 0.00463216
5.36667 0.00313976 0.00988092 0.00414711
5.43333 0.00277064 0.00890496 0.00370801
5.5 0.00244254 0.00801918 0.0033113
5.56667 0.00215141 0.00721659 0.00295355
5.63333 0.00189347 0.00649048 0.00263151
5.7 0.00166528 0.00583447 0.00234212
5.76667 0.00146367 0.00524252 0.00208247
5.83333 0.00128575 0.00470897 0.00184987
5.9 0.00112893 0.00422854 0.00164181
5.96667 0.000990826 0.0037963 0.00145593
6.03333 0.00086932 0.00340773 0.0012901
6.1 0.000762501 0.00305863 0.00114233
6.16667 0.000668659 0.00274517 0.0010108
6.23333 0.000586268 0.00246384 0.000893857
6.3 0.000513969 0.00221145 0.000789982
6.36667 0.000450553 0.00198508 0.000697803
6.43333 0.000394951 0.00178211 0.000616075
6.5 0.000346214 0.00160013 0.000543673
6.56667 0.000303505 0.001437 0.00047958
6.63333 0.000266085 0.00129076 0.000422884
6.7 0.000233303 0.00115968 0.000372764
6.76667 0.000204587 0.00104216 0.000328483
6.83333 0.000179433 0.000936806 0.000289383
6.9 0.000157399 0.000842334 0.000254876
6.96667 0.000138097 0.000757609 0.000224437
7.03333 0.000121186 0.00068161 0.000197597
7.1 0.00010637 0.000613422 0.000173939
7.16667 9.33862e-05 0.000552227 0.000153095
7.23333 8.20066e-05 0.000497293 0.000134734
7.3 7.20311e-05 0.000447965 0.000118566
7.36667 6.32847e-05 0.000403657 0.000104332
7.43333 5.56142e-05 0.000363845 9.18028e-05
7.5 4.88858e-05 0.000328062 8.07772e-05
7.56667 4.29823e-05 0.000295889 7.10758e-05
7.63333 3.78013e-05 0.00026695 6.25407e-05
7.7 3.32531e-05 0.000240913 5.50324e-05
7.76667 2.92595e-05 0.000217477 4.84279e-05
7.83333 2.57519e-05 0.000196375 4.26188e-05
7.9 2.26702e-05 0.000177368 3.75092e-05
7.96667 1.99621e-05 0.000160241 3.30152e-05
8.03333 1.75817e-05 0.000144803 2.90624e-05
8.1 1.54886e-05 0.000130882 2.55857e-05
8.16667 1.36478e-05 0.000118325 2.25274e-05
8.23333 1.20283e-05 0.000106994 1.98372e-05
8.3 1.06032e-05 9.6766e-05 1.74705e-05
8.36667 9.34889e-06 8.75299e-05 1.53882e-05
8.43333 8.24454e-06 7.91869e-05 1.3556e-05
8.5 7.272e-06 7.16481e-05 1.19436e-05
8.56667 6.41532e-06 6.48338e-05 1.05245e-05
8.63333 5.66052e-06 5.86723e-05 9.27542e-06
8.7 4.99532e-06 5.30994e-05 8.17573e-06
8.76667 4.40895e-06 4.80573e-05 7.20746e-06
8.83333 3.89195e-06 4.34941e-05 6.35477e-06
8.9 3.436e-06 3.93631e-05 5.60374e-06
8.96667 3.03381e-06 3.56224e-05 4.94213e-06
9.03333 2.67897e-06 3.22342e-05 4.35919e-06
9.1 2.36583e-06 2.91644e-05 3.84549e-06
9.16667 2.08943e-06 2.63825e-05 3.39271e-06
9.23333 1.84542e-06 2.38609e-05 2.99356e-06
9.3 1.62996e-06 2.15747e-05 2.64161e-06
9.36667 1.43967e-06 1.95015e-05 2.33124e-06
9.43333 1.27158e-06 1.76212e-05 2.05747e-06
9.5 1.12307e-06 1.59155e-05 1.81594e-06
9.56667 9.91831e-07 1.43679e-05 1.60282e-06
9.63333 8.75839e-07 1.29636e-05 1.41473e-06
9.7 7.73303e-07 1.16892e-05 1.24869e-06
9.76667 6.82644e-07 1.05326e-05 1.1021e-06
9.83333 6.02474e-07 9.48284e-06 9.72656e-07
9.9 5.31565e-07 8.52999e-06 8.58323e-07
9.96667 4.68837e-07 7.66512e-06 7.57323e-07
10.0333 4.13336e-07 6.88013e-06 6.68085e-07
10.1 3.6422e-07 6.16771e-06 5.89223e-07
10.1667 3.20747e-07 5.52123e-06 5.1952e-07
10.2333 2.82262e-07 4.93469e-06 4.579e-07
10.3 2.48186e-07 4.40266e-06 4.03418e-07
10.3667 2.18008e-07 3.92023e-06 3.55239e-07
10.4333 1.91278e-07 3.48294e-06 3.12627e-07
10.5 1.67597e-07 3.08676e-06 2.74934e-07
10.5667 1.46614e-07 2.72804e-06 2.41588e-07
10.6333 1.28019e-07 2.40348e-06 2.12086e-07
10.7 1.11537e-07 2.11008e-06 1.85982e-07
10.7667 9.69275e-08 1.84512e-06 1.62886e-07
10.8333 8.39764e-08 1.60614e-06 1.42452e-07
10.9 7.24956e-08 1.39093e-06 1.24376e-07
10.9667 6.23196e-08 1.19748e-06 1.08389e-07
11.0333 5.33024e-08 1.02395e-06 9.42552e-08
11.1 4.53158e-08 8.68709e-07 8.17669e-08
11.1667 3.82474e-08 7.30265e-07 7.07408e-08
11.2333 3.1999e-08 6.07279e-07 6.10159e-08
11.3 2.6485e-08 4.9854e-07 5.24505e-08
11.3667 2.16314e-08 4.0296e-07 4.49199e-08
11.4333 1.73748e-08 3.19561e-07 3.83144e-08
11.5 1.36614e-08 2.47466e-07 3.25372e-08
11.5667 1.04466e-08 1.85891e-07 2.75028e-08
11.6333 7.69462e-09 1.34139e-07 2.31347e-08
11.7 5.37816e-09 9.1589e-08 1.93646e-08
11.7667 3.47849e-09 5.76947e-08 1.61299e-08
11.8333 1.98576e-09 3.19767e-08 1.33732e-08
11.9 8.99638e-10 1.4018e-08 1.10405e-08
11.9667 2.30315e-10 3.46039e-09 9.08126e-09
