0.0333333 -4.22708e-05
0.1 0.000135832
0.166667 0.000470551
0.233333 0.000962801
0.3 0.00160721
0.366667 0.00239548
0.433333 0.00331737
0.5 0.00436092
0.566667 0.0055127
0.633333 0.00675796
0.7 0.00808087
0.766667 0.00946473
0.833333 0.0108922
0.9 0.0123457
0.966667 0.0138072
1.03333 0.0152591
1.1 0.016684
1.16667 0.018065
1.23333 0.019386
1.3 0.0206321
1.36667 0.0217894
1.43333 0.0228452
1.5 0.0237887
1.56667 0.0246103
1.63333 0.0253026
1.7 0.0258595
1.76667 0.0262772
1.83333 0.0265534
1.9 0.026688
1.96667 0.0266825
2.03333 0.0265402
2.1 0.0262661
2.16667 0.0258668
2.23333 0.0253501
2.3 0.0247253
2.36667 0.0240024
2.43333 0.0231925
2.5 0.0223071
2.56667 0.0213585
2.63333 0.0203588
2.7 0.0193202
2.76667 0.0182548
2.83333 0.0171742
2.9 0.0160893
2.96667 0.0150105
3.03333 0.0139471
3.1 0.0129077
3.16667 0.0118994
3.23333 0.0109287
3.3 0.0100007
3.36667 0.00911934
3.43333 0.00828768
3.5 0.00750764
3.56667 0.00678022
3.63333 0.00610556
3.7 0.00548308
3.76667 0.00491154
3.83333 0.00438915
3.9 0.00391374
3.96667 0.0034828
4.03333 0.00309361
4.1 0.00274331
4.16667 0.002429
4.23333 0.00214777
4.3 0.00189679
4.36667 0.00167332
4.43333 0.00147475
4.5 0.00129864
4.56667 0.0011427
4.63333 0.00100482
4.7 0.000883068
4.76667 0.000775681
4.83333 0.000681056
4.9 0.000597751
4.96667 0.00052447
5.03333 0.000460048
5.1 0.00040345
5.16667 0.000353752
5.23333 0.000310131
5.3 0.000271861
5.36667 0.000238296
5.43333 0.000208866
5.5 0.000183069
5.56667 0.00016046
5.63333 0.000140649
5.7 0.000123291
5.76667 0.000108084
5.83333 9.47627e-05
5.9 8.30928e-05
5.96667 7.28697e-05
6.03333 6.39137e-05
6.1 5.60672e-05
6.16667 4.91923e-05
6.23333 4.31681e-05
6.3 3.78885e-05
6.36667 3.3261e-05
6.43333 2.92043e-05
6.5 2.56474e-05
6.56667 2.25283e-05
6.63333 1.97925e-05
6.7 1.73925e-05
6.76667 1.52865e-05
6.83333 1.34383e-05
6.9 1.18159e-05
6.96667 1.03914e-05
7.03333 9.1405e-06
7.1 8.04171e-06
7.16667 7.07635e-06
7.23333 6.22805e-06
7.3 5.48245e-06
7.36667 4.82698e-06
7.43333 4.25063e-06
7.5 3.74375e-06
7.56667 3.29786e-06
7.63333 2.90556e-06
7.7 2.56034e-06
7.76667 2.25649e-06
7.83333 1.989e-06
7.9 1.75348e-06
7.96667 1.54607e-06
8.03333 1.36338e-06
8.1 1.20244e-06
8.16667 1.06063e-06
8.23333 9.3567e-07
8.3 8.25526e-07
8.36667 7.28432e-07
8.43333 6.42827e-07
8.5 5.67341e-07
8.56667 5.00768e-07
8.63333 4.42047e-07
8.7 3.90245e-07
8.76667 3.4454e-07
8.83333 3.04208e-07
8.9 2.68614e-07
8.96667 2.37197e-07
9.03333 2.09463e-07
9.1 1.84978e-07
9.16667 1.63357e-07
9.23333 1.44264e-07
9.3 1.274e-07
9.36667 1.12505e-07
9.43333 9.93454e-08
9.5 8.77187e-08
9.56667 7.7445e-08
9.63333 6.83655e-08
9.7 6.03404e-08
9.76667 5.32465e-08
9.83333 4.69748e-08
9.9 4.14293e-08
9.96667 3.65252e-08
10.0333 3.21878e-08
10.1 2.83509e-08
10.1667 2.49564e-08
10.2333 2.19527e-08
10.3 1.92944e-08
10.3667 1.69413e-08
10.4333 1.48582e-08
10.5 1.30137e-08
10.5667 1.13802e-08
10.6333 9.93327e-09
10.7 8.65151e-09
10.7667 7.51589e-09
10.8333 6.50969e-09
10.9 5.61814e-09
10.9667 4.82827e-09
11.0333 4.12863e-09
11.1 3.5092e-09
11.1667 2.96118e-09
11.2333 2.47689e-09
11.3 2.04964e-09
11.3667 1.67366e-09
11.4333 1.344e-09
11.5 1.05649e-09
11.5667 8.0764e-10
11.6333 5.94677e-10
11.7 4.15479e-10
11.7667 2.68588e-10
11.8333 1.53233e-10
11.9 6.93669e-11
11.9667 1.77397e-11
