-209.503 -1.70481e-05
-204.503 -1.62048e-05
-199.503 -1.52727e-05
-194.503 -1.42475e-05
-189.503 -1.31246e-05
-184.503 -1.18991e-05
-179.503 -1.05651e-05
-174.503 -9.11551e-06
-169.503 -7.54174e-06
-164.503 -5.83303e-06
-159.503 -3.97584e-06
-154.503 -1.9532e-06
-149.503 2.55994e-07
-144.503 2.67769e-06
-139.503 5.34319e-06
-134.503 8.28943e-06
-129.503 1.15587e-05
-124.503 1.51975e-05
-119.503 1.9254e-05
-114.503 2.37738e-05
-109.503 2.87928e-05
-104.503 3.43283e-05
-99.503 4.03672e-05
-94.503 4.68559e-05
-89.503 5.36962e-05
-84.503 6.07609e-05
-79.503 6.79473e-05
-74.503 7.52943e-05
-69.503 8.33176e-05
-64.503 9.38569e-05
-61.503 0.000102077
-60.503 0.000105201
-59.503 0.000108531
-58.503 0.00011207
-57.503 0.000115817
-56.503 0.000119767
-55.503 0.000123909
-54.503 0.000128227
-53.503 0.000132698
-52.503 0.000137292
-51.503 0.000141972
-50.503 0.000146697
-49.503 0.000151418
-48.503 0.000156083
-47.503 0.000160635
-46.503 0.000165019
-45.503 0.000169176
-44.503 0.000173054
-43.503 0.000176607
-42.503 0.000180127
-41.503 0.000183858
-40.503 0.000187789
-39.503 0.00019191
-38.503 0.000196207
-37.503 0.000200663
-36.503 0.000205259
-35.503 0.000209968
-34.503 0.000214757
-33.503 0.000219583
-32.503 0.000224394
-31.503 0.000229121
-30.503 0.000233678
-29.503 0.000237958
-28.503 0.000241822
-27.503 0.000245095
-26.503 0.000247557
-25.503 0.000248928
-24.503 0.000248857
-23.503 0.000246905
-22.503 0.000242538
-21.503 0.000235113
-20.503 0.000223892
-19.703 0.000211654
-19.503 0.00020809
-19.303 0.000204314
-19.103 0.000200319
-18.903 0.000196103
-18.703 0.00019166
-18.503 0.000186989
-18.303 0.000182086
-18.103 0.000176951
-17.903 0.000171584
-17.703 0.000165987
-17.503 0.000160162
-17.303 0.000154114
-17.103 0.00014785
-16.903 0.000141378
-16.703 0.000134711
-16.503 0.000127861
-16.303 0.000120847
-16.103 0.000113686
-15.903 0.000106402
-15.703 9.90218e-05
-15.503 9.15746e-05
-15.303 8.4094e-05
-15.103 7.66172e-05
-14.903 6.9185e-05
-14.703 6.18423e-05
-14.503 5.46373e-05
-14.303 4.76217e-05
-14.103 4.08506e-05
-13.903 3.43819e-05
-13.703 2.8276e-05
-13.503 2.25953e-05
-13.303 1.74036e-05
-13.103 1.27657e-05
-12.903 8.74636e-06
-12.703 5.40991e-06
-12.503 2.81934e-06
-12.303 1.03568e-06
-12.103 1.17308e-07
