0.0333333 -4.37609e-06
0.1 -1.14238e-05
0.166667 -1.5273e-05
0.233333 -1.72636e-05
0.3 -1.86435e-05
0.366667 -1.98862e-05
0.433333 -2.11347e-05
0.5 -2.24252e-05
0.566667 -2.37611e-05
0.633333 -2.51369e-05
0.7 -2.65445e-05
0.766667 -2.79761e-05
0.833333 -2.9424e-05
0.9 -3.08811e-05
0.966667 -3.23397e-05
1.03333 -3.37911e-05
1.1 -3.5225e-05
1.16667 -3.66286e-05
1.23333 -3.79857e-05
1.3 -3.92762e-05
1.36667 -4.04748e-05
1.43333 -4.15512e-05
1.5 -4.24687e-05
1.56667 -4.31847e-05
1.63333 -4.36498e-05
1.7 -4.38086e-05
1.76667 -4.35993e-05
1.83333 -4.29549e-05
1.9 -4.18038e-05
1.96667 -4.00707e-05
2.03333 -3.76788e-05
2.1 -3.45509e-05
2.16667 -3.06118e-05
2.23333 -2.57909e-05
2.3 -2.00247e-05
2.36667 -1.326e-05
2.43333 -5.45661e-06
2.5 3.40939e-06
2.56667 1.33427e-05
2.63333 2.43263e-05
2.7 3.63192e-05
2.76667 4.92548e-05
2.83333 6.30403e-05
2.9 7.75568e-05
2.96667 9.26603e-05
3.03333 0.000108184
3.1 0.000123943
3.16667 0.000139733
3.23333 0.000155345
3.3 0.000170561
3.36667 0.000185165
3.43333 0.00019895
3.5 0.000211719
3.56667 0.000223297
3.63333 0.000233529
3.7 0.000242288
3.76667 0.000249479
3.83333 0.000255035
3.9 0.000258922
3.96667 0.00026114
4.03333 0.000261716
4.1 0.000260706
4.16667 0.000258192
4.23333 0.000254275
4.3 0.000249074
4.36667 0.000242721
4.43333 0.00023536
4.5 0.000227136
4.56667 0.000218198
4.63333 0.000208693
4.7 0.000198764
4.76667 0.000188545
4.83333 0.000178162
4.9 0.000167732
4.96667 0.000157357
5.03333 0.00014713
5.1 0.000137129
5.16667 0.00012742
5.23333 0.000118059
5.3 0.000109087
5.36667 0.000100538
5.43333 9.24341e-05
5.5 8.4789e-05
5.56667 7.76091e-05
5.63333 7.08938e-05
5.7 6.46373e-05
5.76667 5.88289e-05
5.83333 5.34542e-05
5.9 4.84961e-05
5.96667 4.39351e-05
6.03333 3.97503e-05
6.1 3.592e-05
6.16667 3.24219e-05
6.23333 2.92337e-05
6.3 2.63336e-05
6.36667 2.37e-05
6.43333 2.13122e-05
6.5 1.91505e-05
6.56667 1.71962e-05
6.63333 1.54314e-05
6.7 1.38396e-05
6.76667 1.24054e-05
6.83333 1.11143e-05
6.9 9.95306e-06
6.96667 8.90946e-06
7.03333 7.97225e-06
7.1 7.13113e-06
7.16667 6.3767e-06
7.23333 5.70041e-06
7.3 5.09445e-06
7.36667 4.55177e-06
7.43333 4.06595e-06
7.5 3.63121e-06
7.56667 3.24232e-06
7.63333 2.89454e-06
7.7 2.58362e-06
7.76667 2.30574e-06
7.83333 2.05744e-06
7.9 1.83562e-06
7.96667 1.63751e-06
8.03333 1.4606e-06
8.1 1.30265e-06
8.16667 1.16165e-06
8.23333 1.03581e-06
8.3 9.23507e-07
8.36667 8.23302e-07
8.43333 7.33903e-07
8.5 6.54153e-07
8.56667 5.83018e-07
8.63333 5.19575e-07
8.7 4.62997e-07
8.76667 4.12545e-07
8.83333 3.6756e-07
8.9 3.27453e-07
8.96667 2.91696e-07
9.03333 2.59821e-07
9.1 2.31408e-07
9.16667 2.06081e-07
9.23333 1.83507e-07
9.3 1.63387e-07
9.36667 1.45456e-07
9.43333 1.29475e-07
9.5 1.15232e-07
9.56667 1.02539e-07
9.63333 9.12277e-08
9.7 8.11466e-08
9.76667 7.21622e-08
9.83333 6.41548e-08
9.9 5.70178e-08
9.96667 5.06563e-08
10.0333 4.49856e-08
10.1 3.993e-08
10.1667 3.54224e-08
10.2333 3.14028e-08
10.3 2.78176e-08
10.3667 2.46194e-08
10.4333 2.17657e-08
10.5 1.92187e-08
10.5667 1.69448e-08
10.6333 1.49142e-08
10.7 1.31001e-08
10.7667 1.14789e-08
10.8333 1.00297e-08
10.9 8.7336e-09
10.9667 7.57425e-09
11.0333 6.53697e-09
11.1 5.60889e-09
11.1667 4.77866e-09
11.2333 4.03639e-09
11.3 3.37348e-09
11.3667 2.78256e-09
11.4333 2.2574e-09
11.5 1.79284e-09
11.5667 1.38481e-09
11.6333 1.03027e-09
11.7 7.27257e-10
11.7667 4.74932e-10
11.8333 2.73643e-10
11.9 1.25042e-10
11.9667 3.22405e-11
