0.0333333 7.32879e-05
0.1 0.000143781
0.166667 0.000303312
0.233333 0.000544485
0.3 0.000862981
0.366667 0.00125435
0.433333 0.00171327
0.5 0.00223353
0.566667 0.0028081
0.633333 0.00342928
0.7 0.00408879
0.766667 0.00477791
0.833333 0.00548764
0.9 0.0062088
0.966667 0.0069322
1.03333 0.00764874
1.1 0.00834956
1.16667 0.00902616
1.23333 0.00967049
1.3 0.0102751
1.36667 0.0108332
1.43333 0.0113388
1.5 0.0117866
1.56667 0.0121723
1.63333 0.0124926
1.7 0.012745
1.76667 0.012928
1.83333 0.013041
1.9 0.0130846
1.96667 0.01306
2.03333 0.0129693
2.1 0.0128155
2.16667 0.0126023
2.23333 0.0123339
2.3 0.0120151
2.36667 0.0116512
2.43333 0.0112475
2.5 0.01081
2.56667 0.0103444
2.63333 0.00985656
2.7 0.00935233
2.76667 0.00883727
2.83333 0.0083167
2.9 0.00779565
2.96667 0.00727872
3.03333 0.00677011
3.1 0.00627353
3.16667 0.00579222
3.23333 0.00532889
3.3 0.00488578
3.36667 0.00446461
3.43333 0.00406667
3.5 0.00369277
3.56667 0.00334334
3.63333 0.00301844
3.7 0.00271781
3.76667 0.00244089
3.83333 0.00218694
3.9 0.00195498
3.96667 0.00174393
4.03333 0.0015526
4.1 0.00137972
4.16667 0.001224
4.23333 0.00108414
4.3 0.000958864
4.36667 0.000846929
4.43333 0.00074714
4.5 0.000658366
4.56667 0.000579544
4.63333 0.00050968
4.7 0.000447857
4.76667 0.000393231
4.83333 0.00034503
4.9 0.000302552
4.96667 0.000265159
5.03333 0.000232277
5.1 0.00020339
5.16667 0.000178034
5.23333 0.000155795
5.3 0.000136303
5.36667 0.00011923
5.43333 0.000104283
5.5 9.1204e-05
5.56667 7.97638e-05
5.63333 6.97605e-05
5.7 6.10159e-05
5.76667 5.33731e-05
5.83333 4.66941e-05
5.9 4.0858e-05
5.96667 3.57584e-05
6.03333 3.13023e-05
6.1 2.74082e-05
6.16667 2.40048e-05
6.23333 2.10298e-05
6.3 1.84288e-05
6.36667 1.61544e-05
6.43333 1.41649e-05
6.5 1.24242e-05
6.56667 1.09008e-05
6.63333 9.5672e-06
6.7 8.39931e-06
6.76667 7.37623e-06
6.83333 6.47972e-06
6.9 5.69385e-06
6.96667 5.00474e-06
7.03333 4.40028e-06
7.1 3.86989e-06
7.16667 3.40434e-06
7.23333 2.99558e-06
7.3 2.63656e-06
7.36667 2.32114e-06
7.43333 2.04393e-06
7.5 1.80023e-06
7.56667 1.58594e-06
7.63333 1.39745e-06
7.7 1.23161e-06
7.76667 1.08566e-06
7.83333 9.57188e-07
7.9 8.44067e-07
7.96667 7.44441e-07
8.03333 6.56682e-07
8.1 5.79358e-07
8.16667 5.11215e-07
8.23333 4.5115e-07
8.3 3.98196e-07
8.36667 3.51503e-07
8.43333 3.10321e-07
8.5 2.73996e-07
8.56667 2.41948e-07
8.63333 2.13669e-07
8.7 1.88712e-07
8.76667 1.66684e-07
8.83333 1.47238e-07
8.9 1.30068e-07
8.96667 1.14907e-07
9.03333 1.01517e-07
9.1 8.96905e-08
9.16667 7.92429e-08
9.23333 7.00125e-08
9.3 6.18563e-08
9.36667 5.46486e-08
9.43333 4.82782e-08
9.5 4.26471e-08
9.56667 3.76691e-08
9.63333 3.32677e-08
9.7 2.93757e-08
9.76667 2.59337e-08
9.83333 2.28893e-08
9.9 2.01962e-08
9.96667 1.78135e-08
10.0333 1.57052e-08
10.1 1.38394e-08
10.1667 1.21879e-08
10.2333 1.0726e-08
10.3 9.43157e-09
10.3667 8.2853e-09
10.4333 7.27005e-09
10.5 6.37068e-09
10.5667 5.57384e-09
10.6333 4.8677e-09
10.7 4.24186e-09
10.7667 3.68711e-09
10.8333 3.19533e-09
10.9 2.75937e-09
10.9667 2.37292e-09
11.0333 2.03043e-09
11.1 1.72702e-09
11.1667 1.45842e-09
11.2333 1.22088e-09
11.3 1.01117e-09
11.3667 8.26474e-10
11.4333 6.64379e-10
11.5 5.22854e-10
11.5667 4.00214e-10
11.6333 2.95109e-10
11.7 2.06519e-10
11.7667 1.33755e-10
11.8333 7.64738e-11
11.9 3.47074e-11
11.9667 8.9048e-12
