-209.503 2.50677e-05
-204.503 2.49184e-05
-199.503 2.47742e-05
-194.503 2.46463e-05
-189.503 2.45489e-05
-184.503 2.44989e-05
-179.503 2.45167e-05
-174.503 2.46267e-05
-169.503 2.48573e-05
-164.503 2.52423e-05
-159.503 2.58208e-05
-154.503 2.66384e-05
-149.503 2.77479e-05
-144.503 2.92098e-05
-139.503 3.10932e-05
-134.503 3.34758e-05
-129.503 3.64432e-05
-124.503 4.00872e-05
-119.503 4.45019e-05
-114.503 4.97765e-05
-109.503 5.59849e-05
-104.503 6.31703e-05
-99.503 7.13273e-05
-94.503 8.03837e-05
-89.503 9.01944e-05
-84.503 0.000100563
-79.503 0.00011133
-74.503 0.00012256
-69.503 0.000135104
-64.503 0.000151995
-61.503 0.00016539
-60.503 0.000170521
-59.503 0.00017601
-58.503 0.000181866
-57.503 0.000188089
-56.503 0.000194676
-55.503 0.000201611
-54.503 0.000208871
-53.503 0.00021642
-52.503 0.000224215
-51.503 0.000232198
-50.503 0.000240302
-49.503 0.000248453
-48.503 0.000256565
-47.503 0.000264551
-46.503 0.00027232
-45.503 0.000279782
-44.503 0.000286854
-43.503 0.000293468
-42.503 0.000300125
-41.503 0.000307221
-40.503 0.000314741
-39.503 0.00032267
-38.503 0.000330994
-37.503 0.000339691
-36.503 0.000348733
-35.503 0.000358083
-34.503 0.000367691
-33.503 0.000377494
-32.503 0.000387406
-31.503 0.000397319
-30.503 0.000407091
-29.503 0.000416538
-28.503 0.000425424
-27.503 0.000433445
-26.503 0.000440207
-25.503 0.000445209
-24.503 0.00044781
-23.503 0.000447203
-22.503 0.000442378
-21.503 0.000432109
-20.503 0.000414946
-19.703 0.000395178
-19.503 0.000389288
-19.303 0.000382995
-19.103 0.000376285
-18.903 0.000369149
-18.703 0.000361576
-18.503 0.000353557
-18.303 0.000345085
-18.103 0.000336155
-17.903 0.000326762
-17.703 0.000316905
-17.503 0.000306585
-17.303 0.000295807
-17.103 0.000284578
-16.903 0.000272909
-16.703 0.000260817
-16.503 0.000248322
-16.303 0.00023545
-16.103 0.000222233
-15.903 0.000208709
-15.703 0.000194923
-15.503 0.000180926
-15.303 0.00016678
-15.103 0.000152551
-14.903 0.000138315
-14.703 0.000124158
-14.503 0.000110172
-14.303 9.64594e-05
-14.103 8.31305e-05
-13.903 7.03039e-05
-13.703 5.81061e-05
-13.503 4.66704e-05
-13.303 3.61368e-05
-13.103 2.66507e-05
-12.903 1.83616e-05
-12.703 1.14225e-05
-12.503 5.98782e-06
-12.303 2.21291e-06
-12.103 2.52202e-07
