-209.503 2.70316e-05
-204.503 2.72781e-05
-199.503 2.7575e-05
-194.503 2.79409e-05
-189.503 2.83987e-05
-184.503 2.8976e-05
-179.503 2.97065e-05
-174.503 3.06304e-05
-169.503 3.17962e-05
-164.503 3.32618e-05
-159.503 3.50962e-05
-154.503 3.73814e-05
-149.503 4.02148e-05
-144.503 4.37111e-05
-139.503 4.80046e-05
-134.503 5.32507e-05
-129.503 5.96266e-05
-124.503 6.73294e-05
-119.503 7.65702e-05
-114.503 8.75632e-05
-109.503 0.000100506
-104.503 0.000115551
-99.503 0.000132768
-94.503 0.000152108
-89.503 0.000173379
-84.503 0.000196289
-79.503 0.000220618
-74.503 0.000246624
-69.503 0.000276328
-64.503 0.000316738
-61.503 0.000349148
-60.503 0.000361673
-59.503 0.000375149
-58.503 0.000389619
-57.503 0.000405114
-56.503 0.00042165
-55.503 0.000439226
-54.503 0.000457821
-53.503 0.00047739
-52.503 0.000497866
-51.503 0.000519157
-50.503 0.000541146
-49.503 0.000563697
-48.503 0.000586655
-47.503 0.000609854
-46.503 0.000633125
-45.503 0.000656302
-44.503 0.000679243
-43.503 0.000701866
-42.503 0.000725482
-41.503 0.000751058
-40.503 0.000778631
-39.503 0.000808269
-38.503 0.000840049
-37.503 0.000874049
-36.503 0.000910344
-35.503 0.000949001
-34.503 0.000990071
-33.503 0.00103358
-32.503 0.00107953
-31.503 0.00112784
-30.503 0.00117841
-29.503 0.00123098
-28.503 0.00128518
-27.503 0.00134045
-26.503 0.00139592
-25.503 0.00145039
-24.503 0.00150213
-23.503 0.00154874
-22.503 0.00158691
-21.503 0.00161214
-20.503 0.00161841
-19.703 0.00160455
-19.503 0.00159784
-19.303 0.00158966
-19.103 0.00157992
-18.903 0.00156853
-18.703 0.0015554
-18.503 0.00154041
-18.303 0.00152347
-18.103 0.00150448
-17.903 0.00148333
-17.703 0.00145991
-17.503 0.00143411
-17.303 0.00140584
-17.103 0.00137499
-16.903 0.00134146
-16.703 0.00130516
-16.503 0.001266
-16.303 0.00122392
-16.103 0.00117886
-15.903 0.00113078
-15.703 0.00107966
-15.503 0.00102551
-15.303 0.000968379
-15.103 0.000908355
-14.903 0.000845576
-14.703 0.000780236
-14.503 0.000712605
-14.303 0.000643035
-14.103 0.00057198
-13.903 0.000500013
-13.703 0.000427849
-13.503 0.00035637
-13.303 0.000286657
-13.103 0.000220029
-12.903 0.000158087
-12.703 0.000102769
-12.503 5.64229e-05
-12.303 2.18912e-05
-12.103 2.62603e-06
