0.0333333 4.37478e-06
0.1 1.14111e-05
0.166667 1.52431e-05
0.233333 1.72128e-05
0.3 1.85664e-05
0.366667 1.97757e-05
0.433333 2.09824e-05
0.5 2.22216e-05
0.566667 2.34961e-05
0.633333 2.47996e-05
0.7 2.61241e-05
0.766667 2.74624e-05
0.833333 2.88088e-05
0.9 3.01595e-05
0.966667 3.15127e-05
1.03333 3.2869e-05
1.1 3.42312e-05
1.16667 3.56043e-05
1.23333 3.69961e-05
1.3 3.84165e-05
1.36667 3.98781e-05
1.43333 4.13956e-05
1.5 4.29858e-05
1.56667 4.46671e-05
1.63333 4.64596e-05
1.7 4.83843e-05
1.76667 5.04628e-05
1.83333 5.27171e-05
1.9 5.51688e-05
1.96667 5.7839e-05
2.03333 6.07474e-05
2.1 6.39123e-05
2.16667 6.73501e-05
2.23333 7.10746e-05
2.3 7.50965e-05
2.36667 7.94232e-05
2.43333 8.4058e-05
2.5 8.89998e-05
2.56667 9.42423e-05
2.63333 9.97737e-05
2.7 0.000105576
2.76667 0.000111625
2.83333 0.000117889
2.9 0.000124329
2.96667 0.000130901
3.03333 0.000137549
3.1 0.000144216
3.16667 0.000150834
3.23333 0.000157332
3.3 0.000163632
3.36667 0.000169657
3.43333 0.000175325
3.5 0.000180555
3.56667 0.000185269
3.63333 0.000189393
3.7 0.00019286
3.76667 0.000195609
3.83333 0.000197593
3.9 0.000198773
3.96667 0.000199124
4.03333 0.000198635
4.1 0.000197309
4.16667 0.000195161
4.23333 0.000192221
4.3 0.00018853
4.36667 0.000184141
4.43333 0.000179115
4.5 0.000173521
4.56667 0.000167433
4.63333 0.000160931
4.7 0.000154093
4.76667 0.000147
4.83333 0.00013973
4.9 0.000132357
4.96667 0.00012495
5.03333 0.000117576
5.1 0.000110291
5.16667 0.000103149
5.23333 9.6192e-05
5.3 8.9459e-05
5.36667 8.29804e-05
5.43333 7.67802e-05
5.5 7.08762e-05
5.56667 6.52805e-05
5.63333 6.00002e-05
5.7 5.50377e-05
5.76667 5.03915e-05
5.83333 4.60567e-05
5.9 4.20256e-05
5.96667 3.82885e-05
6.03333 3.48336e-05
6.1 3.1648e-05
6.16667 2.87178e-05
6.23333 2.60287e-05
6.3 2.35659e-05
6.36667 2.13148e-05
6.43333 1.92608e-05
6.5 1.73898e-05
6.56667 1.56881e-05
6.63333 1.41424e-05
6.7 1.27404e-05
6.76667 1.14701e-05
6.83333 1.03205e-05
6.9 9.28113e-06
6.96667 8.34228e-06
7.03333 7.49497e-06
7.1 6.73087e-06
7.16667 6.04231e-06
7.23333 5.42222e-06
7.3 4.86414e-06
7.36667 4.36215e-06
7.43333 3.91084e-06
7.5 3.50529e-06
7.56667 3.14102e-06
7.63333 2.81396e-06
7.7 2.52042e-06
7.76667 2.25704e-06
7.83333 2.02082e-06
7.9 1.809e-06
7.96667 1.61912e-06
8.03333 1.44894e-06
8.1 1.29647e-06
8.16667 1.15988e-06
8.23333 1.03755e-06
8.3 9.28004e-07
8.36667 8.29927e-07
8.43333 7.4213e-07
8.5 6.63549e-07
8.56667 5.93224e-07
8.63333 5.30298e-07
8.7 4.73997e-07
8.76667 4.2363e-07
8.83333 3.78575e-07
8.9 3.38277e-07
8.96667 3.02236e-07
9.03333 2.70005e-07
9.1 2.41183e-07
9.16667 2.1541e-07
9.23333 1.92367e-07
9.3 1.71764e-07
9.36667 1.53344e-07
9.43333 1.36876e-07
9.5 1.22154e-07
9.56667 1.08992e-07
9.63333 9.72258e-08
9.7 8.67068e-08
9.76667 7.73027e-08
9.83333 6.88952e-08
9.9 6.13782e-08
9.96667 5.46572e-08
10.0333 4.86474e-08
10.1 4.32731e-08
10.1667 3.84667e-08
10.2333 3.41675e-08
10.3 3.03216e-08
10.3667 2.68807e-08
10.4333 2.38016e-08
10.5 2.10457e-08
10.5667 1.85787e-08
10.6333 1.63698e-08
10.7 1.43916e-08
10.7667 1.26197e-08
10.8333 1.10324e-08
10.9 9.61016e-09
10.9667 8.33589e-09
11.0333 7.19428e-09
11.1 6.17181e-09
11.1667 5.25656e-09
11.2333 4.43805e-09
11.3 3.70715e-09
11.3667 3.05594e-09
11.4333 2.4777e-09
11.5 1.96677e-09
11.5667 1.51861e-09
11.6333 1.12972e-09
11.7 7.97747e-10
11.7667 5.2148e-10
11.8333 3.01032e-10
11.9 1.3801e-10
11.9667 3.58047e-11
