-202.21 -9.63715e-06
-197.21 -8.45385e-06
-192.21 -7.1075e-06
-187.21 -5.57815e-06
-182.21 -3.84239e-06
-177.21 -1.87251e-06
-172.21 3.64569e-07
-167.21 2.90868e-06
-162.21 5.80805e-06
-157.21 9.12136e-06
-152.21 1.29202e-05
-147.21 1.72918e-05
-142.21 2.23425e-05
-137.21 2.82012e-05
-132.21 3.50234e-05
-127.21 4.29941e-05
-122.21 5.23305e-05
-117.21 6.32819e-05
-112.21 7.61257e-05
-107.21 9.11568e-05
-102.21 0.000108667
-97.21 0.000128916
-92.21 0.000152086
-87.21 0.00017824
-82.21 0.000207299
-77.21 0.000239092
-72.21 0.000273586
-67.21 0.000311443
-64.21 0.000336702
-63.21 0.000345944
-62.21 0.00035579
-61.21 0.000366309
-60.21 0.000377578
-59.21 0.000389683
-58.21 0.000402714
-57.21 0.00041677
-56.21 0.000431952
-55.21 0.000448366
-54.21 0.000466121
-53.21 0.00048532
-52.21 0.000506067
-51.21 0.000528454
-50.21 0.000552563
-49.21 0.000578459
-48.21 0.000606188
-47.21 0.000635768
-46.21 0.000667193
-45.21 0.000700424
-44.21 0.000735394
-43.21 0.000772002
-42.21 0.000810121
-41.21 0.000849606
-40.21 0.000890294
-39.21 0.000932026
-38.21 0.000974658
-37.21 0.00101809
-36.21 0.00106235
-35.21 0.00110963
-34.21 0.00116157
-33.21 0.00121846
-32.21 0.00128072
-31.21 0.00134883
-30.21 0.00142332
-29.21 0.00150482
-28.21 0.00159401
-27.21 0.00169167
-26.21 0.00179866
-25.21 0.00191597
-24.21 0.00204466
-23.21 0.00218595
-22.21 0.00234116
-21.21 0.00251176
-20.21 0.00269934
-19.21 0.0029056
-18.21 0.00313236
-17.21 0.00338153
-16.21 0.00365505
-15.21 0.00395493
-14.21 0.00428323
-13.21 0.00464222
-12.685 0.0048439
-12.635 0.0048636
-12.585 0.0048834
-12.535 0.00490329
-12.485 0.00492326
-12.435 0.00494333
-12.385 0.00496349
-12.335 0.00498374
-12.285 0.00500408
-12.235 0.00502452
-12.185 0.00504505
-12.135 0.00506568
-12.085 0.0050864
-12.035 0.00510722
-11.985 0.00512814
-11.935 0.00514915
-11.885 0.00517027
-11.835 0.00519148
-11.785 0.00521279
-11.735 0.00523421
-11.685 0.00525573
-11.635 0.00527735
-11.585 0.00529907
-11.535 0.00532091
-11.485 0.00534285
-11.435 0.00536489
-11.385 0.00538705
-11.335 0.00540932
-11.285 0.0054317
-11.235 0.00545419
-11.185 0.0054768
-11.135 0.00549952
-11.085 0.00552237
-11.035 0.00554533
-10.985 0.00556841
-10.935 0.00559162
-10.885 0.00561495
-10.835 0.0056384
-10.785 0.00566199
-10.735 0.00568571
-10.685 0.00570956
-10.635 0.00573354
-10.585 0.00575766
-10.535 0.00578193
-10.485 0.00580633
-10.435 0.00583088
-10.385 0.00585558
-10.335 0.00588043
-10.285 0.00590543
-10.235 0.00593059
-10.185 0.00595591
-10.135 0.00598139
-10.085 0.00600705
-10.035 0.00603287
-9.985 0.00605887
-9.935 0.00608505
-9.885 0.00611141
-9.835 0.00613796
-9.785 0.00616471
-9.735 0.00619165
-9.685 0.0062188
-9.635 0.00624616
-9.585 0.00627374
-9.535 0.00630153
-9.485 0.00632955
-9.435 0.00635781
-9.385 0.00638632
-9.335 0.00641507
-9.285 0.00644408
-9.235 0.00647335
-9.185 0.0065029
-9.135 0.00653274
-9.085 0.00656287
-9.035 0.0065933
-8.985 0.00662405
-8.935 0.00665513
-8.885 0.00668655
-8.835 0.00671832
-8.785 0.00675046
-8.735 0.00678298
-8.685 0.0068159
-8.635 0.00684923
-8.585 0.00688299
-8.535 0.0069172
-8.485 0.00695188
-8.435 0.00698704
-8.385 0.00702273
-8.335 0.00705894
-8.285 0.00709572
-8.235 0.00713309
-8.185 0.00717108
-8.135 0.00720971
-8.085 0.00724903
-8.035 0.00728907
-7.985 0.00732986
-7.935 0.00737145
-7.885 0.00741387
-7.835 0.00745719
-7.785 0.00750145
-7.735 0.0075467
-7.685 0.00759301
-7.635 0.00764043
-7.585 0.00768904
-7.535 0.00773892
-7.485 0.00779014
-7.435 0.0078428
-7.385 0.007897
-7.335 0.00795283
-7.285 0.00801042
-7.235 0.0080699
-7.185 0.00813141
-7.135 0.00819509
-7.085 0.00826112
-7.035 0.0083297
-6.985 0.00840102
-6.935 0.00847533
-6.885 0.00855287
-6.835 0.00863394
-6.785 0.00871887
-6.735 0.00880801
-6.685 0.00890177
-6.635 0.00900063
-6.585 0.0091051
-6.535 0.0092158
-6.485 0.0093334
-6.435 0.00945871
-6.385 0.00959264
-6.335 0.00973625
-6.285 0.00989079
-6.235 0.0100577
-6.185 0.0102388
-6.135 0.0104361
-6.085 0.0106521
-6.035 0.0108898
-5.985 0.0111529
-5.935 0.011446
-5.885 0.0117747
-5.835 0.0121464
-5.785 0.0125703
-5.735 0.0130586
-5.685 0.0136273
-5.635 0.0142984
-5.585 0.0151023
-5.535 0.0160825
-5.485 0.0173035
-5.435 0.0188642
-5.385 0.0209245
-5.335 0.0237588
-5.285 0.0278764
-5.235 0.0343274
-5.185 0.0456215
-5.135 0.0692825
-5.085 0.138966
-5.035 0.665724
-4.985 1.63893
-4.935 0.0751423
-4.885 0.0150028
-4.835 0.00376561
-4.785 0.000803619
-4.735 5.89903e-05
