-202.21 2.35653e-05
-197.21 2.31812e-05
-192.21 2.27794e-05
-187.21 2.23677e-05
-182.21 2.19559e-05
-177.21 2.15557e-05
-172.21 2.11811e-05
-167.21 2.08484e-05
-162.21 2.05768e-05
-157.21 2.03881e-05
-152.21 2.03073e-05
-147.21 2.0363e-05
-142.21 2.05871e-05
-137.21 2.10157e-05
-132.21 2.16888e-05
-127.21 2.265e-05
-122.21 2.39464e-05
-117.21 2.56269e-05
-112.21 2.77397e-05
-107.21 3.03285e-05
-102.21 3.34261e-05
-97.21 3.70464e-05
-92.21 4.1175e-05
-87.21 4.57596e-05
-82.21 5.07081e-05
-77.21 5.59022e-05
-72.21 6.12438e-05
-67.21 6.67549e-05
-64.21 7.0256e-05
-63.21 7.15183e-05
-62.21 7.28602e-05
-61.21 7.42907e-05
-60.21 7.58192e-05
-59.21 7.7456e-05
-58.21 7.92112e-05
-57.21 8.10954e-05
-56.21 8.31186e-05
-55.21 8.52904e-05
-54.21 8.76191e-05
-53.21 9.01116e-05
-52.21 9.27725e-05
-51.21 9.5604e-05
-50.21 9.86045e-05
-49.21 0.000101769
-48.21 0.000105087
-47.21 0.000108544
-46.21 0.00011212
-45.21 0.000115788
-44.21 0.000119518
-43.21 0.000123274
-42.21 0.000127014
-41.21 0.000130694
-40.21 0.000134267
-39.21 0.000137685
-38.21 0.000140901
-37.21 0.000143869
-36.21 0.000146552
-35.21 0.000149191
-34.21 0.000151987
-33.21 0.00015493
-32.21 0.00015801
-31.21 0.000161215
-30.21 0.000164529
-29.21 0.000167934
-28.21 0.000171407
-27.21 0.000174918
-26.21 0.000178431
-25.21 0.000181902
-24.21 0.000185272
-23.21 0.000188472
-22.21 0.000191412
-21.21 0.00019398
-20.21 0.000196035
-19.21 0.000197399
-18.21 0.000197852
-17.21 0.000197115
-16.21 0.00019485
-15.21 0.00019064
-14.21 0.000183999
-13.21 0.000174375
-12.61 0.000166931
-12.41 0.000164145
-12.21 0.0001612
-12.01 0.000158093
-11.81 0.00015482
-11.61 0.000151378
-11.41 0.000147766
-11.21 0.000143981
-11.01 0.000140024
-10.81 0.000135894
-10.61 0.000131593
-10.41 0.000127122
-10.21 0.000122484
-10.01 0.000117686
-9.81 0.000112732
-9.61 0.000107631
-9.41 0.000102393
-9.21 9.70288e-05
-9.01 9.15531e-05
-8.81 8.59816e-05
-8.61 8.03328e-05
-8.41 7.46276e-05
-8.21 6.88894e-05
-8.01 6.31444e-05
-7.81 5.74211e-05
-7.61 5.17507e-05
-7.41 4.61672e-05
-7.21 4.07066e-05
-7.01 3.54074e-05
-6.81 3.03101e-05
-6.61 2.54568e-05
-6.41 2.08913e-05
-6.21 1.66581e-05
-6.01 1.28025e-05
-5.81 9.36995e-06
-5.61 6.40541e-06
-5.41 3.95298e-06
-5.21 2.05535e-06
-5.01 7.53278e-07
-4.81 8.51201e-08
