-202.21 -1.69916e-05
-197.21 -1.6147e-05
-192.21 -1.52132e-05
-187.21 -1.41859e-05
-182.21 -1.30606e-05
-177.21 -1.1832e-05
-172.21 -1.04941e-05
-167.21 -9.03978e-06
-162.21 -7.46012e-06
-157.21 -5.74408e-06
-152.21 -3.87778e-06
-147.21 -1.84383e-06
-142.21 3.79388e-07
-137.21 2.81846e-06
-132.21 5.50548e-06
-127.21 8.47831e-06
-122.21 1.17804e-05
-117.21 1.54597e-05
-112.21 1.95658e-05
-107.21 2.41463e-05
-102.21 2.92391e-05
-97.21 3.48637e-05
-92.21 4.10091e-05
-87.21 4.76237e-05
-82.21 5.46111e-05
-77.21 6.18458e-05
-72.21 6.92279e-05
-67.21 7.68022e-05
-64.21 8.15843e-05
-63.21 8.32948e-05
-62.21 8.51026e-05
-61.21 8.70188e-05
-60.21 8.90556e-05
-59.21 9.12259e-05
-58.21 9.35428e-05
-57.21 9.60199e-05
-56.21 9.86703e-05
-55.21 0.000101507
-54.21 0.00010454
-53.21 0.000107781
-52.21 0.000111235
-51.21 0.000114907
-50.21 0.000118796
-49.21 0.000122898
-48.21 0.000127203
-47.21 0.000131693
-46.21 0.000136345
-45.21 0.000141129
-44.21 0.000146009
-43.21 0.000150941
-42.21 0.000155876
-41.21 0.00016076
-40.21 0.000165537
-39.21 0.000170146
-38.21 0.000174531
-37.21 0.000178635
-36.21 0.000182413
-35.21 0.000186166
-34.21 0.000190146
-33.21 0.000194344
-32.21 0.000198748
-31.21 0.000203347
-30.21 0.000208126
-29.21 0.000213063
-28.21 0.000218133
-27.21 0.000223303
-26.21 0.000228529
-25.21 0.000233759
-24.21 0.000238923
-23.21 0.000243932
-22.21 0.000248675
-21.21 0.000253007
-20.21 0.000256748
-19.21 0.000259664
-18.21 0.000261461
-17.21 0.000261766
-16.21 0.000260116
-15.21 0.000255937
-14.21 0.000248539
-13.21 0.000237125
-12.61 0.000227993
-12.41 0.000224527
-12.21 0.000220839
-12.01 0.000216924
-11.81 0.000212775
-11.61 0.000208389
-11.41 0.000203759
-11.21 0.000198884
-11.01 0.000193759
-10.81 0.000188384
-10.61 0.000182758
-10.41 0.000176883
-10.21 0.000170761
-10.01 0.000164396
-9.81 0.000157796
-9.61 0.000150969
-9.41 0.000143927
-9.21 0.000136684
-9.01 0.000129258
-8.81 0.000121668
-8.61 0.00011394
-8.41 0.0001061
-8.21 9.81804e-05
-8.01 9.02164e-05
-7.81 8.22477e-05
-7.61 7.43178e-05
-7.41 6.64747e-05
-7.21 5.877e-05
-7.01 5.12595e-05
-6.81 4.40026e-05
-6.61 3.70619e-05
-6.41 3.05028e-05
-6.21 2.43934e-05
-6.01 1.88033e-05
-5.81 1.38034e-05
-5.61 9.46508e-06
-5.41 5.85936e-06
-5.21 3.05619e-06
-5.01 1.12367e-06
-4.81 1.27389e-07
