-202.21 1.08761e-05
-197.21 1.34168e-05
-192.21 1.6374e-05
-187.21 1.98259e-05
-182.21 2.38684e-05
-177.21 2.86199e-05
-172.21 3.42271e-05
-167.21 4.08732e-05
-162.21 4.87881e-05
-157.21 5.82616e-05
-152.21 6.96612e-05
-147.21 8.34548e-05
-142.21 0.00010024
-137.21 0.000120786
-132.21 0.000146077
-127.21 0.000177387
-122.21 0.000216353
-117.21 0.000265081
-112.21 0.000326274
-107.21 0.000403383
-102.21 0.000500791
-97.21 0.000624054
-92.21 0.000780257
-87.21 0.000978673
-82.21 0.00123222
-77.21 0.00156103
-72.21 0.00200154
-67.21 0.00263112
-62.21 0.00365159
-57.21 0.00568237
-54.61 0.00767189
-54.41 0.00787136
-54.21 0.00807929
-54.01 0.00829614
-53.81 0.00852242
-53.61 0.00875865
-53.41 0.00900538
-53.21 0.00926321
-53.01 0.00953277
-52.81 0.00981474
-52.61 0.0101098
-52.41 0.0104189
-52.21 0.0107426
-52.01 0.011082
-51.81 0.0114379
-51.61 0.0118113
-51.41 0.0122034
-51.21 0.0126153
-51.01 0.0130481
-50.81 0.0135033
-50.61 0.0139822
-50.41 0.0144864
-50.21 0.0150173
-50.01 0.0155769
-49.81 0.0161667
-49.61 0.0167889
-49.41 0.0174455
-49.21 0.0181387
-49.01 0.0188709
-48.81 0.0196445
-48.61 0.0204621
-48.41 0.0213267
-48.21 0.0222409
-48.01 0.023208
-47.81 0.0242311
-47.61 0.0253135
-47.41 0.0264585
-47.21 0.0276697
-47.01 0.0289503
-46.81 0.0303038
-46.61 0.0317334
-46.41 0.0332423
-46.21 0.034833
-46.01 0.0365078
-45.81 0.0382683
-45.61 0.0401153
-45.41 0.0420482
-45.21 0.0440653
-45.01 0.0461631
-44.81 0.048336
-44.61 0.050576
-44.41 0.0528724
-44.21 0.055211
-44.01 0.0575744
-43.81 0.0599412
-43.61 0.0622865
-43.41 0.0645812
-43.21 0.0667931
-43.01 0.068887
-42.81 0.0708257
-42.61 0.0725715
-42.41 0.0740873
-42.21 0.0753386
-42.01 0.0762953
-41.81 0.0769331
-41.61 0.0772352
-41.41 0.0771932
-41.21 0.076808
-41.01 0.0760894
-40.81 0.0750553
-40.61 0.0737311
-40.41 0.0721479
-40.21 0.0703406
-40.01 0.0683464
-39.81 0.0662031
-39.61 0.0639476
-39.41 0.0616145
-39.21 0.0592356
-39.01 0.0568392
-38.81 0.0544497
-38.61 0.0520877
-38.41 0.0497702
-38.21 0.0475106
-38.01 0.0453193
-37.81 0.0432038
-37.61 0.0411694
-37.41 0.0392192
-37.21 0.0373549
-37.01 0.0355765
-36.81 0.0338831
-36.61 0.032273
-36.41 0.0307436
-36.21 0.0292913
-36.01 0.0279139
-35.81 0.0266105
-35.61 0.0253788
-35.41 0.0242158
-35.21 0.0231183
-35.01 0.022083
-34.81 0.0211066
-34.61 0.0201857
-34.41 0.0193174
-34.21 0.0184983
-34.01 0.0177257
-33.81 0.0169967
-33.61 0.0163087
-33.41 0.015659
-33.21 0.0150454
-33.01 0.0144655
-32.81 0.0139173
-32.61 0.0133989
-32.41 0.0129083
-32.21 0.0124438
-32.01 0.0120038
-31.81 0.0115869
-31.61 0.0111915
-31.41 0.0108165
-31.21 0.0104605
-31.01 0.0101225
-30.81 0.00980127
-30.61 0.00949594
-30.41 0.00920554
-30.21 0.00892922
-30.01 0.00866616
-29.81 0.0084156
-29.61 0.00817684
-29.41 0.00794923
-29.21 0.00773213
-29.01 0.00752498
-28.81 0.00732724
-28.61 0.0071384
-28.41 0.00695798
-28.21 0.00678555
-28.01 0.00662069
-27.81 0.006463
-27.61 0.00631213
-27.41 0.00616772
-27.21 0.00602946
-27.01 0.00589704
-26.81 0.00577018
-26.61 0.0056486
-26.41 0.00553205
-26.21 0.0054203
-26.01 0.00531312
-25.81 0.0052103
-25.61 0.00511164
-25.41 0.00501695
-25.21 0.00492604
-25.01 0.00483876
-24.81 0.00475495
-24.61 0.00467444
-24.41 0.0045971
-24.21 0.0045228
-24.01 0.0044514
-23.81 0.00438278
-23.61 0.00431683
-23.41 0.00425343
-23.21 0.00419249
-23.01 0.00413389
-22.81 0.00407756
-22.61 0.00402338
-22.41 0.00397129
-22.21 0.00392119
-22.01 0.00387301
-21.81 0.00382666
-21.61 0.00378209
-21.41 0.00373921
-21.21 0.00369796
-21.01 0.00365827
-20.81 0.00362009
-20.61 0.00358335
-20.41 0.00354799
-20.21 0.00351396
-20.01 0.0034812
-19.81 0.00344965
-19.61 0.00341927
-19.41 0.00339
-19.21 0.0033618
-19.01 0.0033346
-18.81 0.00330837
-18.61 0.00328305
-18.41 0.00325859
-18.21 0.00323495
-18.01 0.00321208
-17.81 0.00318994
-17.61 0.00316846
-17.41 0.00314761
-17.21 0.00312733
-17.01 0.00310758
-16.81 0.0030883
-16.61 0.00306945
-16.41 0.00305096
-16.21 0.00303279
-16.01 0.00301488
-15.81 0.00299717
-15.61 0.00297961
-15.41 0.00296213
-15.21 0.00294467
-15.01 0.00292717
-14.81 0.00290956
-14.61 0.00289176
-14.41 0.00287371
-14.21 0.00285532
-14.01 0.00283653
-13.81 0.00281725
-13.61 0.00279738
-13.41 0.00277684
-13.21 0.00275555
-13.01 0.00273339
-12.81 0.00271027
-12.61 0.00268608
-12.41 0.00266071
-12.21 0.00263405
-12.01 0.00260597
-11.81 0.00257636
-11.61 0.00254507
-11.41 0.00251199
-11.21 0.00247698
-11.01 0.00243988
-10.81 0.00240056
-10.61 0.00235887
-10.41 0.00231465
-10.21 0.00226775
-10.01 0.00221802
-9.81 0.00216529
-9.61 0.00210942
-9.41 0.00205024
-9.21 0.00198762
-9.01 0.00192141
-8.81 0.00185148
-8.61 0.0017777
-8.41 0.00169999
-8.21 0.00161826
-8.01 0.00153247
-7.81 0.00144262
-7.61 0.00134875
-7.41 0.00125099
-7.21 0.00114952
-7.01 0.00104464
-6.81 0.000936786
-6.61 0.00082656
-6.41 0.000714774
-6.21 0.000602517
-6.01 0.000491232
-5.81 0.000382819
-5.61 0.000279774
-5.41 0.000185384
-5.21 0.000103983
-5.01 4.1323e-05
-4.81 5.09207e-06
