-202.21 2.69682e-05
-197.21 2.72176e-05
-192.21 2.75181e-05
-187.21 2.78884e-05
-182.21 2.83513e-05
-177.21 2.89347e-05
-172.21 2.96723e-05
-167.21 3.06047e-05
-162.21 3.17806e-05
-157.21 3.3258e-05
-152.21 3.51064e-05
-147.21 3.74083e-05
-142.21 4.02617e-05
-137.21 4.37821e-05
-132.21 4.81046e-05
-127.21 5.33862e-05
-122.21 5.98055e-05
-117.21 6.75618e-05
-112.21 7.68687e-05
-107.21 8.79439e-05
-102.21 0.000100989
-97.21 0.000116162
-92.21 0.000133538
-87.21 0.000153076
-82.21 0.000174595
-77.21 0.000197816
-72.21 0.000222538
-67.21 0.000249054
-64.21 0.000266413
-63.21 0.000272727
-62.21 0.000279444
-61.21 0.000286611
-60.21 0.000294278
-59.21 0.000302501
-58.21 0.000311338
-57.21 0.000320851
-56.21 0.000331103
-55.21 0.000342159
-54.21 0.00035408
-53.21 0.000366925
-52.21 0.000380748
-51.21 0.000395593
-50.21 0.000411493
-49.21 0.000428464
-48.21 0.000446508
-47.21 0.000465604
-46.21 0.000485709
-45.21 0.000506754
-44.21 0.000528647
-43.21 0.000551272
-42.21 0.000574491
-41.21 0.000598147
-40.21 0.000622075
-39.21 0.000646101
-38.21 0.00067006
-37.21 0.000693806
-36.21 0.000717262
-35.21 0.00074177
-34.21 0.000768322
-33.21 0.000796963
-32.21 0.000827769
-31.21 0.000860825
-30.21 0.000896222
-29.21 0.000934045
-28.21 0.000974374
-27.21 0.00101727
-26.21 0.00106279
-25.21 0.00111092
-24.21 0.00116164
-23.21 0.00121483
-22.21 0.00127026
-21.21 0.00132758
-20.21 0.00138622
-19.21 0.00144533
-18.21 0.0015037
-17.21 0.00155956
-16.21 0.00161047
-15.21 0.00165301
-14.21 0.00168252
-13.21 0.00169274
-12.61 0.00168626
-12.41 0.00168153
-12.21 0.00167538
-12.01 0.00166771
-11.81 0.00165842
-11.61 0.00164742
-11.41 0.0016346
-11.21 0.00161985
-11.01 0.00160307
-10.81 0.00158414
-10.61 0.00156295
-10.41 0.00153937
-10.21 0.00151331
-10.01 0.00148463
-9.81 0.00145323
-9.61 0.00141899
-9.41 0.00138182
-9.21 0.00134161
-9.01 0.00129829
-8.81 0.00125177
-8.61 0.001202
-8.41 0.00114896
-8.21 0.00109265
-8.01 0.00103308
-7.81 0.000970342
-7.61 0.000904556
-7.41 0.000835912
-7.21 0.000764672
-7.01 0.000691189
-6.81 0.000615924
-6.61 0.000539466
-6.41 0.000462558
-6.21 0.000386129
-6.01 0.000311328
-5.81 0.000239571
-5.61 0.000172596
-5.41 0.00011253
-5.21 6.19771e-05
-5.01 2.41283e-05
-4.81 2.90511e-06
