0.0333333 6.2196e-06
0.1 1.55457e-05
0.166667 1.92236e-05
0.233333 2.08661e-05
0.3 2.20793e-05
0.366667 2.32351e-05
0.433333 2.4397e-05
0.5 2.55631e-05
0.566667 2.67218e-05
0.633333 2.78649e-05
0.7 2.89898e-05
0.766667 3.01009e-05
0.833333 3.12093e-05
0.9 3.23324e-05
0.966667 3.34942e-05
1.03333 3.47251e-05
1.1 3.6061e-05
1.16667 3.75431e-05
1.23333 3.92173e-05
1.3 4.11328e-05
1.36667 4.33416e-05
1.43333 4.5897e-05
1.5 4.88528e-05
1.56667 5.22619e-05
1.63333 5.6175e-05
1.7 6.06402e-05
1.76667 6.57012e-05
1.83333 7.13965e-05
1.9 7.77589e-05
1.96667 8.48137e-05
2.03333 9.25786e-05
2.1 0.000101062
2.16667 0.000110264
2.23333 0.000120172
2.3 0.000130765
2.36667 0.000142006
2.43333 0.000153849
2.5 0.000166235
2.56667 0.000179089
2.63333 0.000192327
2.7 0.00020585
2.76667 0.000219548
2.83333 0.000233299
2.9 0.000246973
2.96667 0.000260431
3.03333 0.000273529
3.1 0.000286119
3.16667 0.000298053
3.23333 0.000309184
3.3 0.000319371
3.36667 0.00032848
3.43333 0.00033639
3.5 0.000342993
3.56667 0.000348197
3.63333 0.00035193
3.7 0.000354142
3.76667 0.000354803
3.83333 0.000353908
3.9 0.000351475
3.96667 0.000347543
4.03333 0.000342174
4.1 0.000335451
4.16667 0.000327471
4.23333 0.000318349
4.3 0.000308212
4.36667 0.000297195
4.43333 0.000285438
4.5 0.000273086
4.56667 0.00026028
4.63333 0.000247162
4.7 0.000233865
4.76667 0.000220514
4.83333 0.000207227
4.9 0.000194108
4.96667 0.000181252
5.03333 0.000168739
5.1 0.000156637
5.16667 0.000145004
5.23333 0.000133881
5.3 0.000123303
5.36667 0.000113292
5.43333 0.00010386
5.5 9.50112e-05
5.56667 8.67428e-05
5.63333 7.90453e-05
5.7 7.19042e-05
5.76667 6.53005e-05
5.83333 5.92123e-05
5.9 5.3615e-05
5.96667 4.84823e-05
6.03333 4.3787e-05
6.1 3.95014e-05
6.16667 3.55979e-05
6.23333 3.2049e-05
6.3 2.88284e-05
6.36667 2.59102e-05
6.43333 2.327e-05
6.5 2.08846e-05
6.56667 1.8732e-05
6.63333 1.67917e-05
6.7 1.50447e-05
6.76667 1.3473e-05
6.83333 1.20605e-05
6.9 1.07918e-05
6.96667 9.65324e-06
7.03333 8.63207e-06
7.1 7.71672e-06
7.16667 6.89666e-06
7.23333 6.16231e-06
7.3 5.50501e-06
7.36667 4.91689e-06
7.43333 4.39086e-06
7.5 3.9205e-06
7.56667 3.50005e-06
7.63333 3.1243e-06
7.7 2.78858e-06
7.76667 2.48869e-06
7.83333 2.22084e-06
7.9 1.98166e-06
7.96667 1.7681e-06
8.03333 1.57745e-06
8.1 1.40727e-06
8.16667 1.25537e-06
8.23333 1.11981e-06
8.3 9.9884e-07
8.36667 8.90893e-07
8.43333 7.94574e-07
8.5 7.08636e-07
8.56667 6.31964e-07
8.63333 5.63562e-07
8.7 5.02539e-07
8.76667 4.48101e-07
8.83333 3.99538e-07
8.9 3.56218e-07
8.96667 3.17575e-07
9.03333 2.83104e-07
9.1 2.52355e-07
9.16667 2.24926e-07
9.23333 2.00459e-07
9.3 1.78632e-07
9.36667 1.59162e-07
9.43333 1.41793e-07
9.5 1.26298e-07
9.56667 1.12475e-07
9.63333 1.00142e-07
9.7 8.91384e-08
9.76667 7.93205e-08
9.83333 7.05599e-08
9.9 6.27422e-08
9.96667 5.57654e-08
10.0333 4.95384e-08
10.1 4.39801e-08
10.1667 3.90182e-08
10.2333 3.45881e-08
10.3 3.06324e-08
10.3667 2.70997e-08
10.4333 2.39444e-08
10.5 2.11257e-08
10.5667 1.86074e-08
10.6333 1.6357e-08
10.7 1.43459e-08
10.7667 1.25485e-08
10.8333 1.09419e-08
10.9 9.50587e-09
10.9667 8.22252e-09
11.0333 7.07589e-09
11.1 6.05193e-09
11.1667 5.1382e-09
11.2333 4.32383e-09
11.3 3.59927e-09
11.3667 2.95629e-09
11.4333 2.3878e-09
11.5 1.88785e-09
11.5667 1.45156e-09
11.6333 1.07507e-09
11.7 7.55606e-10
11.7667 4.9149e-10
11.8333 2.82229e-10
11.9 1.28663e-10
11.9667 3.31736e-11
