-202.21 2.97401e-05
-197.21 3.06552e-05
-192.21 3.17105e-05
-187.21 3.29402e-05
-182.21 3.43859e-05
-177.21 3.60984e-05
-172.21 3.81399e-05
-167.21 4.05862e-05
-162.21 4.35296e-05
-157.21 4.70829e-05
-152.21 5.13834e-05
-147.21 5.65988e-05
-142.21 6.2933e-05
-137.21 7.06335e-05
-132.21 7.99998e-05
-127.21 9.13914e-05
-122.21 0.000105235
-117.21 0.000122028
-112.21 0.000142339
-107.21 0.000166792
-102.21 0.000196041
-97.21 0.000230716
-92.21 0.000271356
-87.21 0.000318327
-82.21 0.000371783
-77.21 0.00043176
-72.21 0.000498626
-67.21 0.000574238
-62.21 0.00066583
-57.21 0.000796149
-52.21 0.000995821
-47.21 0.00130643
-42.21 0.00177117
-37.21 0.00243284
-32.21 0.00350846
-27.21 0.00572767
-22.21 0.0112949
-19.61 0.0183331
-19.41 0.0191407
-19.21 0.0200045
-19.01 0.02093
-18.81 0.0219233
-18.61 0.0229913
-18.41 0.0241416
-18.21 0.0253831
-18.01 0.0267256
-17.81 0.0281805
-17.61 0.0297604
-17.41 0.03148
-17.21 0.0333558
-17.01 0.0354069
-16.81 0.0376548
-16.61 0.0401244
-16.41 0.0428439
-16.21 0.0458451
-16.01 0.0491644
-15.81 0.0528423
-15.61 0.0569235
-15.41 0.0614565
-15.21 0.0664921
-15.01 0.0720804
-14.81 0.0782658
-14.61 0.0850788
-14.41 0.0925228
-14.21 0.100554
-14.01 0.109056
-13.81 0.117803
-13.61 0.126425
-13.41 0.134385
-13.21 0.140982
-13.01 0.145419
-12.81 0.146945
-12.61 0.145049
-12.41 0.139634
-12.21 0.131095
-12.01 0.120218
-11.81 0.107985
-11.61 0.0953404
-11.41 0.0830396
-11.21 0.0715891
-11.01 0.0612636
-10.81 0.05216
-10.61 0.0442581
-10.41 0.037471
-10.21 0.0316805
-10.01 0.0267604
-9.81 0.022589
-9.61 0.0190555
-9.41 0.0160624
-9.21 0.013526
-9.01 0.0113749
-8.81 0.00954915
-8.61 0.00799833
-8.41 0.00668028
-8.21 0.00555975
-8.01 0.00460721
-7.81 0.00379789
-7.61 0.003111
-7.41 0.002529
-7.21 0.00203711
-7.01 0.00162278
-6.81 0.00127537
-6.61 0.000985793
-6.41 0.000746307
-6.21 0.000550268
-6.01 0.000391972
-5.81 0.000266508
-5.61 0.000169638
-5.41 9.76971e-05
-5.21 4.75101e-05
-5.01 1.63206e-05
-4.81 1.73223e-06
