-202.21 -1.4288e-05
-197.21 -1.33315e-05
-192.21 -1.22588e-05
-187.21 -1.10599e-05
-182.21 -9.72366e-06
-177.21 -8.2369e-06
-172.21 -6.58429e-06
-167.21 -4.74746e-06
-162.21 -2.70424e-06
-157.21 -4.27665e-07
-152.21 2.11516e-06
-147.21 4.96439e-06
-142.21 8.16884e-06
-137.21 1.17875e-05
-132.21 1.58907e-05
-127.21 2.05614e-05
-122.21 2.58949e-05
-117.21 3.19977e-05
-112.21 3.89838e-05
-107.21 4.6967e-05
-102.21 5.60496e-05
-97.21 6.63043e-05
-92.21 7.77527e-05
-87.21 9.03439e-05
-82.21 0.000103945
-77.21 0.000118366
-72.21 0.00013347
-67.21 0.000149412
-64.21 0.00015971
-63.21 0.000163427
-62.21 0.000167367
-61.21 0.000171555
-60.21 0.00017602
-59.21 0.000180791
-58.21 0.000185898
-57.21 0.000191375
-56.21 0.000197254
-55.21 0.000203567
-54.21 0.000210344
-53.21 0.000217613
-52.21 0.000225397
-51.21 0.000233714
-50.21 0.000242574
-49.21 0.000251975
-48.21 0.000261909
-47.21 0.000272352
-46.21 0.000283266
-45.21 0.000294601
-44.21 0.00030629
-43.21 0.000318253
-42.21 0.000330397
-41.21 0.000342618
-40.21 0.000354806
-39.21 0.000366845
-38.21 0.000378621
-37.21 0.000390028
-36.21 0.000400986
-35.21 0.000412195
-34.21 0.000424209
-33.21 0.000437025
-32.21 0.000450647
-31.21 0.000465079
-30.21 0.000480321
-29.21 0.000496364
-28.21 0.000513189
-27.21 0.000530763
-26.21 0.000549033
-25.21 0.000567919
-24.21 0.000587308
-23.21 0.00060704
-22.21 0.000626891
-21.21 0.000646559
-20.21 0.000665631
-19.21 0.000683554
-18.21 0.000699587
-17.21 0.000712745
-16.21 0.000721735
-15.21 0.000724873
-14.21 0.000719999
-13.21 0.000704415
-12.61 0.000688596
-12.41 0.000682075
-12.21 0.000674881
-12.01 0.000666984
-11.81 0.000658354
-11.61 0.000648962
-11.41 0.000638778
-11.21 0.000627774
-11.01 0.000615924
-10.81 0.000603202
-10.61 0.000589584
-10.41 0.000575051
-10.21 0.000559585
-10.01 0.000543174
-9.81 0.000525811
-9.61 0.000507491
-9.41 0.000488221
-9.21 0.000468014
-9.01 0.000446889
-8.81 0.000424881
-8.61 0.000402031
-8.41 0.000378396
-8.21 0.000354049
-8.01 0.000329075
-7.81 0.00030358
-7.61 0.000277688
-7.41 0.000251544
-7.21 0.000225316
-7.01 0.000199195
-6.81 0.000173397
-6.61 0.000148165
-6.41 0.00012377
-6.21 0.00010051
-6.01 7.87114e-05
-5.81 5.87314e-05
-5.61 4.09548e-05
-5.41 2.57957e-05
-5.21 1.36968e-05
-5.01 5.1293e-06
-4.81 5.92626e-07
