0.0333333 -4.37607e-06
0.1 -1.14229e-05
0.166667 -1.52695e-05
0.233333 -1.72562e-05
0.3 -1.86306e-05
0.366667 -1.98662e-05
0.433333 -2.11055e-05
0.5 -2.23848e-05
0.566667 -2.37075e-05
0.633333 -2.50681e-05
0.7 -2.64585e-05
0.766667 -2.78711e-05
0.833333 -2.92986e-05
0.9 -3.07337e-05
0.966667 -3.21692e-05
1.03333 -3.35967e-05
1.1 -3.50063e-05
1.16667 -3.63857e-05
1.23333 -3.77193e-05
1.3 -3.89875e-05
1.36667 -4.01659e-05
1.43333 -4.12249e-05
1.5 -4.21288e-05
1.56667 -4.28359e-05
1.63333 -4.3298e-05
1.7 -4.34607e-05
1.76667 -4.32633e-05
1.83333 -4.26397e-05
1.9 -4.15191e-05
1.96667 -3.9827e-05
2.03333 -3.74867e-05
2.1 -3.44209e-05
2.16667 -3.0554e-05
2.23333 -2.58142e-05
2.3 -2.01366e-05
2.36667 -1.34654e-05
2.43333 -5.75779e-06
2.5 3.01378e-06
2.56667 1.28581e-05
2.63333 2.37627e-05
2.7 3.56915e-05
2.76667 4.85831e-05
2.83333 6.235e-05
2.9 7.68783e-05
2.96667 9.20288e-05
3.03333 0.000107639
3.1 0.000123526
3.16667 0.00013949
3.23333 0.000155321
3.3 0.000170802
3.36667 0.000185716
3.43333 0.000199853
3.5 0.000213012
3.56667 0.000225013
3.63333 0.000235694
3.7 0.000244924
3.76667 0.000252597
3.83333 0.00025864
3.9 0.000263012
3.96667 0.000265703
4.03333 0.000266735
4.1 0.000266156
4.16667 0.000264041
4.23333 0.000260486
4.3 0.000255608
4.36667 0.000249533
4.43333 0.000242403
4.5 0.000234362
4.56667 0.000225559
4.63333 0.000216141
4.7 0.000206252
4.76667 0.000196028
4.83333 0.000185599
4.9 0.000175083
4.96667 0.000164587
5.03333 0.000154206
5.1 0.000144024
5.16667 0.000134111
5.23333 0.000124524
5.3 0.000115312
5.36667 0.000106509
5.43333 9.81416e-05
5.5 9.02275e-05
5.56667 8.27754e-05
5.63333 7.57875e-05
5.7 6.92602e-05
5.76667 6.31848e-05
5.83333 5.75487e-05
5.9 5.2336e-05
5.96667 4.75286e-05
6.03333 4.31065e-05
6.1 3.90486e-05
6.16667 3.53332e-05
6.23333 3.19383e-05
6.3 2.88421e-05
6.36667 2.60232e-05
6.43333 2.34609e-05
6.5 2.11352e-05
6.56667 1.90271e-05
6.63333 1.71186e-05
6.7 1.53926e-05
6.76667 1.38334e-05
6.83333 1.24261e-05
6.9 1.11571e-05
6.96667 1.00136e-05
7.03333 8.98399e-06
7.1 8.05749e-06
7.16667 7.22429e-06
7.23333 6.47538e-06
7.3 5.80258e-06
7.36667 5.19842e-06
7.43333 4.65613e-06
7.5 4.16955e-06
7.56667 3.73311e-06
7.63333 3.34176e-06
7.7 2.99095e-06
7.76667 2.67656e-06
7.83333 2.39488e-06
7.9 2.14255e-06
7.96667 1.91658e-06
8.03333 1.71423e-06
8.1 1.53308e-06
8.16667 1.37093e-06
8.23333 1.22581e-06
8.3 1.09594e-06
8.36667 9.7974e-07
8.43333 8.75782e-07
8.5 7.82787e-07
8.56667 6.99605e-07
8.63333 6.2521e-07
8.7 5.58677e-07
8.76667 4.99181e-07
8.83333 4.45982e-07
8.9 3.98415e-07
8.96667 3.55888e-07
9.03333 3.17869e-07
9.1 2.8388e-07
9.16667 2.53497e-07
9.23333 2.26338e-07
9.3 2.02061e-07
9.36667 1.80361e-07
9.43333 1.60965e-07
9.5 1.43628e-07
9.56667 1.28132e-07
9.63333 1.14281e-07
9.7 1.019e-07
9.76667 9.08338e-08
9.83333 8.09412e-08
9.9 7.20976e-08
9.96667 6.41914e-08
10.0333 5.71227e-08
10.1 5.08021e-08
10.1667 4.51498e-08
10.2333 4.00946e-08
10.3 3.55728e-08
10.3667 3.15274e-08
10.4333 2.79076e-08
10.5 2.4668e-08
10.5667 2.17682e-08
10.6333 1.9172e-08
10.7 1.68471e-08
10.7667 1.47648e-08
10.8333 1.28996e-08
10.9 1.12286e-08
10.9667 9.73162e-09
11.0333 8.39078e-09
11.1 7.19022e-09
11.1667 6.11596e-09
11.2333 5.15575e-09
11.3 4.29893e-09
11.3667 3.53629e-09
11.4333 2.86001e-09
11.5 2.26354e-09
11.5667 1.74162e-09
11.6333 1.29021e-09
11.7 9.06516e-10
11.7667 5.89021e-10
11.8333 3.37546e-10
11.9 1.53359e-10
11.9667 3.93072e-11
