0.0333333 -1.07828e-05
0.1 -2.20947e-05
0.166667 -2.4873e-05
0.233333 -2.60291e-05
0.3 -2.69805e-05
0.366667 -2.78005e-05
0.433333 -2.83594e-05
0.5 -2.84543e-05
0.566667 -2.78034e-05
0.633333 -2.60227e-05
0.7 -2.26043e-05
0.766667 -1.68987e-05
0.833333 -8.10344e-06
0.9 4.74204e-06
0.966667 2.27546e-05
1.03333 4.71975e-05
1.1 7.94637e-05
1.16667 0.00012105
1.23333 0.000173526
1.3 0.000238492
1.36667 0.000317538
1.43333 0.000412188
1.5 0.000523846
1.56667 0.000653743
1.63333 0.000802874
1.7 0.000971943
1.76667 0.00116131
1.83333 0.00137094
1.9 0.00160036
1.96667 0.00184865
2.03333 0.00211438
2.1 0.00239565
2.16667 0.00269006
2.23333 0.00299474
2.3 0.00330644
2.36667 0.0036215
2.43333 0.00393598
2.5 0.00424572
2.56667 0.00454646
2.63333 0.00483388
2.7 0.00510377
2.76667 0.00535213
2.83333 0.00557524
2.9 0.00576978
2.96667 0.00593294
3.03333 0.00606244
3.1 0.00615665
3.16667 0.00621458
3.23333 0.00623591
3.3 0.00622101
3.36667 0.00617086
3.43333 0.00608707
3.5 0.00597177
3.56667 0.00582752
3.63333 0.0056573
3.7 0.00546433
3.76667 0.00525204
3.83333 0.00502392
3.9 0.00478349
3.96667 0.00453416
4.03333 0.00427923
4.1 0.00402175
4.16667 0.00376454
4.23333 0.00351013
4.3 0.00326073
4.36667 0.00301825
4.43333 0.00278426
4.5 0.00256003
4.56667 0.00234653
4.63333 0.00214447
4.7 0.00195429
4.76667 0.00177624
4.83333 0.00161033
4.9 0.00145644
4.96667 0.00131431
5.03333 0.00118356
5.1 0.00106372
5.16667 0.000954255
5.23333 0.000854596
5.3 0.000764135
5.36667 0.000682252
5.43333 0.000608327
5.5 0.000541746
5.56667 0.000481915
5.63333 0.000428258
5.7 0.000380231
5.76667 0.000337316
5.83333 0.000299031
5.9 0.000264924
5.96667 0.00023458
6.03333 0.000207614
6.1 0.000183677
6.16667 0.000162447
6.23333 0.000143634
6.3 0.000126975
6.36667 0.000112232
6.43333 9.91921e-05
6.5 8.76635e-05
6.56667 7.74749e-05
6.63333 6.84732e-05
6.7 6.0522e-05
6.76667 5.34997e-05
6.83333 4.72987e-05
6.9 4.18232e-05
6.96667 3.69882e-05
7.03333 3.27189e-05
7.1 2.89487e-05
7.16667 2.56189e-05
7.23333 2.26778e-05
7.3 2.00794e-05
7.36667 1.77835e-05
7.43333 1.57543e-05
7.5 1.39606e-05
7.56667 1.23745e-05
7.63333 1.09718e-05
7.7 9.73076e-06
7.76667 8.63257e-06
7.83333 7.66047e-06
7.9 6.79973e-06
7.96667 6.03737e-06
8.03333 5.36193e-06
8.1 4.76332e-06
8.16667 4.23263e-06
8.23333 3.76202e-06
8.3 3.34455e-06
8.36667 2.9741e-06
8.43333 2.64528e-06
8.5 2.35333e-06
8.56667 2.09401e-06
8.63333 1.86363e-06
8.7 1.65889e-06
8.76667 1.47687e-06
8.83333 1.31502e-06
8.9 1.17105e-06
8.96667 1.04295e-06
9.03333 9.28941e-07
9.1 8.27445e-07
9.16667 7.37062e-07
9.23333 6.56555e-07
9.3 5.84826e-07
9.36667 5.209e-07
9.43333 4.63914e-07
9.5 4.13103e-07
9.56667 3.67787e-07
9.63333 3.27362e-07
9.7 2.91292e-07
9.76667 2.59102e-07
9.83333 2.30367e-07
9.9 2.04712e-07
9.96667 1.81804e-07
10.0333 1.61344e-07
10.1 1.43069e-07
10.1667 1.26742e-07
10.2333 1.12156e-07
10.3 9.91232e-08
10.3667 8.74782e-08
10.4333 7.70733e-08
10.5 6.77772e-08
10.5667 5.94727e-08
10.6333 5.20556e-08
10.7 4.54331e-08
10.7667 3.95224e-08
10.8333 3.42502e-08
10.9 2.95508e-08
10.9667 2.53661e-08
11.0333 2.16443e-08
11.1 1.83395e-08
11.1667 1.5411e-08
11.2333 1.28227e-08
11.3 1.05428e-08
11.3667 8.54327e-09
11.4333 6.79969e-09
11.5 5.2907e-09
11.5667 3.99791e-09
11.6333 2.90567e-09
11.7 2.00089e-09
11.7667 1.27294e-09
11.8333 7.13559e-10
11.9 3.16865e-10
11.9667 7.93529e-11
