0.0333333 0.0928357 0.108804 0.0865171
0.1 0.0926994 0.108823 0.0864505
0.166667 0.0924294 0.108859 0.0863187
0.233333 0.0920312 0.108912 0.0861242
0.3 0.0915129 0.10898 0.0858709
0.366667 0.0908854 0.109061 0.0855637
0.433333 0.0901616 0.109153 0.0852086
0.5 0.0893566 0.109253 0.0848123
0.566667 0.088487 0.10936 0.0843821
0.633333 0.0875705 0.109471 0.0839258
0.7 0.0866257 0.109585 0.0834514
0.766667 0.0856713 0.1097 0.082967
0.833333 0.0847256 0.109814 0.0824801
0.9 0.0838066 0.109926 0.081998
0.966667 0.0829306 0.110035 0.0815271
1.03333 0.0821124 0.110142 0.0810732
1.1 0.081365 0.110244 0.0806406
1.16667 0.0806987 0.110343 0.0802325
1.23333 0.0801211 0.110438 0.0798508
1.3 0.0796369 0.110529 0.0794959
1.36667 0.0792476 0.110615 0.0791666
1.43333 0.0789516 0.110695 0.07886
1.5 0.0787439 0.110767 0.0785721
1.56667 0.0786166 0.110829 0.078297
1.63333 0.0785586 0.110877 0.0780278
1.7 0.0785561 0.110907 0.0777561
1.76667 0.0785929 0.110913 0.0774727
1.83333 0.0786508 0.110888 0.0771673
1.9 0.0787097 0.110822 0.0768294
1.96667 0.0787487 0.110706 0.0764478
2.03333 0.0787461 0.110528 0.0760115
2.1 0.0786802 0.110277 0.0755094
2.16667 0.0785297 0.109938 0.0749312
2.23333 0.0782742 0.109498 0.0742669
2.3 0.0778951 0.108943 0.073508
2.36667 0.0773756 0.108257 0.0726468
2.43333 0.0767014 0.107427 0.071677
2.5 0.0758609 0.10644 0.0705941
2.56667 0.0748456 0.105285 0.069395
2.63333 0.0736505 0.103949 0.0680786
2.7 0.0722736 0.102427 0.0666454
2.76667 0.0707168 0.100711 0.0650978
2.83333 0.0689849 0.0988 0.0634399
2.9 0.0670861 0.0966926 0.0616777
2.96667 0.0650318 0.0943924 0.0598184
3.03333 0.0628355 0.0919055 0.0578707
3.1 0.0605135 0.0892414 0.0558447
3.16667 0.0580836 0.0864124 0.0537514
3.23333 0.0555651 0.0834334 0.0516023
3.3 0.0529782 0.0803218 0.04941
3.36667 0.0503435 0.0770971 0.0471869
3.43333 0.0476815 0.0737803 0.0449458
3.5 0.0450124 0.0703936 0.0426992
3.56667 0.0423553 0.0669596 0.0404594
3.63333 0.0397282 0.0635012 0.038238
3.7 0.0371477 0.0600411 0.0360461
3.76667 0.0346287 0.0566011 0.0338938
3.83333 0.032184 0.0532019 0.0317905
3.9 0.0298248 0.0498626 0.0297443
3.96667 0.0275603 0.0466009 0.0277626
4.03333 0.0253977 0.0434323 0.0258514
4.1 0.0233422 0.0403702 0.0240158
4.16667 0.0213977 0.0374261 0.0222597
4.23333 0.0195662 0.0346092 0.0205862
4.3 0.0178482 0.0319265 0.0189971
4.36667 0.0162432 0.029383 0.0174936
4.43333 0.0147494 0.0269819 0.0160759
4.5 0.0133641 0.0247244 0.0147435
4.56667 0.0120838 0.0226103 0.0134952
4.63333 0.0109044 0.0206379 0.0123293
4.7 0.00982149 0.0188041 0.0112435
4.76667 0.00883007 0.0171049 0.0102352
4.83333 0.007925 0.0155354 0.00930144
4.9 0.00710103 0.01409 0.00843889
4.96667 0.00635284 0.0127627 0.00764416
5.03333 0.00567513 0.011547 0.00691367
5.1 0.00506273 0.0104362 0.00624379
5.16667 0.00451056 0.00942363 0.00563086
5.23333 0.00401376 0.00850243 0.00507124
5.3 0.00356768 0.00766599 0.00456133
5.36667 0.00316789 0.00690784 0.00409762
5.43333 0.00281022 0.00622173 0.00367673
5.5 0.00249076 0.0056017 0.00329539
5.56667 0.00220588 0.00504208 0.00295046
5.63333 0.00195219 0.00453756 0.00263897
5.7 0.00172659 0.00408314 0.00235813
5.76667 0.0015262 0.0036742 0.00210529
5.83333 0.00134841 0.00330643 0.00187798
5.9 0.00119083 0.00297588 0.00167389
5.96667 0.0010513 0.00267891 0.00149087
6.03333 0.000927835 0.00241222 0.00132695
6.1 0.000818678 0.00217276 0.00118029
6.16667 0.000722231 0.00195779 0.00104922
6.23333 0.000637061 0.00176481 0.000932189
6.3 0.000561886 0.00159156 0.000827795
6.36667 0.00049556 0.00143601 0.00073475
6.43333 0.000437062 0.00129633 0.000651889
6.5 0.000385481 0.00117087 0.00057815
6.56667 0.000340009 0.00105814 0.000512575
6.63333 0.000299929 0.000956809 0.000454296
6.7 0.000264605 0.000865695 0.000402533
6.76667 0.000233474 0.000783727 0.000356581
6.83333 0.000206039 0.000709951 0.000315808
6.9 0.000181861 0.000643513 0.000279646
6.96667 0.000160551 0.000583649 0.000247587
7.03333 0.000141767 0.000529677 0.000219175
7.1 0.000125209 0.000480989 0.000194004
7.16667 0.000110609 0.000437039 0.000171711
7.23333 9.77346e-05 0.00039734 0.000151971
7.3 8.63792e-05 0.000361459 0.000134495
7.36667 7.63616e-05 0.000329007 0.000119028
7.43333 6.75222e-05 0.000299635 0.00010534
7.5 5.97207e-05 0.000273035 9.32275e-05
7.56667 5.28336e-05 0.000248928 8.25112e-05
7.63333 4.67521e-05 0.000227065 7.30306e-05
7.7 4.13806e-05 0.000207225 6.46435e-05
7.76667 3.66351e-05 0.000189209 5.72241e-05
7.83333 3.24414e-05 0.000172837 5.06609e-05
7.9 2.87345e-05 0.000157949 4.48548e-05
7.96667 2.54569e-05 0.000144403 3.97185e-05
8.03333 2.25582e-05 0.00013207 3.51745e-05
8.1 1.99938e-05 0.000120833 3.11542e-05
8.16667 1.77247e-05 0.00011059 2.7597e-05
8.23333 1.57163e-05 0.000101245 2.44492e-05
8.3 1.39382e-05 9.27162e-05 2.16634e-05
8.36667 1.23636e-05 8.49267e-05 1.91978e-05
8.43333 1.09688e-05 7.78086e-05 1.70152e-05
8.5 9.73303e-06 7.13004e-05 1.5083e-05
8.56667 8.63788e-06 6.53465e-05 1.3372e-05
8.63333 7.6671e-06 5.98968e-05 1.18569e-05
8.7 6.80638e-06 5.49061e-05 1.05148e-05
8.76667 6.04305e-06 5.03335e-05 9.32598e-06
8.83333 5.36595e-06 4.61418e-05 8.27261e-06
8.9 4.7652e-06 4.22976e-05 7.33915e-06
8.96667 4.23207e-06 3.87705e-05 6.51178e-06
9.03333 3.75885e-06 3.5533e-05 5.77832e-06
9.1 3.33872e-06 3.25601e-05 5.12799e-06
9.16667 2.96565e-06 2.98292e-05 4.55126e-06
9.23333 2.6343e-06 2.73196e-05 4.03969e-06
9.3 2.33994e-06 2.50126e-05 3.58585e-06
9.36667 2.0784e-06 2.28913e-05 3.18314e-06
9.43333 1.84597e-06 2.094e-05 2.82573e-06
9.5 1.63937e-06 1.91448e-05 2.50846e-06
9.56667 1.45569e-06 1.74928e-05 2.22678e-06
9.63333 1.29237e-06 1.59722e-05 1.97664e-06
9.7 1.14711e-06 1.45725e-05 1.75448e-06
9.76667 1.01791e-06 1.32837e-05 1.55711e-06
9.83333 9.02957e-07 1.20971e-05 1.38176e-06
9.9 8.00671e-07 1.10045e-05 1.22592e-06
9.96667 7.09638e-07 9.99848e-06 1.08741e-06
10.0333 6.28607e-07 9.07223e-06 9.64278e-07
10.1 5.56467e-07 8.21954e-06 8.54797e-07
10.1667 4.92232e-07 7.43473e-06 7.5744e-07
10.2333 4.35029e-07 6.71257e-06 6.70851e-07
10.3 3.84078e-07 6.04831e-06 5.93828e-07
10.3667 3.38692e-07 5.43757e-06 5.25307e-07
10.4333 2.98258e-07 4.87635e-06 4.64344e-07
10.5 2.62232e-07 4.36098e-06 4.101e-07
10.5667 2.30132e-07 3.88808e-06 3.61834e-07
10.6333 2.01529e-07 3.45458e-06 3.18886e-07
10.7 1.76042e-07 3.05763e-06 2.80672e-07
10.7667 1.53335e-07 2.69465e-06 2.46675e-07
10.8333 1.33107e-07 2.36325e-06 2.16436e-07
10.9 1.15093e-07 2.06125e-06 1.89546e-07
10.9667 9.90578e-08 1.78663e-06 1.65647e-07
11.0333 8.47935e-08 1.53757e-06 1.44417e-07
11.1 7.21161e-08 1.31237e-06 1.25573e-07
11.1667 6.08635e-08 1.1095e-06 1.08866e-07
11.2333 5.08929e-08 9.27539e-07 9.40719e-08
11.3 4.20797e-08 7.65193e-07 8.0995e-08
11.3667 3.43151e-08 6.21279e-07 6.94607e-08
11.4333 2.75051e-08 4.94716e-07 5.93143e-08
11.5 2.15695e-08 3.84519e-07 5.04183e-08
11.5667 1.64407e-08 2.89788e-07 4.26497e-08
11.6333 1.20635e-08 2.09706e-07 3.58979e-08
11.7 8.39449e-09 1.43532e-07 3.00623e-08
11.7667 5.40195e-09 9.05952e-08 2.50505e-08
11.8333 3.06623e-09 5.02893e-08 2.07759e-08
11.9 1.38031e-09 2.20705e-08 1.7157e-08
11.9667 3.50891e-10 5.45181e-09 1.41164e-08
