0.0333333 7.2461e-05
0.1 0.000136458
0.166667 0.000283186
0.233333 0.0005055
0.3 0.000799447
0.366667 0.00116105
0.433333 0.00158558
0.5 0.00206749
0.566667 0.00260052
0.633333 0.00317774
0.7 0.00379176
0.766667 0.00443473
0.833333 0.00509852
0.9 0.00577486
0.966667 0.00645538
1.03333 0.00713178
1.1 0.00779595
1.16667 0.00844004
1.23333 0.00905659
1.3 0.0096386
1.36667 0.0101796
1.43333 0.010674
1.5 0.0111165
1.56667 0.0115029
1.63333 0.0118297
1.7 0.0120943
1.76667 0.0122949
1.83333 0.0124306
1.9 0.0125014
1.96667 0.0125079
2.03333 0.0124519
2.1 0.0123356
2.16667 0.012162
2.23333 0.0119347
2.3 0.011658
2.36667 0.0113363
2.43333 0.0109746
2.5 0.0105782
2.56667 0.0101523
2.63333 0.00970248
2.7 0.00923402
2.76667 0.00875226
2.83333 0.0082623
2.9 0.00776898
2.96667 0.00727683
3.03333 0.00679
3.1 0.00631224
3.16667 0.00584684
3.23333 0.00539666
3.3 0.00496408
3.36667 0.00455102
3.43333 0.00415896
3.5 0.00378895
3.56667 0.00344164
3.63333 0.00311731
3.7 0.00281594
3.76667 0.00253719
3.83333 0.0022805
3.9 0.00204511
3.96667 0.00183009
4.03333 0.00163439
4.1 0.0014569
4.16667 0.00129643
4.23333 0.00115178
4.3 0.00102175
4.36667 0.000905156
4.43333 0.000800861
4.5 0.000707769
4.56667 0.000624842
4.63333 0.000551106
4.7 0.000485654
4.76667 0.000427645
4.83333 0.000376306
4.9 0.000330929
4.96667 0.00029087
5.03333 0.000255544
5.1 0.000224423
5.16667 0.000197031
5.23333 0.00017294
5.3 0.000151767
5.36667 0.00013317
5.43333 0.000116846
5.5 0.000102522
5.56667 8.99579e-05
5.63333 7.89414e-05
5.7 6.92838e-05
5.76667 6.08186e-05
5.83333 5.33994e-05
5.9 4.6897e-05
5.96667 4.11979e-05
6.03333 3.62024e-05
6.1 3.18229e-05
6.16667 2.79828e-05
6.23333 2.46148e-05
6.3 2.16602e-05
6.36667 1.90673e-05
6.43333 1.67911e-05
6.5 1.47923e-05
6.56667 1.30364e-05
6.63333 1.14932e-05
6.7 1.01366e-05
6.76667 8.94331e-06
6.83333 7.89339e-06
6.9 6.96919e-06
6.96667 6.15533e-06
7.03333 5.43834e-06
7.1 4.80644e-06
7.16667 4.24931e-06
7.23333 3.7579e-06
7.3 3.32431e-06
7.36667 2.94158e-06
7.43333 2.60363e-06
7.5 2.30512e-06
7.56667 2.04134e-06
7.63333 1.80819e-06
7.7 1.60205e-06
7.76667 1.41972e-06
7.83333 1.25841e-06
7.9 1.11565e-06
7.96667 9.89283e-07
8.03333 8.77389e-07
8.1 7.78287e-07
8.16667 6.90492e-07
8.23333 6.12697e-07
8.3 5.43747e-07
8.36667 4.82623e-07
8.43333 4.28424e-07
8.5 3.80356e-07
8.56667 3.37718e-07
8.63333 2.99889e-07
8.7 2.6632e-07
8.76667 2.36526e-07
8.83333 2.10078e-07
8.9 1.86596e-07
8.96667 1.65744e-07
9.03333 1.47225e-07
9.1 1.30776e-07
9.16667 1.16162e-07
9.23333 1.03177e-07
9.3 9.16372e-08
9.36667 8.13812e-08
9.43333 7.22646e-08
9.5 6.41597e-08
9.56667 5.69532e-08
9.63333 5.05448e-08
9.7 4.48452e-08
9.76667 3.97756e-08
9.83333 3.52656e-08
9.9 3.12531e-08
9.96667 2.76827e-08
10.0333 2.45054e-08
10.1 2.16776e-08
10.1667 1.91606e-08
10.2333 1.692e-08
10.3 1.49254e-08
10.3667 1.31495e-08
10.4333 1.15683e-08
10.5 1.01605e-08
10.5667 8.90698e-09
10.6333 7.79096e-09
10.7 6.79744e-09
10.7667 5.91312e-09
10.8333 5.12623e-09
10.9 4.42629e-09
10.9667 3.80404e-09
11.0333 3.25129e-09
11.1 2.76078e-09
11.1667 2.32612e-09
11.2333 1.94169e-09
11.3 1.60254e-09
11.3667 1.30439e-09
11.4333 1.04349e-09
11.5 8.16657e-10
11.5667 6.21179e-10
11.6333 4.54822e-10
11.7 3.15799e-10
11.7667 2.02767e-10
11.8333 1.14835e-10
11.9 5.15795e-11
11.9667 1.30847e-11
