-202.21 3.14753e-05
-197.21 3.57762e-05
-192.21 4.08318e-05
-187.21 4.68049e-05
-182.21 5.39004e-05
-177.21 6.23779e-05
-172.21 7.25686e-05
-167.21 8.48986e-05
-162.21 9.99202e-05
-157.21 0.000118356
-152.21 0.00014116
-147.21 0.000169604
-142.21 0.0002054
-137.21 0.000250882
-132.21 0.000309262
-127.21 0.000385023
-122.21 0.00048451
-117.21 0.000616835
-112.21 0.000795328
-107.21 0.00103991
-102.21 0.0013812
-97.21 0.00186798
-92.21 0.00258218
-87.21 0.0036719
-82.21 0.00543424
-77.21 0.00855668
-74.61 0.0112468
-74.41 0.0115017
-74.21 0.011765
-74.01 0.012037
-73.81 0.0123181
-73.61 0.0126088
-73.41 0.0129094
-73.21 0.0132204
-73.01 0.0135423
-72.81 0.0138755
-72.61 0.0142206
-72.41 0.0145782
-72.21 0.0149488
-72.01 0.015333
-71.81 0.0157314
-71.61 0.0161448
-71.41 0.0165739
-71.21 0.0170193
-71.01 0.017482
-70.81 0.0179626
-70.61 0.0184621
-70.41 0.0189813
-70.21 0.0195212
-70.01 0.0200827
-69.81 0.020667
-69.61 0.021275
-69.41 0.0219079
-69.21 0.0225667
-69.01 0.0232528
-68.81 0.0239672
-68.61 0.0247112
-68.41 0.025486
-68.21 0.026293
-68.01 0.0271333
-67.81 0.0280083
-67.61 0.0289191
-67.41 0.0298669
-67.21 0.0308527
-67.01 0.0318776
-66.81 0.0329424
-66.61 0.0340477
-66.41 0.035194
-66.21 0.0363814
-66.01 0.0376096
-65.81 0.038878
-65.61 0.0401855
-65.41 0.0415303
-65.21 0.04291
-65.01 0.0443213
-64.81 0.0457602
-64.61 0.0472216
-64.41 0.0486984
-64.21 0.0501816
-64.01 0.0516615
-63.81 0.053127
-63.61 0.0545654
-63.41 0.0559629
-63.21 0.0573042
-63.01 0.0585732
-62.81 0.0597528
-62.61 0.0608256
-62.41 0.0617742
-62.21 0.0625817
-62.01 0.0632326
-61.81 0.0637127
-61.61 0.0640104
-61.41 0.0641169
-61.21 0.0640267
-61.01 0.0637377
-60.81 0.0632518
-60.61 0.0625745
-60.41 0.0617147
-60.21 0.0606846
-60.01 0.059499
-59.81 0.0581749
-59.61 0.0567306
-59.41 0.0551854
-59.21 0.0535586
-59.01 0.0518693
-58.81 0.0501358
-58.61 0.0483751
-58.41 0.0466027
-58.21 0.0448328
-58.01 0.0430775
-57.81 0.0413473
-57.61 0.0396511
-57.41 0.0379962
-57.21 0.0363882
-57.01 0.0348315
-56.81 0.0333294
-56.61 0.0318839
-56.41 0.0304965
-56.21 0.0291675
-56.01 0.0278968
-55.81 0.0266838
-55.61 0.0255275
-55.41 0.0244264
-55.21 0.0233789
-55.01 0.0223832
-54.81 0.0214374
-54.61 0.0205394
-54.41 0.0196872
-54.21 0.0188788
-54.01 0.018112
-53.81 0.0173848
-53.61 0.0166952
-53.41 0.0160414
-53.21 0.0154214
-53.01 0.0148335
-52.81 0.0142759
-52.61 0.0137471
-52.41 0.0132455
-52.21 0.0127695
-52.01 0.0123178
-51.81 0.011889
-51.61 0.011482
-51.41 0.0110954
-51.21 0.0107282
-51.01 0.0103794
-50.81 0.0100479
-50.61 0.00973274
-50.41 0.00943311
-50.21 0.00914815
-50.01 0.00887707
-49.81 0.00861914
-49.61 0.00837366
-49.41 0.00813999
-49.21 0.00791749
-49.01 0.00770561
-48.81 0.00750378
-48.61 0.0073115
-48.41 0.00712829
-48.21 0.0069537
-48.01 0.00678728
-47.81 0.00662864
-47.61 0.00647741
-47.41 0.00633322
-47.21 0.00619573
-47.01 0.00606462
-46.81 0.0059396
-46.61 0.00582038
-46.41 0.0057067
-46.21 0.00559829
-46.01 0.00549493
-45.81 0.00539638
-45.61 0.00530243
-45.41 0.00521288
-45.21 0.00512754
-45.01 0.00504623
-44.81 0.00496878
-44.61 0.00489502
-44.41 0.00482481
-44.21 0.004758
-44.01 0.00469444
-43.81 0.00463402
-43.61 0.0045766
-43.41 0.00452208
-43.21 0.00447033
-43.01 0.00442126
-42.81 0.00437476
-42.61 0.00433074
-42.41 0.00428911
-42.21 0.00424979
-42.01 0.00421269
-41.81 0.00417773
-41.61 0.00414486
-41.41 0.00411399
-41.21 0.00408506
-41.01 0.00405801
-40.81 0.00403278
-40.61 0.00400932
-40.41 0.00398758
-40.21 0.0039675
-40.01 0.00394903
-39.81 0.00393214
-39.61 0.00391678
-39.41 0.00390292
-39.21 0.00389052
-39.01 0.00387953
-38.81 0.00386995
-38.61 0.00386172
-38.41 0.00385483
-38.21 0.00384925
-38.01 0.00384495
-37.81 0.00384193
-37.61 0.00384015
-37.41 0.00383961
-37.21 0.00384029
-37.01 0.00384218
-36.81 0.00384527
-36.61 0.00384956
-36.41 0.00385505
-36.21 0.00386178
-36.01 0.0038701
-35.81 0.00388011
-35.61 0.00389183
-35.41 0.00390524
-35.21 0.00392035
-35.01 0.00393717
-34.81 0.00395571
-34.61 0.00397597
-34.41 0.00399798
-34.21 0.00402174
-34.01 0.00404728
-33.81 0.00407462
-33.61 0.00410378
-33.41 0.00413478
-33.21 0.00416767
-33.01 0.00420246
-32.81 0.00423919
-32.61 0.0042779
-32.41 0.00431863
-32.21 0.00436142
-32.01 0.00440631
-31.81 0.00445336
-31.61 0.00450262
-31.41 0.00455414
-31.21 0.00460799
-31.01 0.00466422
-30.81 0.0047229
-30.61 0.00478411
-30.41 0.00484792
-30.21 0.00491442
-30.01 0.00498368
-29.81 0.0050558
-29.61 0.00513087
-29.41 0.005209
-29.21 0.0052903
-29.01 0.00537487
-28.81 0.00546285
-28.61 0.00555436
-28.41 0.00564953
-28.21 0.00574851
-28.01 0.00585146
-27.81 0.00595854
-27.61 0.00606992
-27.41 0.00618578
-27.21 0.00630633
-27.01 0.00643176
-26.81 0.0065623
-26.61 0.00669818
-26.41 0.00683966
-26.21 0.00698699
-26.01 0.00714047
-25.81 0.00730039
-25.61 0.00746708
-25.41 0.00764088
-25.21 0.00782216
-25.01 0.00801131
-24.81 0.00820876
-24.61 0.00841496
-24.41 0.00863039
-24.21 0.00885558
-24.01 0.00909108
-23.81 0.00933749
-23.61 0.00959547
-23.41 0.00986572
-23.21 0.010149
-23.01 0.0104461
-22.81 0.0107579
-22.61 0.0110854
-22.41 0.0114295
-22.21 0.0117916
-22.01 0.0121727
-21.81 0.0125742
-21.61 0.0129975
-21.41 0.0134443
-21.21 0.0139163
-21.01 0.0144154
-20.81 0.0149436
-20.61 0.0155034
-20.41 0.0160973
-20.21 0.0167281
-20.01 0.0173988
-19.81 0.018113
-19.61 0.0188744
-19.41 0.0196874
-19.21 0.0205567
-19.01 0.0214876
-18.81 0.0224861
-18.61 0.023559
-18.41 0.0247137
-18.21 0.0259587
-18.01 0.0273037
-17.81 0.0287596
-17.61 0.0303387
-17.41 0.0320552
-17.21 0.0339249
-17.01 0.0359662
-16.81 0.0381999
-16.61 0.0406497
-16.41 0.0433427
-16.21 0.0463097
-16.01 0.0495856
-15.81 0.0532095
-15.61 0.0572253
-15.41 0.0616807
-15.21 0.0666269
-15.01 0.0721164
-14.81 0.078199
-14.61 0.084916
-14.41 0.0922896
-14.21 0.100307
-14.01 0.108897
-13.81 0.1179
-13.61 0.127032
-13.41 0.135848
-13.21 0.143725
-13.01 0.149889
-12.81 0.153509
-12.61 0.153867
-12.41 0.150564
-12.21 0.143672
-12.01 0.133756
-11.81 0.121732
-11.61 0.108633
-11.41 0.0953925
-11.21 0.0827184
-11.01 0.0710564
-10.81 0.0606271
-10.61 0.0514859
-10.41 0.0435843
-10.21 0.0368174
-10.01 0.0310564
-9.81 0.0261693
-9.61 0.0220312
-9.41 0.0185301
-9.21 0.0155681
-9.01 0.0130612
-8.81 0.0109383
-8.61 0.0091396
-8.41 0.00761494
-8.21 0.0063223
-8.01 0.00522654
-7.81 0.0042982
-7.61 0.00351259
-7.41 0.0028489
-7.21 0.00228961
-7.01 0.00181991
-6.81 0.00142722
-6.61 0.00110087
-6.41 0.000831751
-6.21 0.000612086
-6.01 0.000435207
-5.81 0.000295392
-5.61 0.000187721
-5.41 0.000107951
-5.21 5.24271e-05
-5.01 1.79889e-05
-4.81 1.90747e-06
