0.0333333 0.101173
0.1 0.100794
0.166667 0.100039
0.233333 0.0989155
0.3 0.0974354
0.366667 0.0956138
0.433333 0.0934692
0.5 0.0910236
0.566667 0.088302
0.633333 0.0853318
0.7 0.0821424
0.766667 0.078765
0.833333 0.0752321
0.9 0.0715769
0.966667 0.0678329
1.03333 0.0640333
1.1 0.0602108
1.16667 0.0563971
1.23333 0.0526224
1.3 0.0489149
1.36667 0.0453009
1.43333 0.041804
1.5 0.0384453
1.56667 0.0352429
1.63333 0.0322117
1.7 0.0293639
1.76667 0.0267081
1.83333 0.0242502
1.9 0.0219926
1.96667 0.0199354
2.03333 0.0180754
2.1 0.0164073
2.16667 0.0149235
2.23333 0.0136145
2.3 0.012469
2.36667 0.0114747
2.43333 0.0106183
2.5 0.0098856
2.56667 0.00926248
2.63333 0.00873465
2.7 0.00828818
2.76667 0.00790967
2.83333 0.00758651
2.9 0.00730706
2.96667 0.00706077
3.03333 0.00683829
3.1 0.00663155
3.16667 0.00643375
3.23333 0.00623938
3.3 0.00604415
3.36667 0.0058449
3.43333 0.00563955
3.5 0.00542695
3.56667 0.00520673
3.63333 0.00497924
3.7 0.00474534
3.76667 0.00450632
3.83333 0.00426375
3.9 0.00401937
3.96667 0.00377501
4.03333 0.0035325
4.1 0.00329359
4.16667 0.00305989
4.23333 0.00283286
4.3 0.00261377
4.36667 0.00240366
4.43333 0.00220338
4.5 0.00201355
4.56667 0.00183461
4.63333 0.00166679
4.7 0.00151018
4.76667 0.0013647
4.83333 0.00123016
4.9 0.00110625
4.96667 0.000992569
5.03333 0.00088867
5.1 0.000794042
5.16667 0.000708142
5.23333 0.000630406
5.3 0.000560266
5.36667 0.000497154
5.43333 0.00044051
5.5 0.000389795
5.56667 0.00034449
5.63333 0.000304103
5.7 0.00026817
5.76667 0.000236258
5.83333 0.000207963
5.9 0.000182915
5.96667 0.000160771
6.03333 0.00014122
6.1 0.000123979
6.16667 0.000108791
6.23333 9.54241e-05
6.3 8.36701e-05
6.36667 7.33423e-05
6.43333 6.42739e-05
6.5 5.63159e-05
6.56667 4.93361e-05
6.63333 4.32168e-05
6.7 3.78542e-05
6.76667 3.3156e-05
6.83333 2.90411e-05
6.9 2.54377e-05
6.96667 2.22828e-05
7.03333 1.95209e-05
7.1 1.71031e-05
7.16667 1.49867e-05
7.23333 1.31341e-05
7.3 1.15123e-05
7.36667 1.00925e-05
7.43333 8.8495e-06
7.5 7.76106e-06
7.56667 6.80788e-06
7.63333 5.97301e-06
7.7 5.24166e-06
7.76667 4.60087e-06
7.83333 4.03931e-06
7.9 3.54709e-06
7.96667 3.11556e-06
8.03333 2.73714e-06
8.1 2.40522e-06
8.16667 2.11403e-06
8.23333 1.8585e-06
8.3 1.63421e-06
8.36667 1.43729e-06
8.43333 1.26436e-06
8.5 1.11245e-06
8.56667 9.78988e-07
8.63333 8.61692e-07
8.7 7.58581e-07
8.76667 6.67917e-07
8.83333 5.88177e-07
8.9 5.18027e-07
8.96667 4.56299e-07
9.03333 4.01969e-07
9.1 3.54138e-07
9.16667 3.12018e-07
9.23333 2.7492e-07
9.3 2.42236e-07
9.36667 2.13435e-07
9.43333 1.88049e-07
9.5 1.6567e-07
9.56667 1.45936e-07
9.63333 1.28532e-07
9.7 1.13178e-07
9.76667 9.96316e-08
9.83333 8.76769e-08
9.9 7.71251e-08
9.96667 6.781e-08
10.0333 5.95853e-08
10.1 5.23224e-08
10.1667 4.5908e-08
10.2333 4.02423e-08
10.3 3.52374e-08
10.3667 3.08161e-08
10.4333 2.69101e-08
10.5 2.34595e-08
10.5667 2.04114e-08
10.6333 1.77191e-08
10.7 1.53416e-08
10.7667 1.32428e-08
10.8333 1.13906e-08
10.9 9.75722e-09
10.9667 8.31776e-09
11.0333 7.05055e-09
11.1 5.93646e-09
11.1667 4.95871e-09
11.2333 4.10259e-09
11.3 3.35523e-09
11.3667 2.70538e-09
11.4333 2.14331e-09
11.5 1.66057e-09
11.5667 1.24993e-09
11.6333 9.05255e-10
11.7 6.21424e-10
11.7667 3.94262e-10
11.8333 2.20497e-10
11.9 9.77326e-11
11.9667 2.44439e-11
