-202.21 3.40159e-05
-197.21 3.60885e-05
-192.21 3.84837e-05
-187.21 4.12707e-05
-182.21 4.45348e-05
-177.21 4.83814e-05
-172.21 5.29412e-05
-167.21 5.83768e-05
-162.21 6.48909e-05
-157.21 7.27374e-05
-152.21 8.2235e-05
-147.21 9.37852e-05
-142.21 0.000107895
-137.21 0.000125207
-132.21 0.000146532
-127.21 0.0001729
-122.21 0.00020561
-117.21 0.000246292
-112.21 0.000296979
-107.21 0.000360177
-102.21 0.00043893
-97.21 0.000536884
-92.21 0.000658357
-87.21 0.000808508
-82.21 0.000993848
-77.21 0.0012237
-72.21 0.00151421
-67.21 0.00189883
-62.21 0.00246347
-57.21 0.00345557
-52.21 0.00550299
-47.21 0.0106314
-44.61 0.0166471
-44.41 0.0172939
-44.21 0.0179758
-44.01 0.0186949
-43.81 0.0194536
-43.61 0.0202543
-43.41 0.0210999
-43.21 0.021993
-43.01 0.0229366
-42.81 0.0239339
-42.61 0.0249881
-42.41 0.0261026
-42.21 0.0272809
-42.01 0.0285266
-41.81 0.0298434
-41.61 0.0312348
-41.41 0.0327045
-41.21 0.0342558
-41.01 0.0358918
-40.81 0.0376154
-40.61 0.0394286
-40.41 0.0413328
-40.21 0.0433284
-40.01 0.0454143
-39.81 0.047588
-39.61 0.0498446
-39.41 0.0521771
-39.21 0.0545751
-39.01 0.0570253
-38.81 0.0595102
-38.61 0.0620083
-38.41 0.0644933
-38.21 0.0669346
-38.01 0.069297
-37.81 0.0715417
-37.61 0.0736262
-37.41 0.0755068
-37.21 0.0771393
-37.01 0.0784815
-36.81 0.079495
-36.61 0.080148
-36.41 0.0804166
-36.21 0.080286
-36.01 0.0797457
-35.81 0.0788037
-35.61 0.0774838
-35.41 0.0758206
-35.21 0.0738568
-35.01 0.0716408
-34.81 0.0692232
-34.61 0.066655
-34.41 0.0639845
-34.21 0.0612563
-34.01 0.0585097
-33.81 0.0557786
-33.61 0.0530908
-33.41 0.0504687
-33.21 0.0479296
-33.01 0.0454858
-32.81 0.043146
-32.61 0.0409154
-32.41 0.0387965
-32.21 0.0367896
-32.01 0.0348932
-31.81 0.0331049
-31.61 0.0314208
-31.41 0.0298368
-31.21 0.0283483
-31.01 0.0269503
-30.81 0.0256379
-30.61 0.0244061
-30.41 0.02325
-30.21 0.0221649
-30.01 0.0211463
-29.81 0.0201897
-29.61 0.0192912
-29.41 0.0184468
-29.21 0.0176528
-29.01 0.016906
-28.81 0.0162031
-28.61 0.0155411
-28.41 0.0149173
-28.21 0.0143292
-28.01 0.0137742
-27.81 0.0132503
-27.61 0.0127553
-27.41 0.0122873
-27.21 0.0118447
-27.01 0.0114257
-26.81 0.0110288
-26.61 0.0106526
-26.41 0.0102958
-26.21 0.00995726
-26.01 0.00963575
-25.81 0.00933026
-25.61 0.00903981
-25.41 0.0087635
-25.21 0.00850049
-25.01 0.00824999
-24.81 0.00801127
-24.61 0.00778365
-24.41 0.0075665
-24.21 0.00735921
-24.01 0.00716125
-23.81 0.00697209
-23.61 0.00679124
-23.41 0.00661826
-23.21 0.00645272
-23.01 0.00629422
-22.81 0.00614239
-22.61 0.00599688
-22.41 0.00585736
-22.21 0.00572352
-22.01 0.00559507
-21.81 0.00547173
-21.61 0.00535324
-21.41 0.00523937
-21.21 0.00512987
-21.01 0.00502454
-20.81 0.00492316
-20.61 0.00482554
-20.41 0.0047315
-20.21 0.00464085
-20.01 0.00455343
-19.81 0.00446909
-19.61 0.00438766
-19.41 0.004309
-19.21 0.00423298
-19.01 0.00415946
-18.81 0.00408831
-18.61 0.00401942
-18.41 0.00395266
-18.21 0.00388791
-18.01 0.00382508
-17.81 0.00376405
-17.61 0.00370473
-17.41 0.003647
-17.21 0.00359078
-17.01 0.00353596
-16.81 0.00348246
-16.61 0.00343018
-16.41 0.00337904
-16.21 0.00332895
-16.01 0.00327981
-15.81 0.00323155
-15.61 0.00318407
-15.41 0.0031373
-15.21 0.00309114
-15.01 0.00304552
-14.81 0.00300035
-14.61 0.00295554
-14.41 0.00291101
-14.21 0.00286667
-14.01 0.00282244
-13.81 0.00277823
-13.61 0.00273396
-13.41 0.00268953
-13.21 0.00264485
-13.01 0.00259985
-12.81 0.00255442
-12.61 0.00250847
-12.41 0.00246192
-12.21 0.00241467
-12.01 0.00236663
-11.81 0.00231771
-11.61 0.0022678
-11.41 0.00221683
-11.21 0.0021647
-11.01 0.00211131
-10.81 0.00205659
-10.61 0.00200045
-10.41 0.0019428
-10.21 0.00188356
-10.01 0.00182267
-9.81 0.00176007
-9.61 0.00169569
-9.41 0.00162948
-9.21 0.00156143
-9.01 0.00149149
-8.81 0.00141969
-8.61 0.00134602
-8.41 0.00127054
-8.21 0.00119333
-8.01 0.00111447
-7.81 0.00103413
-7.61 0.000952497
-7.41 0.000869812
-7.21 0.00078639
-7.01 0.000702618
-6.81 0.000618974
-6.61 0.000536038
-6.41 0.000454515
-6.21 0.000375257
-6.01 0.000299292
-5.81 0.000227853
-5.61 0.000162426
-5.41 0.000104799
-5.21 5.71259e-05
-5.01 2.20132e-05
-4.81 2.62355e-06
