0.0333333 -4.37533e-05
0.1 0.000122408
0.166667 0.000433394
0.233333 0.00089058
0.3 0.00148929
0.366667 0.00222213
0.433333 0.00307997
0.5 0.0040521
0.566667 0.00512651
0.633333 0.00628995
0.7 0.0075282
0.766667 0.00882621
0.833333 0.0101683
0.9 0.0115385
0.966667 0.0129204
1.03333 0.0142979
1.1 0.0156549
1.16667 0.0169759
1.23333 0.0182459
1.3 0.0194506
1.36667 0.0205771
1.43333 0.0216132
1.5 0.0225481
1.56667 0.0233727
1.63333 0.024079
1.7 0.0246608
1.76667 0.0251136
1.83333 0.0254346
1.9 0.0256226
1.96667 0.0256782
2.03333 0.0256035
2.1 0.0254024
2.16667 0.0250801
2.23333 0.0246434
2.3 0.0240999
2.36667 0.0234587
2.43333 0.0227297
2.5 0.0219233
2.56667 0.0210506
2.63333 0.0201231
2.7 0.0191522
2.76667 0.0181494
2.83333 0.0171257
2.9 0.016092
2.96667 0.0150582
3.03333 0.0140339
3.1 0.0130274
3.16667 0.0120464
3.23333 0.0110974
3.3 0.010186
3.36667 0.00931652
3.43333 0.0084925
3.5 0.00771633
3.56667 0.00698952
3.63333 0.0063127
3.7 0.00568575
3.76667 0.00510787
3.83333 0.00457772
3.9 0.00409346
3.96667 0.00365293
4.03333 0.00325369
4.1 0.00289313
4.16667 0.00256856
4.23333 0.00227722
4.3 0.00201641
4.36667 0.00178349
4.43333 0.00157593
4.5 0.00139133
4.56667 0.00122743
4.63333 0.00108212
4.7 0.000953489
4.76667 0.000839744
4.83333 0.000739273
4.9 0.000650608
4.96667 0.000572424
5.03333 0.000503532
5.1 0.000442864
5.16667 0.000389466
5.23333 0.000342486
5.3 0.000301169
5.36667 0.000264843
5.43333 0.000232912
5.5 0.00020485
5.56667 0.000180191
5.63333 0.000158524
5.7 0.000139486
5.76667 0.000122758
5.83333 0.000108059
5.9 9.51418e-05
5.96667 8.37887e-05
6.03333 7.38088e-05
6.1 6.50346e-05
6.16667 5.73187e-05
6.23333 5.0532e-05
6.3 4.45612e-05
6.36667 3.93068e-05
6.43333 3.46815e-05
6.5 3.0609e-05
6.56667 2.70222e-05
6.63333 2.38622e-05
6.7 2.10774e-05
6.76667 1.86225e-05
6.83333 1.64578e-05
6.9 1.45485e-05
6.96667 1.28639e-05
7.03333 1.13771e-05
7.1 1.00646e-05
7.16667 8.90559e-06
7.23333 7.88181e-06
7.3 6.97727e-06
7.36667 6.17785e-06
7.43333 5.47117e-06
7.5 4.8463e-06
7.56667 4.29364e-06
7.63333 3.80472e-06
7.7 3.37209e-06
7.76667 2.98919e-06
7.83333 2.65022e-06
7.9 2.35007e-06
7.96667 2.08425e-06
8.03333 1.84877e-06
8.1 1.64014e-06
8.16667 1.45525e-06
8.23333 1.29138e-06
8.3 1.1461e-06
8.36667 1.01729e-06
8.43333 9.03055e-07
8.5 8.01729e-07
8.56667 7.11838e-07
8.63333 6.3208e-07
8.7 5.613e-07
8.76667 4.98478e-07
8.83333 4.4271e-07
8.9 3.93197e-07
8.96667 3.49231e-07
9.03333 3.10184e-07
9.1 2.75501e-07
9.16667 2.44691e-07
9.23333 2.17316e-07
9.3 1.92991e-07
9.36667 1.71372e-07
9.43333 1.52156e-07
9.5 1.35075e-07
9.56667 1.19888e-07
9.63333 1.06383e-07
9.7 9.43741e-08
9.76667 8.3693e-08
9.83333 7.41919e-08
9.9 6.57396e-08
9.96667 5.82193e-08
10.0333 5.15277e-08
10.1 4.55727e-08
10.1667 4.02727e-08
10.2333 3.55554e-08
10.3 3.13562e-08
10.3667 2.76182e-08
10.4333 2.42904e-08
10.5 2.13279e-08
10.5667 1.86906e-08
10.6333 1.6343e-08
10.7 1.42534e-08
10.7667 1.2394e-08
10.8333 1.07398e-08
10.9 9.26884e-09
10.9667 7.96158e-09
11.0333 6.80074e-09
11.1 5.77107e-09
11.1667 4.85908e-09
11.2333 4.05293e-09
11.3 3.34221e-09
11.3667 2.71787e-09
11.4333 2.17203e-09
11.5 1.69794e-09
11.5667 1.28988e-09
11.6333 9.43103e-10
11.7 6.53785e-10
11.7667 4.19023e-10
11.8333 2.3682e-10
11.9 1.06116e-10
11.9667 2.68406e-11
