0.0333333 1.81939e-05
0.1 3.28575e-05
0.166667 3.44374e-05
0.233333 3.80933e-05
0.3 4.63778e-05
0.366667 6.20815e-05
0.433333 8.85941e-05
0.5 0.000129756
0.566667 0.000189701
0.633333 0.000272698
0.7 0.000383002
0.766667 0.000524694
0.833333 0.000701538
0.9 0.000916834
0.966667 0.00117329
1.03333 0.00147289
1.1 0.00181683
1.16667 0.00220539
1.23333 0.0026379
1.3 0.00311271
1.36667 0.00362719
1.43333 0.00417771
1.5 0.00475972
1.56667 0.00536783
1.63333 0.00599584
1.7 0.00663693
1.76667 0.00728375
1.83333 0.00792856
1.9 0.00856344
1.96667 0.00918039
2.03333 0.00977153
2.1 0.0103293
2.16667 0.0108465
2.23333 0.0113167
2.3 0.0117339
2.36667 0.0120932
2.43333 0.0123905
2.5 0.0126227
2.56667 0.0127878
2.63333 0.0128847
2.7 0.0129136
2.76667 0.0128754
2.83333 0.0127722
2.9 0.0126069
2.96667 0.0123831
3.03333 0.0121053
3.1 0.0117784
3.16667 0.0114078
3.23333 0.0109993
3.3 0.0105586
3.36667 0.010092
3.43333 0.00960523
3.5 0.00910422
3.56667 0.00859453
3.63333 0.0080814
3.7 0.00756971
3.76667 0.00706385
3.83333 0.00656776
3.9 0.00608487
3.96667 0.00561808
4.03333 0.00516978
4.1 0.00474186
4.16667 0.00433576
4.23333 0.00395245
4.3 0.00359252
4.36667 0.00325618
4.43333 0.00294335
4.5 0.00265366
4.56667 0.00238652
4.63333 0.00214114
4.7 0.00191661
4.76667 0.00171189
4.83333 0.00152586
4.9 0.00135738
4.96667 0.00120525
5.03333 0.00106829
5.1 0.000945324
5.16667 0.000835216
5.23333 0.000736863
5.3 0.000649215
5.36667 0.000571279
5.43333 0.000502119
5.5 0.000440867
5.56667 0.000386715
5.63333 0.00033892
5.7 0.000296801
5.76667 0.000259735
5.83333 0.00022716
5.9 0.000198564
5.96667 0.000173489
6.03333 0.000151523
6.1 0.000132296
6.16667 0.00011548
6.23333 0.000100783
6.3 8.79447e-05
6.36667 7.67358e-05
6.43333 6.69536e-05
6.5 5.84193e-05
6.56667 5.09759e-05
6.63333 4.44852e-05
6.7 3.8826e-05
6.76667 3.38923e-05
6.83333 2.95912e-05
6.9 2.58416e-05
6.96667 2.25724e-05
7.03333 1.9722e-05
7.1 1.72362e-05
7.16667 1.50681e-05
7.23333 1.31767e-05
7.3 1.15264e-05
7.36667 1.00859e-05
7.43333 8.82843e-06
7.5 7.73028e-06
7.56667 6.77101e-06
7.63333 5.93278e-06
7.7 5.2001e-06
7.76667 4.55944e-06
7.83333 3.99907e-06
7.9 3.50875e-06
7.96667 3.07957e-06
8.03333 2.70377e-06
8.1 2.3746e-06
8.16667 2.08616e-06
8.23333 1.83334e-06
8.3 1.61164e-06
8.36667 1.41717e-06
8.43333 1.24653e-06
8.5 1.09673e-06
8.56667 9.65201e-07
8.63333 8.49661e-07
8.7 7.48136e-07
8.76667 6.58895e-07
8.83333 5.80426e-07
8.9 5.11407e-07
8.96667 4.5068e-07
9.03333 3.97231e-07
9.1 3.50175e-07
9.16667 3.08733e-07
9.23333 2.72225e-07
9.3 2.40055e-07
9.36667 2.11697e-07
9.43333 1.86695e-07
9.5 1.64644e-07
9.56667 1.4519e-07
9.63333 1.28024e-07
9.7 1.12872e-07
9.76667 9.9495e-08
9.83333 8.76814e-08
9.9 7.72462e-08
9.96667 6.80263e-08
10.0333 5.98784e-08
10.1 5.26762e-08
10.1667 4.63086e-08
10.2333 4.06778e-08
10.3 3.56975e-08
10.3667 3.1292e-08
10.4333 2.73942e-08
10.5 2.39452e-08
10.5667 2.08932e-08
10.6333 1.81922e-08
10.7 1.5802e-08
10.7667 1.36869e-08
10.8333 1.18157e-08
10.9 1.01607e-08
10.9667 8.69764e-09
11.0333 7.40512e-09
11.1 6.26436e-09
11.1667 5.25888e-09
11.2333 4.37423e-09
11.3 3.59781e-09
11.3667 2.91868e-09
11.4333 2.32736e-09
11.5 1.81572e-09
11.5667 1.3769e-09
11.6333 1.00518e-09
11.7 6.95936e-10
11.7667 4.45607e-10
11.8333 2.51689e-10
11.9 1.12758e-10
11.9667 2.85353e-11
