0.0333333 -1.82024e-05
0.1 -3.24842e-05
0.166667 -3.11194e-05
0.233333 -2.51137e-05
0.3 -1.09346e-05
0.366667 1.64288e-05
0.433333 6.28483e-05
0.5 0.000134898
0.566667 0.000239667
0.633333 0.000384535
0.7 0.000576926
0.766667 0.000824061
0.833333 0.0011327
0.9 0.00150887
0.966667 0.00195768
1.03333 0.00248306
1.1 0.00308756
1.16667 0.00377222
1.23333 0.00453643
1.3 0.00537784
1.36667 0.00629227
1.43333 0.0072738
1.5 0.00831469
1.56667 0.00940557
1.63333 0.0105355
1.7 0.0116922
1.76667 0.0128623
1.83333 0.0140313
1.9 0.0151844
1.96667 0.0163062
2.03333 0.0173814
2.1 0.0183952
2.16667 0.0193333
2.23333 0.0201823
2.3 0.0209303
2.36667 0.0215669
2.43333 0.0220835
2.5 0.0224733
2.56667 0.0227321
2.63333 0.0228576
2.7 0.0228498
2.76667 0.022711
2.83333 0.0224457
2.9 0.0220603
2.96667 0.021563
3.03333 0.0209638
3.1 0.0202736
3.16667 0.0195045
3.23333 0.0186693
3.3 0.0177809
3.36667 0.0168524
3.43333 0.0158965
3.5 0.0149255
3.56667 0.0139507
3.63333 0.0129826
3.7 0.0120306
3.76667 0.0111027
3.83333 0.0102059
3.9 0.00934579
3.96667 0.0085268
4.03333 0.0077522
4.1 0.00702417
4.16667 0.00634393
4.23333 0.00571184
4.3 0.00512753
4.36667 0.00459001
4.43333 0.00409779
4.5 0.003649
4.56667 0.00324146
4.63333 0.00287279
4.7 0.00254049
4.76667 0.00224198
4.83333 0.0019747
4.9 0.0017361
4.96667 0.00152371
5.03333 0.00133517
5.1 0.00116821
5.16667 0.00102073
5.23333 0.000890737
5.3 0.000776404
5.36667 0.000676039
5.43333 0.000588096
5.5 0.000511168
5.56667 0.000443979
5.63333 0.000385379
5.7 0.000334337
5.76667 0.000289929
5.83333 0.000251334
5.9 0.000217821
5.96667 0.000188745
6.03333 0.000163536
6.1 0.000141692
6.16667 0.000122773
6.23333 0.000106394
6.3 9.22175e-05
6.36667 7.99496e-05
6.43333 6.93345e-05
6.5 6.01497e-05
6.56667 5.2202e-05
6.63333 4.53239e-05
6.7 3.93704e-05
6.76667 3.42157e-05
6.83333 2.97514e-05
6.9 2.58835e-05
6.96667 2.25311e-05
7.03333 1.96242e-05
7.1 1.71023e-05
7.16667 1.49133e-05
7.23333 1.30122e-05
7.3 1.13603e-05
7.36667 9.9241e-06
7.43333 8.67463e-06
7.5 7.58697e-06
7.56667 6.63959e-06
7.63333 5.81389e-06
7.7 5.09378e-06
7.76667 4.46537e-06
7.83333 3.91665e-06
7.9 3.4372e-06
7.96667 3.01803e-06
8.03333 2.65133e-06
8.1 2.33035e-06
8.16667 2.04922e-06
8.23333 1.80284e-06
8.3 1.5868e-06
8.36667 1.39726e-06
8.43333 1.23087e-06
8.5 1.08473e-06
8.56667 9.56307e-07
8.63333 8.43397e-07
8.7 7.44077e-07
8.76667 6.56668e-07
8.83333 5.79706e-07
8.9 5.11911e-07
8.96667 4.52165e-07
9.03333 3.9949e-07
9.1 3.53029e-07
9.16667 3.12032e-07
9.23333 2.75844e-07
9.3 2.43886e-07
9.36667 2.15655e-07
9.43333 1.90706e-07
9.5 1.68651e-07
9.56667 1.49146e-07
9.63333 1.31892e-07
9.7 1.16623e-07
9.76667 1.03107e-07
9.83333 9.11389e-08
9.9 8.0538e-08
9.96667 7.11454e-08
10.0333 6.2821e-08
10.1 5.54413e-08
10.1667 4.88971e-08
10.2333 4.30925e-08
10.3 3.79425e-08
10.3667 3.33722e-08
10.4333 2.93154e-08
10.5 2.57137e-08
10.5667 2.25155e-08
10.6333 1.96751e-08
10.7 1.71523e-08
10.7667 1.49115e-08
10.8333 1.29213e-08
10.9 1.11539e-08
10.9667 9.58492e-09
11.0333 8.19277e-09
11.1 6.95846e-09
11.1667 5.86534e-09
11.2333 4.89881e-09
11.3 4.04613e-09
11.3667 3.29625e-09
11.4333 2.63964e-09
11.5 2.06819e-09
11.5667 1.57509e-09
11.6333 1.15479e-09
11.7 8.02898e-10
11.7667 5.16221e-10
11.8333 2.92734e-10
11.9 1.31633e-10
11.9667 3.34143e-11
