-202.21 2.5036e-05
-197.21 2.48908e-05
-192.21 2.47512e-05
-187.21 2.46288e-05
-182.21 2.45377e-05
-177.21 2.44951e-05
-172.21 2.45214e-05
-167.21 2.46413e-05
-162.21 2.48834e-05
-157.21 2.52818e-05
-152.21 2.58761e-05
-147.21 2.67124e-05
-142.21 2.7844e-05
-137.21 2.93324e-05
-132.21 3.12476e-05
-127.21 3.36684e-05
-122.21 3.66821e-05
-117.21 4.03824e-05
-112.21 4.48657e-05
-107.21 5.02237e-05
-102.21 5.65335e-05
-97.21 6.38419e-05
-92.21 7.2147e-05
-87.21 8.13806e-05
-82.21 9.14013e-05
-77.21 0.000102018
-72.21 0.000113076
-67.21 0.000124655
-64.21 0.000132092
-63.21 0.000134779
-62.21 0.000137634
-61.21 0.000140675
-60.21 0.000143923
-59.21 0.0001474
-58.21 0.000151128
-57.21 0.00015513
-56.21 0.00015943
-55.21 0.000164049
-54.21 0.00016901
-53.21 0.000174328
-52.21 0.000180019
-51.21 0.000186091
-50.21 0.000192548
-49.21 0.000199384
-48.21 0.000206585
-47.21 0.000214129
-46.21 0.000221979
-45.21 0.000230091
-44.21 0.000238407
-43.21 0.00024686
-42.21 0.000255372
-41.21 0.000263858
-40.21 0.000272228
-39.21 0.000280389
-38.21 0.00028825
-37.21 0.000295723
-36.21 0.000302742
-35.21 0.000309822
-34.21 0.000317375
-33.21 0.000325386
-32.21 0.000333844
-31.21 0.000342735
-30.21 0.00035204
-29.21 0.000361733
-28.21 0.000371778
-27.21 0.000382129
-26.21 0.000392721
-25.21 0.000403471
-24.21 0.000414269
-23.21 0.000424971
-22.21 0.00043539
-21.21 0.000445282
-20.21 0.000454331
-19.21 0.000462127
-18.21 0.000468144
-17.21 0.000471705
-16.21 0.000471951
-15.21 0.000467806
-14.21 0.000457947
-13.21 0.000440807
-12.61 0.0004263
-12.41 0.000420674
-12.21 0.000414628
-12.01 0.00040815
-11.81 0.000401225
-11.61 0.000393841
-11.41 0.000385987
-11.21 0.000377653
-11.01 0.000368829
-10.81 0.000359509
-10.61 0.000349686
-10.41 0.000339359
-10.21 0.000328527
-10.01 0.000317194
-9.81 0.000305366
-9.61 0.000293055
-9.41 0.000280275
-9.21 0.000267049
-9.01 0.000253402
-8.81 0.000239366
-8.61 0.000224982
-8.41 0.000210297
-8.21 0.000195364
-8.01 0.000180247
-7.81 0.000165018
-7.61 0.000149759
-7.41 0.000134559
-7.21 0.000119519
-7.01 0.000104749
-6.81 9.03692e-05
-6.61 7.6508e-05
-6.41 6.33038e-05
-6.21 5.09032e-05
-6.01 3.94606e-05
-5.81 2.91372e-05
-5.61 2.00998e-05
-5.41 1.25198e-05
-5.21 6.57177e-06
-5.01 2.43203e-06
-4.81 2.77564e-07
