-202.21 -1.88358e-06
-197.21 -2.46126e-07
-192.21 1.64038e-06
-187.21 3.81504e-06
-182.21 6.32476e-06
-177.21 9.22616e-06
-172.21 1.2588e-05
-167.21 1.64943e-05
-162.21 2.1048e-05
-157.21 2.63762e-05
-152.21 3.26357e-05
-147.21 4.00205e-05
-142.21 4.87711e-05
-137.21 5.91847e-05
-132.21 7.16279e-05
-127.21 8.65501e-05
-122.21 0.000104498
-117.21 0.000126126
-112.21 0.000152208
-107.21 0.000183629
-102.21 0.000221371
-97.21 0.000266474
-92.21 0.00031997
-87.21 0.000382824
-82.21 0.000455928
-77.21 0.000540296
-72.21 0.0006378
-67.21 0.000753044
-62.21 0.000899591
-57.21 0.00111665
-52.21 0.00146592
-47.21 0.00205077
-42.21 0.00303554
-37.21 0.00473778
-32.21 0.00842997
-29.61 0.012609
-29.41 0.0130553
-29.21 0.0135257
-29.01 0.0140217
-28.81 0.0145454
-28.61 0.0150985
-28.41 0.0156832
-28.21 0.0163018
-28.01 0.0169568
-27.81 0.0176508
-27.61 0.0183869
-27.41 0.0191681
-27.21 0.0199979
-27.01 0.02088
-26.81 0.0218184
-26.61 0.0228176
-26.41 0.0238821
-26.21 0.0250172
-26.01 0.0262282
-25.81 0.0275209
-25.61 0.0289017
-25.41 0.0303772
-25.21 0.0319543
-25.01 0.0336404
-24.81 0.035443
-24.61 0.0373698
-24.41 0.0394284
-24.21 0.0416264
-24.01 0.0439704
-23.81 0.0464665
-23.61 0.0491191
-23.41 0.0519305
-23.21 0.0549001
-23.01 0.0580232
-22.81 0.0612902
-22.61 0.0646848
-22.41 0.068183
-22.21 0.0717511
-22.01 0.075345
-21.81 0.0789089
-21.61 0.082375
-21.41 0.0856642
-21.21 0.0886883
-21.01 0.0913533
-20.81 0.0935647
-20.61 0.0952338
-20.41 0.0962852
-20.21 0.0966634
-20.01 0.0963388
-19.81 0.095311
-19.61 0.0936095
-19.41 0.0912908
-19.21 0.0884334
-19.01 0.0851307
-18.81 0.0814834
-18.61 0.0775924
-18.41 0.0735529
-18.21 0.0694501
-18.01 0.0653567
-17.81 0.0613323
-17.61 0.0574229
-17.41 0.0536626
-17.21 0.0500747
-17.01 0.0466737
-16.81 0.043467
-16.61 0.040456
-16.41 0.0376382
-16.21 0.035008
-16.01 0.0325577
-15.81 0.0302781
-15.61 0.0281593
-15.41 0.0261913
-15.21 0.0243638
-15.01 0.0226669
-14.81 0.021091
-14.61 0.019627
-14.41 0.0182664
-14.21 0.017001
-14.01 0.0158236
-13.81 0.0147272
-13.61 0.0137055
-13.41 0.0127527
-13.21 0.0118635
-13.01 0.011033
-12.81 0.0102567
-12.61 0.0095306
-12.41 0.00885095
-12.21 0.00821439
-12.01 0.00761785
-11.81 0.0070585
-11.61 0.0065338
-11.41 0.00604142
-11.21 0.00557924
-11.01 0.00514532
-10.81 0.0047379
-10.61 0.00435538
-10.41 0.00399628
-10.21 0.00365927
-10.01 0.00334311
-9.81 0.00304668
-9.61 0.00276895
-9.41 0.00250897
-9.21 0.00226587
-9.01 0.00203884
-8.81 0.00182714
-8.61 0.00163006
-8.41 0.00144697
-8.21 0.00127727
-8.01 0.00112039
-7.81 0.000975805
-7.61 0.000843017
-7.41 0.000721558
-7.21 0.000610985
-7.01 0.000510879
-6.81 0.000420842
-6.61 0.000340499
-6.41 0.000269492
-6.21 0.000207485
-6.01 0.000154159
-5.81 0.000109212
-5.61 7.23603e-05
-5.41 4.33389e-05
-5.21 2.18992e-05
-5.01 7.81061e-06
-4.81 8.60099e-07
