0.0333333 1.07768e-05
0.1 2.20596e-05
0.166667 2.48085e-05
0.233333 2.59417e-05
0.3 2.69064e-05
0.366667 2.78453e-05
0.433333 2.87582e-05
0.5 2.96541e-05
0.566667 3.0569e-05
0.633333 3.15648e-05
0.7 3.27266e-05
0.766667 3.41596e-05
0.833333 3.59863e-05
0.9 3.83433e-05
0.966667 4.13782e-05
1.03333 4.52454e-05
1.1 5.01031e-05
1.16667 5.61086e-05
1.23333 6.34149e-05
1.3 7.21673e-05
1.36667 8.24992e-05
1.43333 9.45295e-05
1.5 0.000108359
1.56667 0.000124068
1.63333 0.000141714
1.7 0.000161327
1.76667 0.000182912
1.83333 0.000206442
1.9 0.000231859
1.96667 0.000259073
2.03333 0.000287963
2.1 0.00031837
2.16667 0.000350105
2.23333 0.000382948
2.3 0.000416647
2.36667 0.000450923
2.43333 0.000485472
2.5 0.000519973
2.56667 0.000554085
2.63333 0.00058746
2.7 0.000619742
2.76667 0.00065058
2.83333 0.000679627
2.9 0.000706554
2.96667 0.000731047
3.03333 0.000752823
3.1 0.000771628
3.16667 0.000787246
3.23333 0.000799501
3.3 0.000808261
3.36667 0.000813445
3.43333 0.000815016
3.5 0.000812989
3.56667 0.000807427
3.63333 0.000798437
3.7 0.000786173
3.76667 0.000770827
3.83333 0.000752627
3.9 0.000731831
3.96667 0.00070872
4.03333 0.000683594
4.1 0.000656764
4.16667 0.000628548
4.23333 0.000599261
4.3 0.000569215
4.36667 0.000538708
4.43333 0.000508023
4.5 0.000477426
4.56667 0.000447158
4.63333 0.000417436
4.7 0.000388452
4.76667 0.00036037
4.83333 0.000333326
4.9 0.000307432
4.96667 0.000282772
5.03333 0.000259408
5.1 0.000237377
5.16667 0.000216699
5.23333 0.000197374
5.3 0.000179387
5.36667 0.000162708
5.43333 0.000147299
5.5 0.000133111
5.56667 0.000120088
5.63333 0.000108171
5.7 9.72956e-05
5.76667 8.73966e-05
5.83333 7.84079e-05
5.9 7.0264e-05
5.96667 6.29007e-05
6.03333 5.62558e-05
6.1 5.02698e-05
6.16667 4.48859e-05
6.23333 4.00506e-05
6.3 3.57139e-05
6.36667 3.1829e-05
6.43333 2.83527e-05
6.5 2.52451e-05
6.56667 2.24695e-05
6.63333 1.99925e-05
6.7 1.77834e-05
6.76667 1.58146e-05
6.83333 1.40608e-05
6.9 1.24993e-05
6.96667 1.11097e-05
7.03333 9.87343e-06
7.1 8.77395e-06
7.16667 7.79639e-06
7.23333 6.92741e-06
7.3 6.1551e-06
7.36667 5.46881e-06
7.43333 4.85903e-06
7.5 4.31729e-06
7.56667 3.83602e-06
7.63333 3.40849e-06
7.7 3.02872e-06
7.76667 2.69137e-06
7.83333 2.3917e-06
7.9 2.12551e-06
7.96667 1.88904e-06
8.03333 1.67897e-06
8.1 1.49234e-06
8.16667 1.32652e-06
8.23333 1.1792e-06
8.3 1.04829e-06
8.36667 9.31967e-07
8.43333 8.2859e-07
8.5 7.36713e-07
8.56667 6.55051e-07
8.63333 5.82463e-07
8.7 5.17935e-07
8.76667 4.60567e-07
8.83333 4.09561e-07
8.9 3.64208e-07
8.96667 3.23876e-07
9.03333 2.88008e-07
9.1 2.56107e-07
9.16667 2.2773e-07
9.23333 2.02487e-07
9.3 1.8003e-07
9.36667 1.60049e-07
9.43333 1.4227e-07
9.5 1.26447e-07
9.56667 1.12366e-07
9.63333 9.98324e-08
9.7 8.86754e-08
9.76667 7.87427e-08
9.83333 6.98991e-08
9.9 6.20242e-08
9.96667 5.50112e-08
10.0333 4.87649e-08
10.1 4.32009e-08
10.1667 3.8244e-08
10.2333 3.38274e-08
10.3 2.98918e-08
10.3667 2.63842e-08
10.4333 2.32579e-08
10.5 2.04709e-08
10.5667 1.79862e-08
10.6333 1.57709e-08
10.7 1.37956e-08
10.7667 1.20344e-08
10.8333 1.04641e-08
10.9 9.06419e-09
10.9667 7.81663e-09
11.0333 6.70531e-09
11.1 5.71603e-09
11.1667 4.83628e-09
11.2333 4.05508e-09
11.3 3.36282e-09
11.3667 2.75116e-09
11.4333 2.21291e-09
11.5 1.74197e-09
11.5667 1.33326e-09
11.6333 9.82702e-10
11.7 6.87183e-10
11.7667 4.44589e-10
11.8333 2.53848e-10
11.9 1.15025e-10
11.9667 2.94623e-11
