0.0333333 -6.21171e-06
0.1 -1.55652e-05
0.166667 -1.92638e-05
0.233333 -2.09302e-05
0.3 -2.21731e-05
0.366667 -2.33652e-05
0.433333 -2.45694e-05
0.5 -2.57819e-05
0.566667 -2.69865e-05
0.633333 -2.8166e-05
0.7 -2.93038e-05
0.766667 -3.03819e-05
0.833333 -3.13795e-05
0.9 -3.22703e-05
0.966667 -3.30207e-05
1.03333 -3.35884e-05
1.1 -3.39206e-05
1.16667 -3.39534e-05
1.23333 -3.36111e-05
1.3 -3.2806e-05
1.36667 -3.14391e-05
1.43333 -2.94006e-05
1.5 -2.65713e-05
1.56667 -2.28245e-05
1.63333 -1.80277e-05
1.7 -1.20455e-05
1.76667 -4.74246e-06
1.83333 4.01375e-06
1.9 1.43482e-05
1.96667 2.63748e-05
2.03333 4.01917e-05
2.1 5.58765e-05
2.16667 7.34815e-05
2.23333 9.3029e-05
2.3 0.000114507
2.36667 0.000137863
2.43333 0.000163004
2.5 0.000189793
2.56667 0.000218045
2.63333 0.00024753
2.7 0.000277976
2.76667 0.000309068
2.83333 0.000340456
2.9 0.000371762
2.96667 0.000402588
3.03333 0.000432524
3.1 0.00046116
3.16667 0.000488095
3.23333 0.000512951
3.3 0.00053538
3.36667 0.000555072
3.43333 0.00057177
3.5 0.000585269
3.56667 0.000595424
3.63333 0.000602152
3.7 0.000605432
3.76667 0.000605303
3.83333 0.000601862
3.9 0.000595256
3.96667 0.000585681
4.03333 0.000573369
4.1 0.000558582
4.16667 0.000541609
4.23333 0.000522749
4.3 0.000502312
4.36667 0.000480607
4.43333 0.000457936
4.5 0.000434591
4.56667 0.000410847
4.63333 0.000386959
4.7 0.00036316
4.76667 0.000339656
4.83333 0.000316629
4.9 0.000294236
4.96667 0.000272605
5.03333 0.000251841
5.1 0.000232026
5.16667 0.000213216
5.23333 0.000195452
5.3 0.000178754
5.36667 0.000163126
5.43333 0.00014856
5.5 0.000135035
5.56667 0.000122521
5.63333 0.00011098
5.7 0.00010037
5.76667 9.06442e-05
5.83333 8.17514e-05
5.9 7.36405e-05
5.96667 6.62594e-05
6.03333 5.95566e-05
6.1 5.34812e-05
6.16667 4.79843e-05
6.23333 4.30187e-05
6.3 3.85397e-05
6.36667 3.45051e-05
6.43333 3.0875e-05
6.5 2.76127e-05
6.56667 2.46837e-05
6.63333 2.20563e-05
6.7 1.97014e-05
6.76667 1.75923e-05
6.83333 1.57045e-05
6.9 1.40158e-05
6.96667 1.25059e-05
7.03333 1.11566e-05
7.1 9.95118e-06
7.16667 8.87477e-06
7.23333 7.91382e-06
7.3 7.05619e-06
7.36667 6.29094e-06
7.43333 5.60827e-06
7.5 4.99937e-06
7.56667 4.45635e-06
7.63333 3.97214e-06
7.7 3.54042e-06
7.76667 3.15554e-06
7.83333 2.81243e-06
7.9 2.5066e-06
7.96667 2.23399e-06
8.03333 1.991e-06
8.1 1.77444e-06
8.16667 1.58142e-06
8.23333 1.40939e-06
8.3 1.25607e-06
8.36667 1.11942e-06
8.43333 9.9763e-07
8.5 8.89086e-07
8.56667 7.92344e-07
8.63333 7.0612e-07
8.7 6.29269e-07
8.76667 5.6077e-07
8.83333 4.99716e-07
8.9 4.45295e-07
8.96667 3.96785e-07
9.03333 3.53543e-07
9.1 3.14995e-07
9.16667 2.80632e-07
9.23333 2.49997e-07
9.3 2.22684e-07
9.36667 1.98333e-07
9.43333 1.76622e-07
9.5 1.57262e-07
9.56667 1.39999e-07
9.63333 1.24604e-07
9.7 1.10875e-07
9.76667 9.86296e-08
9.83333 8.77073e-08
9.9 7.79642e-08
9.96667 6.9272e-08
10.0333 6.15167e-08
10.1 5.45964e-08
10.1667 4.84206e-08
10.2333 4.29083e-08
10.3 3.79877e-08
10.3667 3.35945e-08
10.4333 2.96717e-08
10.5 2.61683e-08
10.5667 2.3039e-08
10.6333 2.02434e-08
10.7 1.77457e-08
10.7667 1.55139e-08
10.8333 1.35196e-08
10.9 1.17375e-08
10.9667 1.01454e-08
11.0333 8.72343e-09
11.1 7.45405e-09
11.1667 6.32187e-09
11.2333 5.31337e-09
11.3 4.41674e-09
11.3667 3.62177e-09
11.4333 2.91972e-09
11.5 2.30323e-09
11.5667 1.76626e-09
11.6333 1.30407e-09
11.7 9.13157e-10
11.7667 5.91335e-10
11.8333 3.37745e-10
11.9 1.52956e-10
11.9667 3.90907e-11
